#
# A fatal error has been detected by the Java Runtime Environment:
#
#  EXCEPTION_ACCESS_VIOLATION (0xc0000005) at pc=0x00007ffc79cf8ed0, pid=16708, tid=13768
#
# JRE version: OpenJDK Runtime Environment (11.0.11+9) (build 11.0.11+9-b60-7590822)
# Java VM: OpenJDK 64-Bit Server VM (11.0.11+9-b60-7590822, mixed mode, tiered, compressed oops, g1 gc, windows-amd64)
# Problematic frame:
# V  [jvm.dll+0x358ed0]
#
# No core dump will be written. Minidumps are not enabled by default on client versions of Windows
#
# If you would like to submit a bug report, please visit:
#   https://bugreport.java.com/bugreport/crash.jsp
#

---------------  S U M M A R Y ------------

Command Line: --add-opens=java.base/java.util=ALL-UNNAMED --add-opens=java.base/java.lang=ALL-UNNAMED --add-opens=java.base/java.lang.invoke=ALL-UNNAMED --add-opens=java.base/java.util=ALL-UNNAMED --add-opens=java.prefs/java.util.prefs=ALL-UNNAMED --add-opens=java.prefs/java.util.prefs=ALL-UNNAMED --add-opens=java.base/java.nio.charset=ALL-UNNAMED --add-opens=java.base/java.net=ALL-UNNAMED --add-opens=java.base/java.util.concurrent.atomic=ALL-UNNAMED -Xmx2048m -Dfile.encoding=UTF-8 -Duser.country=US -Duser.language=en -Duser.variant org.gradle.launcher.daemon.bootstrap.GradleDaemon 7.2

Host: Intel(R) Core(TM) i3-2100 CPU @ 3.10GHz, 4 cores, 7G,  Windows 10 , 64 bit Build 19041 (10.0.19041.1706)
Time: Thu May 26 18:59:52 2022 Central America Standard Time elapsed time: 2413.075705 seconds (0d 0h 40m 13s)

---------------  T H R E A D  ---------------

Current thread (0x0000018b9bfbf800):  JavaThread "C2 CompilerThread0" daemon [_thread_in_native, id=13768, stack(0x0000000afd600000,0x0000000afd700000)]


Current CompileTask:
C2:2413076 22156 %     4       com.android.tools.r8.internal.mH0::a @ 2412 (4225 bytes)

Stack: [0x0000000afd600000,0x0000000afd700000],  sp=0x0000000afd6fc150,  free space=1008k
Native frames: (J=compiled Java code, j=interpreted, Vv=VM code, C=native code)
V  [jvm.dll+0x358ed0]
V  [jvm.dll+0x352360]
V  [jvm.dll+0x198999]
V  [jvm.dll+0x1fc2ee]
V  [jvm.dll+0x1fb3d4]
V  [jvm.dll+0x183d6c]
V  [jvm.dll+0x209a57]
V  [jvm.dll+0x2082a1]
V  [jvm.dll+0x6ef58f]
V  [jvm.dll+0x6e80b5]
V  [jvm.dll+0x5f1036]
C  [ucrtbase.dll+0x21bb2]
C  [KERNEL32.DLL+0x17034]
C  [ntdll.dll+0x52651]


siginfo: EXCEPTION_ACCESS_VIOLATION (0xc0000005), reading address 0x00007ffc3a39cf18


Register to memory mapping:

RIP=0x00007ffc79cf8ed0 jvm.dll
RAX=0x00007ffc3a39cf18 is an unknown value
RBX=0x0000000000000028 is an unknown value
RCX=0x0000000000000002 is an unknown value
RDX=0x0 is NULL
RSP=0x0000000afd6fc150 is pointing into the stack for thread: 0x0000018b9bfbf800
RBP=0x0000000000000008 is an unknown value
RSI=0x00007ffc7a39cf18 jvm.dll
RDI=0x0000018b9bf940b0 points into unknown readable memory: 0x0000018b9bfb5e00 | 00 5e fb 9b 8b 01 00 00
R8 =0x0000018bac89c690 points into unknown readable memory: 0x0000000000000025 | 25 00 00 00 00 00 00 00
R9 =0x0000000afd6fc1a0 is pointing into the stack for thread: 0x0000018b9bfbf800
R10=0x0000000000000005 is an unknown value
R11=0x0000000afd6fc0b0 is pointing into the stack for thread: 0x0000018b9bfbf800
R12=0x00007ffc799a0000 jvm.dll
R13=0x0000000000000008 is an unknown value
R14=0x000000000000000a is an unknown value
R15=0x00007ffc7a39cf18 jvm.dll


Registers:
RAX=0x00007ffc3a39cf18, RBX=0x0000000000000028, RCX=0x0000000000000002, RDX=0x0000000000000000
RSP=0x0000000afd6fc150, RBP=0x0000000000000008, RSI=0x00007ffc7a39cf18, RDI=0x0000018b9bf940b0
R8 =0x0000018bac89c690, R9 =0x0000000afd6fc1a0, R10=0x0000000000000005, R11=0x0000000afd6fc0b0
R12=0x00007ffc799a0000, R13=0x0000000000000008, R14=0x000000000000000a, R15=0x00007ffc7a39cf18
RIP=0x00007ffc79cf8ed0, EFLAGS=0x0000000000010246

Top of Stack: (sp=0x0000000afd6fc150)
0x0000000afd6fc150:   0000000000000000 0000000000000000
0x0000000afd6fc160:   0000018b9bfb5e08 0000018b9bfb4700
0x0000000afd6fc170:   000000000000268a 00007ffc79cf2360
0x0000000afd6fc180:   0000018bac89c550 0000000afd6fc2c0
0x0000000afd6fc190:   000000000000268a 00007ffc7a1d0cb0
0x0000000afd6fc1a0:   0000000000000000 0000018b00000008
0x0000000afd6fc1b0:   00007ffc3a39cf18 0000000000000000
0x0000000afd6fc1c0:   0000018ba48eb1f0 0000018b00000041
0x0000000afd6fc1d0:   0000018bac89c690 0000000afd6fc748
0x0000000afd6fc1e0:   0000018ba4de9500 0000000000000000
0x0000000afd6fc1f0:   0000000afd6fc300 00007ffc79b38999
0x0000000afd6fc200:   0000000afd6fc660 0000000afd6fc748
0x0000000afd6fc210:   00000000000003d8 0000018ba4de9510
0x0000000afd6fc220:   000000000000dd00 0000000000000000
0x0000000afd6fc230:   0000000a00000006 0000018ba4de9500
0x0000000afd6fc240:   0000018babfb4590 0000018babfb5260 

Instructions: (pc=0x00007ffc79cf8ed0)
0x00007ffc79cf8dd0:   58 4c 8b 64 24 50 48 8b c3 48 83 c4 20 41 5f 5f
0x00007ffc79cf8de0:   5e 5d 5b c3 cc cc cc cc cc cc cc cc cc cc cc cc
0x00007ffc79cf8df0:   83 3a 00 4c 8b c2 c7 41 08 08 00 00 00 75 16 33
0x00007ffc79cf8e00:   d2 c7 41 18 01 00 00 00 89 11 48 8b c1 c7 41 28
0x00007ffc79cf8e10:   01 00 00 00 c3 33 d2 48 89 11 89 51 18 41 8b 80
0x00007ffc79cf8e20:   90 00 00 00 89 41 28 48 89 51 10 49 8b 40 08 48
0x00007ffc79cf8e30:   89 41 20 48 8b c1 4c 89 41 30 c3 cc cc cc cc cc
0x00007ffc79cf8e40:   48 83 ec 28 8b 51 08 4c 8b c9 83 fa 08 73 18 4c
0x00007ffc79cf8e50:   8b 41 10 8b c2 41 83 3c 80 00 0f 85 0d 01 00 00
0x00007ffc79cf8e60:   ff c2 83 fa 08 72 ec 44 8b 51 18 48 89 5c 24 30
0x00007ffc79cf8e70:   48 89 6c 24 38 48 89 74 24 40 48 89 7c 24 20 44
0x00007ffc79cf8e80:   3b 51 28 0f 83 b9 00 00 00 8b 0d ed fb 6d 00 48
0x00007ffc79cf8e90:   8d 35 82 40 6a 00 65 48 8b 04 25 58 00 00 00 bd
0x00007ffc79cf8ea0:   08 00 00 00 48 8d 3c c8 0f 1f 84 00 00 00 00 00
0x00007ffc79cf8eb0:   41 8b c2 48 8d 1c c5 00 00 00 00 49 8b 41 20 48
0x00007ffc79cf8ec0:   8b 04 03 48 3b c6 74 6d 49 89 41 10 33 d2 66 90
0x00007ffc79cf8ed0:   83 38 00 0f 85 c3 00 00 00 ff c2 48 83 c0 04 83
0x00007ffc79cf8ee0:   fa 08 72 ec 4d 8b 59 30 4d 85 db 74 48 49 8b 43
0x00007ffc79cf8ef0:   08 8b d5 48 03 17 4c 8b 04 03 48 8b 02 48 8b 88
0x00007ffc79cf8f00:   d0 04 00 00 48 8b 81 88 00 00 00 48 8b 88 88 08
0x00007ffc79cf8f10:   00 00 49 89 08 48 8b 02 48 8b 88 d0 04 00 00 48
0x00007ffc79cf8f20:   8b 81 88 00 00 00 4c 89 80 88 08 00 00 49 8b 43
0x00007ffc79cf8f30:   08 48 89 34 03 41 ff c2 45 3b 51 28 0f 82 6e ff
0x00007ffc79cf8f40:   ff ff 41 8b 41 28 41 89 41 18 33 c0 41 c7 41 08
0x00007ffc79cf8f50:   08 00 00 00 48 8b 74 24 40 48 8b 6c 24 38 48 8b
0x00007ffc79cf8f60:   5c 24 30 48 8b 7c 24 20 48 83 c4 28 c3 8b 41 18
0x00007ffc79cf8f70:   8d 0c c2 8b c2 c1 e1 05 81 e9 00 01 00 00 41 89
0x00007ffc79cf8f80:   49 04 41 8b 0c 80 8d 42 01 41 89 09 49 8b c9 41
0x00007ffc79cf8f90:   89 41 08 48 83 c4 28 e9 c4 2b e4 ff 42 8d 04 d2
0x00007ffc79cf8fa0:   c1 e0 05 41 89 41 04 49 8b 41 10 8b 0c 90 41 8d
0x00007ffc79cf8fb0:   42 01 41 89 41 18 8d 42 01 41 89 09 49 8b c9 41
0x00007ffc79cf8fc0:   89 41 08 e8 98 2b e4 ff eb 8a cc cc cc cc cc cc 


Stack slot to memory mapping:
stack at sp + 0 slots: 0x0 is NULL
stack at sp + 1 slots: 0x0 is NULL
stack at sp + 2 slots: 0x0000018b9bfb5e08 points into unknown readable memory: 0x0000018b9bfbf800 | 00 f8 fb 9b 8b 01 00 00
stack at sp + 3 slots: 0x0000018b9bfb4700 points into unknown readable memory: 0x007500730055005c | 5c 00 55 00 73 00 75 00
stack at sp + 4 slots: 0x000000000000268a is an unknown value
stack at sp + 5 slots: 0x00007ffc79cf2360 jvm.dll
stack at sp + 6 slots: 0x0000018bac89c550 points into unknown readable memory: 0x0000000000000025 | 25 00 00 00 00 00 00 00
stack at sp + 7 slots: 0x0000000afd6fc2c0 is pointing into the stack for thread: 0x0000018b9bfbf800


---------------  P R O C E S S  ---------------

Threads class SMR info:
_java_thread_list=0x0000018ba7b53f60, length=98, elements={
0x0000018b823be000, 0x0000018b9bf9f000, 0x0000018b9bfa0000, 0x0000018b9c933000,
0x0000018b9bfba000, 0x0000018b9bfbc800, 0x0000018b9bfbf800, 0x0000018b9bfc2800,
0x0000018b9bfec800, 0x0000018b9ca5f800, 0x0000018b9efc5000, 0x0000018b9efc6800,
0x0000018b9efc7800, 0x0000018b9eb67000, 0x0000018b9eb65000, 0x0000018b9eb6b800,
0x0000018b9eb65800, 0x0000018b9eb6c000, 0x0000018b9eb6d800, 0x0000018b9eb70000,
0x0000018b9eb71000, 0x0000018b9eb72800, 0x0000018b9eb73800, 0x0000018b9dad2000,
0x0000018b9dad3800, 0x0000018b9dadb000, 0x0000018b9dae0000, 0x0000018b9dade000,
0x0000018b9dadc000, 0x0000018b9dad5800, 0x0000018b9dad9800, 0x0000018ba55b6000,
0x0000018ba53ab800, 0x0000018ba53a5800, 0x0000018ba53a8000, 0x0000018ba53a9000,
0x0000018ba53ac000, 0x0000018ba53a7800, 0x0000018ba53a6800, 0x0000018ba53ad000,
0x0000018ba53ae000, 0x0000018ba53ae800, 0x0000018ba53af800, 0x0000018ba53aa000,
0x0000018ba53b2000, 0x0000018ba53b1000, 0x0000018ba53b4800, 0x0000018ba53b0800,
0x0000018ba53b3800, 0x0000018ba53b2800, 0x0000018b9dad8800, 0x0000018b9dada000,
0x0000018b9dad6000, 0x0000018b9dad7000, 0x0000018b9dad7800, 0x0000018b9dad4800,
0x0000018b9dadc800, 0x0000018b9dadf000, 0x0000018b9dadd800, 0x0000018ba55b1000,
0x0000018ba55b5000, 0x0000018ba55b0000, 0x0000018ba55b2000, 0x0000018ba55b2800,
0x0000018ba55b3800, 0x0000018ba55af800, 0x0000018b9efc6000, 0x0000018b9efc3800,
0x0000018b9efc8800, 0x0000018b9efc4000, 0x0000018b9efc2800, 0x0000018b9efc9000,
0x0000018b9eb66800, 0x0000018b9eb6d000, 0x0000018b9eb69800, 0x0000018b9eb68000,
0x0000018b9eb6a800, 0x0000018b9eb69000, 0x0000018ba6bf9800, 0x0000018ba6bfb000,
0x0000018ba6bfd000, 0x0000018ba6bfc000, 0x0000018ba6bfd800, 0x0000018ba6bfe800,
0x0000018ba6bff800, 0x0000018ba6c00000, 0x0000018ba6bfa800, 0x0000018ba6c02000,
0x0000018ba6c03800, 0x0000018ba6c05000, 0x0000018ba6c02800, 0x0000018ba6c04000,
0x0000018ba6c06000, 0x0000018ba6c06800, 0x0000018ba6c07800, 0x0000018b9d8f8000,
0x0000018ba6c08800, 0x0000018ba53aa800
}

Java Threads: ( => current thread )
  0x0000018b823be000 JavaThread "main" [_thread_blocked, id=3540, stack(0x0000000afca00000,0x0000000afcb00000)]
  0x0000018b9bf9f000 JavaThread "Reference Handler" daemon [_thread_blocked, id=13520, stack(0x0000000afd100000,0x0000000afd200000)]
  0x0000018b9bfa0000 JavaThread "Finalizer" daemon [_thread_blocked, id=18608, stack(0x0000000afd200000,0x0000000afd300000)]
  0x0000018b9c933000 JavaThread "Signal Dispatcher" daemon [_thread_blocked, id=1268, stack(0x0000000afd300000,0x0000000afd400000)]
  0x0000018b9bfba000 JavaThread "Attach Listener" daemon [_thread_blocked, id=21004, stack(0x0000000afd400000,0x0000000afd500000)]
  0x0000018b9bfbc800 JavaThread "Service Thread" daemon [_thread_blocked, id=896, stack(0x0000000afd500000,0x0000000afd600000)]
=>0x0000018b9bfbf800 JavaThread "C2 CompilerThread0" daemon [_thread_in_native, id=13768, stack(0x0000000afd600000,0x0000000afd700000)]
  0x0000018b9bfc2800 JavaThread "C1 CompilerThread0" daemon [_thread_blocked, id=20388, stack(0x0000000afd700000,0x0000000afd800000)]
  0x0000018b9bfec800 JavaThread "Sweeper thread" daemon [_thread_blocked, id=7924, stack(0x0000000afd800000,0x0000000afd900000)]
  0x0000018b9ca5f800 JavaThread "Common-Cleaner" daemon [_thread_blocked, id=8824, stack(0x0000000afd900000,0x0000000afda00000)]
  0x0000018b9efc5000 JavaThread "Daemon health stats" [_thread_blocked, id=19408, stack(0x0000000afde00000,0x0000000afdf00000)]
  0x0000018b9efc6800 JavaThread "Incoming local TCP Connector on port 61737" [_thread_in_native, id=15556, stack(0x0000000afdb00000,0x0000000afdc00000)]
  0x0000018b9efc7800 JavaThread "Daemon periodic checks" [_thread_blocked, id=16612, stack(0x0000000afdf00000,0x0000000afe000000)]
  0x0000018b9eb67000 JavaThread "Cache worker for journal cache (C:\Users\Usuario\.gradle\caches\journal-1)" [_thread_blocked, id=21416, stack(0x0000000afe800000,0x0000000afe900000)]
  0x0000018b9eb65000 JavaThread "File lock request listener" [_thread_in_native, id=11096, stack(0x0000000afe900000,0x0000000afea00000)]
  0x0000018b9eb6b800 JavaThread "Cache worker for file hash cache (C:\Users\Usuario\.gradle\caches\7.2\fileHashes)" [_thread_blocked, id=18144, stack(0x0000000afea00000,0x0000000afeb00000)]
  0x0000018b9eb65800 JavaThread "File watcher server" daemon [_thread_in_native, id=16700, stack(0x0000000afec00000,0x0000000afed00000)]
  0x0000018b9eb6c000 JavaThread "File watcher consumer" daemon [_thread_blocked, id=16024, stack(0x0000000afed00000,0x0000000afee00000)]
  0x0000018b9eb6d800 JavaThread "Cache worker for execution history cache (C:\Users\Usuario\.gradle\caches\7.2\executionHistory)" [_thread_blocked, id=18536, stack(0x0000000aff200000,0x0000000aff300000)]
  0x0000018b9eb70000 JavaThread "jar transforms" [_thread_blocked, id=15648, stack(0x0000000aff300000,0x0000000aff400000)]
  0x0000018b9eb71000 JavaThread "Cache worker for file content cache (C:\Users\Usuario\.gradle\caches\7.2\fileContent)" [_thread_blocked, id=4832, stack(0x0000000aff400000,0x0000000aff500000)]
  0x0000018b9eb72800 JavaThread "jar transforms Thread 2" [_thread_blocked, id=13616, stack(0x0000000aff500000,0x0000000aff600000)]
  0x0000018b9eb73800 JavaThread "jar transforms Thread 3" [_thread_blocked, id=6528, stack(0x0000000aff700000,0x0000000aff800000)]
  0x0000018b9dad2000 JavaThread "jar transforms Thread 4" [_thread_blocked, id=12144, stack(0x0000000a82000000,0x0000000a82100000)]
  0x0000018b9dad3800 JavaThread "Memory manager" [_thread_blocked, id=7716, stack(0x0000000a82200000,0x0000000a82300000)]
  0x0000018b9dadb000 JavaThread "RMI Scheduler(0)" daemon [_thread_blocked, id=9524, stack(0x0000000a82100000,0x0000000a82200000)]
  0x0000018b9dae0000 JavaThread "RMI GC Daemon" daemon [_thread_blocked, id=13600, stack(0x0000000a82c00000,0x0000000a82d00000)]
  0x0000018b9dade000 JavaThread "RMI TCP Accept-0" daemon [_thread_in_native, id=13584, stack(0x0000000a82d00000,0x0000000a82e00000)]
  0x0000018b9dadc000 JavaThread "RMI Reaper" [_thread_blocked, id=2880, stack(0x0000000a82e00000,0x0000000a82f00000)]
  0x0000018b9dad5800 JavaThread "Daemon Thread 2" [_thread_blocked, id=15196, stack(0x0000000a80100000,0x0000000a80200000)]
  0x0000018b9dad9800 JavaThread "Daemon worker Thread 2" [_thread_blocked, id=9656, stack(0x0000000a80400000,0x0000000a80500000)]
  0x0000018ba55b6000 JavaThread "RMI TCP Connection(idle)" daemon [_thread_blocked, id=15552, stack(0x0000000a80600000,0x0000000a80700000)]
  0x0000018ba53ab800 JavaThread "Handler for socket connection from /127.0.0.1:61737 to /127.0.0.1:55803" [_thread_in_native, id=10212, stack(0x0000000a80000000,0x0000000a80100000)]
  0x0000018ba53a5800 JavaThread "Cancel handler" [_thread_blocked, id=13256, stack(0x0000000a80200000,0x0000000a80300000)]
  0x0000018ba53a8000 JavaThread "Asynchronous log dispatcher for DefaultDaemonConnection: socket connection from /127.0.0.1:61737 to /127.0.0.1:55803" [_thread_blocked, id=15020, stack(0x0000000a80300000,0x0000000a80400000)]
  0x0000018ba53a9000 JavaThread "Stdin handler" [_thread_blocked, id=11856, stack(0x0000000a80500000,0x0000000a80600000)]
  0x0000018ba53ac000 JavaThread "Daemon client event forwarder" [_thread_blocked, id=18420, stack(0x0000000a80700000,0x0000000a80800000)]
  0x0000018ba53a7800 JavaThread "Cache worker for file hash cache (C:\Users\Usuario\AndroidStudioProjects\ProyectoLugares\.gradle\7.2\fileHashes)" [_thread_blocked, id=16672, stack(0x0000000a80800000,0x0000000a80900000)]
  0x0000018ba53a6800 JavaThread "Cache worker for checksums cache (C:\Users\Usuario\AndroidStudioProjects\ProyectoLugares\.gradle\checksums)" [_thread_blocked, id=16636, stack(0x0000000a80900000,0x0000000a80a00000)]
  0x0000018ba53ad000 JavaThread "Cache worker for cache directory md-supplier (C:\Users\Usuario\.gradle\caches\7.2\md-supplier)" [_thread_blocked, id=1628, stack(0x0000000a80a00000,0x0000000a80b00000)]
  0x0000018ba53ae000 JavaThread "Cache worker for cache directory md-rule (C:\Users\Usuario\.gradle\caches\7.2\md-rule)" [_thread_blocked, id=16512, stack(0x0000000a80b00000,0x0000000a80c00000)]
  0x0000018ba53ae800 JavaThread "Cache worker for dependencies-accessors (C:\Users\Usuario\AndroidStudioProjects\ProyectoLugares\.gradle\7.2\dependencies-accessors)" [_thread_blocked, id=5336, stack(0x0000000a80c00000,0x0000000a80d00000)]
  0x0000018ba53af800 JavaThread "Cache worker for Build Output Cleanup Cache (C:\Users\Usuario\AndroidStudioProjects\ProyectoLugares\.gradle\buildOutputCleanup)" [_thread_blocked, id=7572, stack(0x0000000a80d00000,0x0000000a80e00000)]
  0x0000018ba53aa000 JavaThread "Unconstrained build operations" [_thread_blocked, id=6676, stack(0x0000000a80e00000,0x0000000a80f00000)]
  0x0000018ba53b2000 JavaThread "Unconstrained build operations Thread 2" [_thread_blocked, id=11764, stack(0x0000000a80f00000,0x0000000a81000000)]
  0x0000018ba53b1000 JavaThread "Unconstrained build operations Thread 3" [_thread_blocked, id=5144, stack(0x0000000a81000000,0x0000000a81100000)]
  0x0000018ba53b4800 JavaThread "Unconstrained build operations Thread 4" [_thread_blocked, id=748, stack(0x0000000a81100000,0x0000000a81200000)]
  0x0000018ba53b0800 JavaThread "Unconstrained build operations Thread 5" [_thread_blocked, id=8820, stack(0x0000000a81200000,0x0000000a81300000)]
  0x0000018ba53b3800 JavaThread "Unconstrained build operations Thread 6" [_thread_blocked, id=9916, stack(0x0000000a81300000,0x0000000a81400000)]
  0x0000018ba53b2800 JavaThread "Unconstrained build operations Thread 7" [_thread_blocked, id=21256, stack(0x0000000a81400000,0x0000000a81500000)]
  0x0000018b9dad8800 JavaThread "Unconstrained build operations Thread 8" [_thread_blocked, id=1848, stack(0x0000000a81500000,0x0000000a81600000)]
  0x0000018b9dada000 JavaThread "Unconstrained build operations Thread 9" [_thread_blocked, id=13236, stack(0x0000000a81600000,0x0000000a81700000)]
  0x0000018b9dad6000 JavaThread "Unconstrained build operations Thread 10" [_thread_blocked, id=14368, stack(0x0000000a81700000,0x0000000a81800000)]
  0x0000018b9dad7000 JavaThread "Unconstrained build operations Thread 11" [_thread_blocked, id=11116, stack(0x0000000a81800000,0x0000000a81900000)]
  0x0000018b9dad7800 JavaThread "Unconstrained build operations Thread 12" [_thread_blocked, id=19932, stack(0x0000000a81900000,0x0000000a81a00000)]
  0x0000018b9dad4800 JavaThread "Unconstrained build operations Thread 13" [_thread_blocked, id=21192, stack(0x0000000a81a00000,0x0000000a81b00000)]
  0x0000018b9dadc800 JavaThread "Unconstrained build operations Thread 14" [_thread_blocked, id=6728, stack(0x0000000a81b00000,0x0000000a81c00000)]
  0x0000018b9dadf000 JavaThread "Unconstrained build operations Thread 15" [_thread_blocked, id=21032, stack(0x0000000a81c00000,0x0000000a81d00000)]
  0x0000018b9dadd800 JavaThread "Unconstrained build operations Thread 16" [_thread_blocked, id=9616, stack(0x0000000a81d00000,0x0000000a81e00000)]
  0x0000018ba55b1000 JavaThread "Unconstrained build operations Thread 17" [_thread_blocked, id=960, stack(0x0000000a81e00000,0x0000000a81f00000)]
  0x0000018ba55b5000 JavaThread "Unconstrained build operations Thread 18" [_thread_blocked, id=21092, stack(0x0000000a81f00000,0x0000000a82000000)]
  0x0000018ba55b0000 JavaThread "Unconstrained build operations Thread 19" [_thread_blocked, id=10844, stack(0x0000000a82300000,0x0000000a82400000)]
  0x0000018ba55b2000 JavaThread "Unconstrained build operations Thread 20" [_thread_blocked, id=816, stack(0x0000000a82400000,0x0000000a82500000)]
  0x0000018ba55b2800 JavaThread "Unconstrained build operations Thread 21" [_thread_blocked, id=2716, stack(0x0000000a82500000,0x0000000a82600000)]
  0x0000018ba55b3800 JavaThread "Unconstrained build operations Thread 22" [_thread_blocked, id=11652, stack(0x0000000a82600000,0x0000000a82700000)]
  0x0000018ba55af800 JavaThread "Unconstrained build operations Thread 23" [_thread_blocked, id=19820, stack(0x0000000a82700000,0x0000000a82800000)]
  0x0000018b9efc6000 JavaThread "Unconstrained build operations Thread 24" [_thread_blocked, id=11284, stack(0x0000000a82800000,0x0000000a82900000)]
  0x0000018b9efc3800 JavaThread "Unconstrained build operations Thread 25" [_thread_blocked, id=16184, stack(0x0000000a82900000,0x0000000a82a00000)]
  0x0000018b9efc8800 JavaThread "Unconstrained build operations Thread 26" [_thread_blocked, id=3408, stack(0x0000000a82a00000,0x0000000a82b00000)]
  0x0000018b9efc4000 JavaThread "Unconstrained build operations Thread 27" [_thread_blocked, id=72, stack(0x0000000a82b00000,0x0000000a82c00000)]
  0x0000018b9efc2800 JavaThread "Unconstrained build operations Thread 28" [_thread_blocked, id=13536, stack(0x0000000a82f00000,0x0000000a83000000)]
  0x0000018b9efc9000 JavaThread "Unconstrained build operations Thread 29" [_thread_blocked, id=268, stack(0x0000000a83000000,0x0000000a83100000)]
  0x0000018b9eb66800 JavaThread "Unconstrained build operations Thread 30" [_thread_blocked, id=5604, stack(0x0000000a83100000,0x0000000a83200000)]
  0x0000018b9eb6d000 JavaThread "Unconstrained build operations Thread 31" [_thread_blocked, id=6564, stack(0x0000000a83200000,0x0000000a83300000)]
  0x0000018b9eb69800 JavaThread "Unconstrained build operations Thread 32" [_thread_blocked, id=17288, stack(0x0000000a83300000,0x0000000a83400000)]
  0x0000018b9eb68000 JavaThread "Unconstrained build operations Thread 33" [_thread_blocked, id=15016, stack(0x0000000a83400000,0x0000000a83500000)]
  0x0000018b9eb6a800 JavaThread "Unconstrained build operations Thread 34" [_thread_blocked, id=12044, stack(0x0000000a83500000,0x0000000a83600000)]
  0x0000018b9eb69000 JavaThread "Unconstrained build operations Thread 35" [_thread_blocked, id=20004, stack(0x0000000a83600000,0x0000000a83700000)]
  0x0000018ba6bf9800 JavaThread "Unconstrained build operations Thread 36" [_thread_blocked, id=13528, stack(0x0000000a83700000,0x0000000a83800000)]
  0x0000018ba6bfb000 JavaThread "Unconstrained build operations Thread 37" [_thread_blocked, id=17964, stack(0x0000000a83800000,0x0000000a83900000)]
  0x0000018ba6bfd000 JavaThread "Unconstrained build operations Thread 38" [_thread_blocked, id=7764, stack(0x0000000a83900000,0x0000000a83a00000)]
  0x0000018ba6bfc000 JavaThread "Unconstrained build operations Thread 39" [_thread_blocked, id=15616, stack(0x0000000a83a00000,0x0000000a83b00000)]
  0x0000018ba6bfd800 JavaThread "Unconstrained build operations Thread 40" [_thread_blocked, id=9076, stack(0x0000000a83b00000,0x0000000a83c00000)]
  0x0000018ba6bfe800 JavaThread "build event listener" [_thread_blocked, id=12436, stack(0x0000000a83d00000,0x0000000a83e00000)]
  0x0000018ba6bff800 JavaThread "Execution worker for ':'" [_thread_blocked, id=13480, stack(0x0000000a83e00000,0x0000000a83f00000)]
  0x0000018ba6c00000 JavaThread "Execution worker for ':' Thread 2" [_thread_blocked, id=9580, stack(0x0000000a83f00000,0x0000000a84000000)]
  0x0000018ba6bfa800 JavaThread "Execution worker for ':' Thread 3" [_thread_blocked, id=21320, stack(0x0000000a84000000,0x0000000a84100000)]
  0x0000018ba6c02000 JavaThread "Cache worker for execution history cache (C:\Users\Usuario\AndroidStudioProjects\ProyectoLugares\.gradle\7.2\executionHistory)" [_thread_blocked, id=18228, stack(0x0000000a84100000,0x0000000a84200000)]
  0x0000018ba6c03800 JavaThread "WorkerExecutor Queue" [_thread_in_native, id=16860, stack(0x0000000a83c00000,0x0000000a83d00000)]
  0x0000018ba6c05000 JavaThread "Cache worker for Java compile cache (C:\Users\Usuario\.gradle\caches\7.2\javaCompile)" [_thread_blocked, id=8548, stack(0x0000000a84200000,0x0000000a84300000)]
  0x0000018ba6c02800 JavaThread "Build operations" [_thread_blocked, id=6056, stack(0x0000000a84400000,0x0000000a84500000)]
  0x0000018ba6c04000 JavaThread "Build operations Thread 2" [_thread_blocked, id=20648, stack(0x0000000a84500000,0x0000000a84600000)]
  0x0000018ba6c06000 JavaThread "Build operations Thread 3" [_thread_blocked, id=18468, stack(0x0000000a84600000,0x0000000a84700000)]
  0x0000018ba6c06800 JavaThread "Build operations Thread 4" [_thread_blocked, id=11140, stack(0x0000000a84700000,0x0000000a84800000)]
  0x0000018ba6c07800 JavaThread "WorkerExecutor Queue Thread 2" [_thread_blocked, id=13572, stack(0x0000000a84300000,0x0000000a84400000)]
  0x0000018b9d8f8000 JavaThread "C2 CompilerThread1" daemon [_thread_in_native, id=14084, stack(0x0000000a84800000,0x0000000a84900000)]
  0x0000018ba6c08800 JavaThread "WorkerExecutor Queue Thread 3" [_thread_in_Java, id=19032, stack(0x0000000a84900000,0x0000000a84a00000)]
  0x0000018ba53aa800 JavaThread "WorkerExecutor Queue Thread 4" [_thread_in_native, id=7252, stack(0x0000000a84a00000,0x0000000a84b00000)]

Other Threads:
  0x0000018b9bf9a800 VMThread "VM Thread" [stack: 0x0000000afd000000,0x0000000afd100000] [id=1084]
  0x0000018b9cac5000 WatcherThread [stack: 0x0000000afda00000,0x0000000afdb00000] [id=8888]
  0x0000018b823d6800 GCTaskThread "GC Thread#0" [stack: 0x0000000afcb00000,0x0000000afcc00000] [id=4224]
  0x0000018b9cfee800 GCTaskThread "GC Thread#1" [stack: 0x0000000afdc00000,0x0000000afdd00000] [id=3484]
  0x0000018b9d150000 GCTaskThread "GC Thread#2" [stack: 0x0000000afdd00000,0x0000000afde00000] [id=14312]
  0x0000018b9e2aa800 GCTaskThread "GC Thread#3" [stack: 0x0000000afe700000,0x0000000afe800000] [id=624]
  0x0000018b82406800 ConcurrentGCThread "G1 Main Marker" [stack: 0x0000000afcc00000,0x0000000afcd00000] [id=17348]
  0x0000018b82408000 ConcurrentGCThread "G1 Conc#0" [stack: 0x0000000afcd00000,0x0000000afce00000] [id=17368]
  0x0000018b82495800 ConcurrentGCThread "G1 Refine#0" [stack: 0x0000000afce00000,0x0000000afcf00000] [id=19860]
  0x0000018b82496800 ConcurrentGCThread "G1 Young RemSet Sampling" [stack: 0x0000000afcf00000,0x0000000afd000000] [id=19988]

Threads with active compile tasks:
C2 CompilerThread02413229 22156 %     4       com.android.tools.r8.internal.mH0::a @ 2412 (4225 bytes)
C2 CompilerThread12413229 22334       4       com.android.tools.r8.internal.QE0::a (1151 bytes)

VM state:not at safepoint (normal execution)

VM Mutex/Monitor currently owned by a thread: None

Heap address: 0x0000000080000000, size: 2048 MB, Compressed Oops mode: 32-bit
Narrow klass base: 0x0000000000000000, Narrow klass shift: 3
Compressed class space size: 1073741824 Address: 0x0000000100000000

Heap:
 garbage-first heap   total 259072K, used 181248K [0x0000000080000000, 0x0000000100000000)
  region size 1024K, 61 young (62464K), 6 survivors (6144K)
 Metaspace       used 125698K, capacity 129367K, committed 129484K, reserved 1161216K
  class space    used 15931K, capacity 17296K, committed 17356K, reserved 1048576K
Heap Regions: E=young(eden), S=young(survivor), O=old, HS=humongous(starts), HC=humongous(continues), CS=collection set, F=free, A=archive, TAMS=top-at-mark-start (previous, next)
|   0|0x0000000080000000, 0x0000000080100000, 0x0000000080100000|100%| O|  |TAMS 0x0000000080100000, 0x0000000080000000| Untracked 
|   1|0x0000000080100000, 0x0000000080200000, 0x0000000080200000|100%| O|  |TAMS 0x0000000080200000, 0x0000000080100000| Complete 
|   2|0x0000000080200000, 0x0000000080300000, 0x0000000080300000|100%| O|  |TAMS 0x0000000080300000, 0x0000000080200000| Untracked 
|   3|0x0000000080300000, 0x0000000080400000, 0x0000000080400000|100%|HS|  |TAMS 0x0000000080400000, 0x0000000080300000| Complete 
|   4|0x0000000080400000, 0x0000000080500000, 0x0000000080500000|100%|HC|  |TAMS 0x0000000080500000, 0x0000000080400000| Complete 
|   5|0x0000000080500000, 0x0000000080600000, 0x0000000080600000|100%|HC|  |TAMS 0x0000000080600000, 0x0000000080500000| Complete 
|   6|0x0000000080600000, 0x0000000080700000, 0x0000000080700000|100%| O|  |TAMS 0x0000000080700000, 0x0000000080600000| Untracked 
|   7|0x0000000080700000, 0x0000000080800000, 0x0000000080800000|100%| O|  |TAMS 0x0000000080800000, 0x0000000080700000| Untracked 
|   8|0x0000000080800000, 0x0000000080900000, 0x0000000080900000|100%| O|  |TAMS 0x0000000080900000, 0x0000000080800000| Untracked 
|   9|0x0000000080900000, 0x0000000080a00000, 0x0000000080a00000|100%| O|  |TAMS 0x0000000080a00000, 0x0000000080900000| Untracked 
|  10|0x0000000080a00000, 0x0000000080b00000, 0x0000000080b00000|100%| O|  |TAMS 0x0000000080b00000, 0x0000000080a00000| Complete 
|  11|0x0000000080b00000, 0x0000000080c00000, 0x0000000080c00000|100%| O|  |TAMS 0x0000000080c00000, 0x0000000080b00000| Complete 
|  12|0x0000000080c00000, 0x0000000080d00000, 0x0000000080d00000|100%| O|  |TAMS 0x0000000080d00000, 0x0000000080c00000| Untracked 
|  13|0x0000000080d00000, 0x0000000080e00000, 0x0000000080e00000|100%| O|  |TAMS 0x0000000080e00000, 0x0000000080d00000| Untracked 
|  14|0x0000000080e00000, 0x0000000080f00000, 0x0000000080f00000|100%| O|  |TAMS 0x0000000080f00000, 0x0000000080e00000| Untracked 
|  15|0x0000000080f00000, 0x0000000081000000, 0x0000000081000000|100%| O|  |TAMS 0x0000000081000000, 0x0000000080f00000| Complete 
|  16|0x0000000081000000, 0x0000000081100000, 0x0000000081100000|100%| O|  |TAMS 0x0000000081100000, 0x0000000081000000| Complete 
|  17|0x0000000081100000, 0x0000000081200000, 0x0000000081200000|100%|HS|  |TAMS 0x0000000081200000, 0x0000000081100000| Complete 
|  18|0x0000000081200000, 0x0000000081300000, 0x0000000081300000|100%| O|  |TAMS 0x0000000081300000, 0x0000000081200000| Complete 
|  19|0x0000000081300000, 0x0000000081400000, 0x0000000081400000|100%| O|  |TAMS 0x0000000081400000, 0x0000000081300000| Untracked 
|  20|0x0000000081400000, 0x0000000081500000, 0x0000000081500000|100%| O|  |TAMS 0x0000000081500000, 0x0000000081400000| Complete 
|  21|0x0000000081500000, 0x0000000081600000, 0x0000000081600000|100%| O|  |TAMS 0x0000000081600000, 0x0000000081500000| Complete 
|  22|0x0000000081600000, 0x0000000081700000, 0x0000000081700000|100%| O|  |TAMS 0x0000000081700000, 0x0000000081600000| Complete 
|  23|0x0000000081700000, 0x0000000081800000, 0x0000000081800000|100%| O|  |TAMS 0x0000000081800000, 0x0000000081700000| Complete 
|  24|0x0000000081800000, 0x0000000081900000, 0x0000000081900000|100%| O|  |TAMS 0x0000000081900000, 0x0000000081800000| Untracked 
|  25|0x0000000081900000, 0x0000000081a00000, 0x0000000081a00000|100%| O|  |TAMS 0x0000000081a00000, 0x0000000081900000| Complete 
|  26|0x0000000081a00000, 0x0000000081b00000, 0x0000000081b00000|100%| O|  |TAMS 0x0000000081b00000, 0x0000000081a00000| Untracked 
|  27|0x0000000081b00000, 0x0000000081c00000, 0x0000000081c00000|100%| O|  |TAMS 0x0000000081c00000, 0x0000000081b00000| Complete 
|  28|0x0000000081c00000, 0x0000000081d00000, 0x0000000081d00000|100%|HS|  |TAMS 0x0000000081d00000, 0x0000000081c00000| Complete 
|  29|0x0000000081d00000, 0x0000000081e00000, 0x0000000081e00000|100%|HS|  |TAMS 0x0000000081e00000, 0x0000000081d00000| Complete 
|  30|0x0000000081e00000, 0x0000000081f00000, 0x0000000081f00000|100%|HS|  |TAMS 0x0000000081f00000, 0x0000000081e00000| Complete 
|  31|0x0000000081f00000, 0x0000000082000000, 0x0000000082000000|100%|HS|  |TAMS 0x0000000082000000, 0x0000000081f00000| Complete 
|  32|0x0000000082000000, 0x0000000082100000, 0x0000000082100000|100%|HC|  |TAMS 0x0000000082100000, 0x0000000082000000| Complete 
|  33|0x0000000082100000, 0x0000000082200000, 0x0000000082200000|100%|HC|  |TAMS 0x0000000082200000, 0x0000000082100000| Complete 
|  34|0x0000000082200000, 0x0000000082300000, 0x0000000082300000|100%|HS|  |TAMS 0x0000000082300000, 0x0000000082200000| Complete 
|  35|0x0000000082300000, 0x0000000082400000, 0x0000000082400000|100%|HC|  |TAMS 0x0000000082400000, 0x0000000082300000| Complete 
|  36|0x0000000082400000, 0x0000000082500000, 0x0000000082500000|100%| O|  |TAMS 0x0000000082500000, 0x0000000082400000| Untracked 
|  37|0x0000000082500000, 0x0000000082600000, 0x0000000082600000|100%| O|  |TAMS 0x0000000082600000, 0x0000000082500000| Complete 
|  38|0x0000000082600000, 0x0000000082700000, 0x0000000082700000|100%| O|  |TAMS 0x0000000082700000, 0x0000000082600000| Complete 
|  39|0x0000000082700000, 0x0000000082800000, 0x0000000082800000|100%| O|  |TAMS 0x0000000082800000, 0x0000000082700000| Untracked 
|  40|0x0000000082800000, 0x0000000082900000, 0x0000000082900000|100%| O|  |TAMS 0x0000000082900000, 0x0000000082800000| Untracked 
|  41|0x0000000082900000, 0x0000000082a00000, 0x0000000082a00000|100%| O|  |TAMS 0x0000000082a00000, 0x0000000082900000| Complete 
|  42|0x0000000082a00000, 0x0000000082b00000, 0x0000000082b00000|100%| O|  |TAMS 0x0000000082b00000, 0x0000000082a00000| Untracked 
|  43|0x0000000082b00000, 0x0000000082c00000, 0x0000000082c00000|100%| O|  |TAMS 0x0000000082c00000, 0x0000000082b00000| Complete 
|  44|0x0000000082c00000, 0x0000000082d00000, 0x0000000082d00000|100%| O|  |TAMS 0x0000000082d00000, 0x0000000082c00000| Untracked 
|  45|0x0000000082d00000, 0x0000000082e00000, 0x0000000082e00000|100%| O|  |TAMS 0x0000000082e00000, 0x0000000082d00000| Complete 
|  46|0x0000000082e00000, 0x0000000082f00000, 0x0000000082f00000|100%| O|  |TAMS 0x0000000082f00000, 0x0000000082e00000| Complete 
|  47|0x0000000082f00000, 0x0000000083000000, 0x0000000083000000|100%| O|  |TAMS 0x0000000083000000, 0x0000000082f00000| Untracked 
|  48|0x0000000083000000, 0x0000000083100000, 0x0000000083100000|100%| O|  |TAMS 0x0000000083100000, 0x0000000083000000| Complete 
|  49|0x0000000083100000, 0x0000000083200000, 0x0000000083200000|100%| O|  |TAMS 0x0000000083200000, 0x0000000083100000| Complete 
|  50|0x0000000083200000, 0x0000000083300000, 0x0000000083300000|100%| O|  |TAMS 0x0000000083300000, 0x0000000083200000| Untracked 
|  51|0x0000000083300000, 0x0000000083400000, 0x0000000083400000|100%| O|  |TAMS 0x0000000083400000, 0x0000000083300000| Untracked 
|  52|0x0000000083400000, 0x0000000083500000, 0x0000000083500000|100%| O|  |TAMS 0x0000000083500000, 0x0000000083400000| Complete 
|  53|0x0000000083500000, 0x0000000083600000, 0x0000000083600000|100%| O|  |TAMS 0x0000000083600000, 0x0000000083500000| Untracked 
|  54|0x0000000083600000, 0x0000000083700000, 0x0000000083700000|100%| O|  |TAMS 0x0000000083700000, 0x0000000083600000| Untracked 
|  55|0x0000000083700000, 0x0000000083800000, 0x0000000083800000|100%| O|  |TAMS 0x0000000083800000, 0x0000000083700000| Untracked 
|  56|0x0000000083800000, 0x0000000083900000, 0x0000000083900000|100%| O|  |TAMS 0x0000000083900000, 0x0000000083800000| Complete 
|  57|0x0000000083900000, 0x0000000083a00000, 0x0000000083a00000|100%| O|  |TAMS 0x0000000083a00000, 0x0000000083900000| Untracked 
|  58|0x0000000083a00000, 0x0000000083b00000, 0x0000000083b00000|100%| O|  |TAMS 0x0000000083b00000, 0x0000000083a00000| Complete 
|  59|0x0000000083b00000, 0x0000000083c00000, 0x0000000083c00000|100%| O|  |TAMS 0x0000000083c00000, 0x0000000083b00000| Untracked 
|  60|0x0000000083c00000, 0x0000000083d00000, 0x0000000083d00000|100%| O|  |TAMS 0x0000000083d00000, 0x0000000083c00000| Untracked 
|  61|0x0000000083d00000, 0x0000000083e00000, 0x0000000083e00000|100%| O|  |TAMS 0x0000000083e00000, 0x0000000083d00000| Complete 
|  62|0x0000000083e00000, 0x0000000083f00000, 0x0000000083f00000|100%| O|  |TAMS 0x0000000083f00000, 0x0000000083e00000| Complete 
|  63|0x0000000083f00000, 0x0000000084000000, 0x0000000084000000|100%| O|  |TAMS 0x0000000084000000, 0x0000000083f00000| Complete 
|  64|0x0000000084000000, 0x0000000084100000, 0x0000000084100000|100%| O|  |TAMS 0x0000000084100000, 0x0000000084000000| Complete 
|  65|0x0000000084100000, 0x0000000084200000, 0x0000000084200000|100%| O|  |TAMS 0x0000000084200000, 0x0000000084100000| Untracked 
|  66|0x0000000084200000, 0x0000000084300000, 0x0000000084300000|100%| O|  |TAMS 0x0000000084300000, 0x0000000084200000| Untracked 
|  67|0x0000000084300000, 0x0000000084400000, 0x0000000084400000|100%| O|  |TAMS 0x0000000084400000, 0x0000000084300000| Complete 
|  68|0x0000000084400000, 0x0000000084500000, 0x0000000084500000|100%| O|  |TAMS 0x0000000084500000, 0x0000000084400000| Complete 
|  69|0x0000000084500000, 0x0000000084600000, 0x0000000084600000|100%| O|  |TAMS 0x0000000084600000, 0x0000000084500000| Untracked 
|  70|0x0000000084600000, 0x0000000084700000, 0x0000000084700000|100%| O|  |TAMS 0x0000000084700000, 0x0000000084600000| Untracked 
|  71|0x0000000084700000, 0x0000000084800000, 0x0000000084800000|100%| O|  |TAMS 0x0000000084800000, 0x0000000084700000| Complete 
|  72|0x0000000084800000, 0x0000000084900000, 0x0000000084900000|100%| O|  |TAMS 0x0000000084900000, 0x0000000084800000| Untracked 
|  73|0x0000000084900000, 0x0000000084a00000, 0x0000000084a00000|100%| O|  |TAMS 0x0000000084a00000, 0x0000000084900000| Complete 
|  74|0x0000000084a00000, 0x0000000084b00000, 0x0000000084b00000|100%| O|  |TAMS 0x0000000084b00000, 0x0000000084a00000| Complete 
|  75|0x0000000084b00000, 0x0000000084c00000, 0x0000000084c00000|100%| O|  |TAMS 0x0000000084c00000, 0x0000000084b00000| Complete 
|  76|0x0000000084c00000, 0x0000000084d00000, 0x0000000084d00000|100%| O|  |TAMS 0x0000000084d00000, 0x0000000084c00000| Untracked 
|  77|0x0000000084d00000, 0x0000000084e00000, 0x0000000084e00000|100%| O|  |TAMS 0x0000000084e00000, 0x0000000084d00000| Untracked 
|  78|0x0000000084e00000, 0x0000000084f00000, 0x0000000084f00000|100%| O|  |TAMS 0x0000000084f00000, 0x0000000084e00000| Complete 
|  79|0x0000000084f00000, 0x0000000085000000, 0x0000000085000000|100%| O|  |TAMS 0x0000000085000000, 0x0000000084f00000| Untracked 
|  80|0x0000000085000000, 0x0000000085100000, 0x0000000085100000|100%| O|  |TAMS 0x0000000085100000, 0x0000000085000000| Complete 
|  81|0x0000000085100000, 0x0000000085200000, 0x0000000085200000|100%| O|  |TAMS 0x0000000085200000, 0x0000000085100000| Complete 
|  82|0x0000000085200000, 0x0000000085300000, 0x0000000085300000|100%| O|  |TAMS 0x0000000085300000, 0x0000000085200000| Complete 
|  83|0x0000000085300000, 0x0000000085400000, 0x0000000085400000|100%| O|  |TAMS 0x0000000085400000, 0x0000000085300000| Complete 
|  84|0x0000000085400000, 0x0000000085500000, 0x0000000085500000|100%| O|  |TAMS 0x0000000085500000, 0x0000000085400000| Untracked 
|  85|0x0000000085500000, 0x0000000085600000, 0x0000000085600000|100%| O|  |TAMS 0x0000000085600000, 0x0000000085500000| Complete 
|  86|0x0000000085600000, 0x0000000085700000, 0x0000000085700000|100%| O|  |TAMS 0x0000000085700000, 0x0000000085600000| Complete 
|  87|0x0000000085700000, 0x0000000085800000, 0x0000000085800000|100%| O|  |TAMS 0x0000000085800000, 0x0000000085700000| Complete 
|  88|0x0000000085800000, 0x0000000085900000, 0x0000000085900000|100%| O|  |TAMS 0x0000000085900000, 0x0000000085800000| Complete 
|  89|0x0000000085900000, 0x0000000085a00000, 0x0000000085a00000|100%| O|  |TAMS 0x0000000085a00000, 0x0000000085900000| Complete 
|  90|0x0000000085a00000, 0x0000000085b00000, 0x0000000085b00000|100%| O|  |TAMS 0x0000000085b00000, 0x0000000085a00000| Complete 
|  91|0x0000000085b00000, 0x0000000085c00000, 0x0000000085c00000|100%| O|  |TAMS 0x0000000085c00000, 0x0000000085b00000| Untracked 
|  92|0x0000000085c00000, 0x0000000085d00000, 0x0000000085d00000|100%| O|  |TAMS 0x0000000085d00000, 0x0000000085c00000| Complete 
|  93|0x0000000085d00000, 0x0000000085e00000, 0x0000000085e00000|100%| O|  |TAMS 0x0000000085e00000, 0x0000000085d00000| Complete 
|  94|0x0000000085e00000, 0x0000000085f00000, 0x0000000085f00000|100%| O|  |TAMS 0x0000000085f00000, 0x0000000085e00000| Untracked 
|  95|0x0000000085f00000, 0x0000000086000000, 0x0000000086000000|100%| O|  |TAMS 0x0000000086000000, 0x0000000085f00000| Complete 
|  96|0x0000000086000000, 0x0000000086100000, 0x0000000086100000|100%| O|  |TAMS 0x0000000086100000, 0x0000000086000000| Complete 
|  97|0x0000000086100000, 0x0000000086200000, 0x0000000086200000|100%| O|  |TAMS 0x0000000086200000, 0x0000000086100000| Complete 
|  98|0x0000000086200000, 0x0000000086300000, 0x0000000086300000|100%| O|  |TAMS 0x0000000086300000, 0x0000000086200000| Untracked 
|  99|0x0000000086300000, 0x0000000086400000, 0x0000000086400000|100%| O|  |TAMS 0x0000000086400000, 0x0000000086300000| Complete 
| 100|0x0000000086400000, 0x0000000086500000, 0x0000000086500000|100%| O|  |TAMS 0x0000000086500000, 0x0000000086400000| Untracked 
| 101|0x0000000086500000, 0x0000000086600000, 0x0000000086600000|100%| O|  |TAMS 0x0000000086600000, 0x0000000086500000| Untracked 
| 102|0x0000000086600000, 0x0000000086700000, 0x0000000086700000|100%| O|  |TAMS 0x0000000086700000, 0x0000000086600000| Untracked 
| 103|0x0000000086700000, 0x0000000086800000, 0x0000000086800000|100%| O|  |TAMS 0x0000000086800000, 0x0000000086700000| Untracked 
| 104|0x0000000086800000, 0x0000000086900000, 0x0000000086900000|100%| O|  |TAMS 0x0000000086900000, 0x0000000086800000| Untracked 
| 105|0x0000000086900000, 0x0000000086a00000, 0x0000000086a00000|100%| O|  |TAMS 0x0000000086a00000, 0x0000000086900000| Untracked 
| 106|0x0000000086a00000, 0x0000000086b00000, 0x0000000086b00000|100%| O|  |TAMS 0x0000000086b00000, 0x0000000086a00000| Untracked 
| 107|0x0000000086b00000, 0x0000000086c00000, 0x0000000086c00000|100%| O|  |TAMS 0x0000000086c00000, 0x0000000086b00000| Untracked 
| 108|0x0000000086c00000, 0x0000000086d00000, 0x0000000086d00000|100%| O|  |TAMS 0x0000000086d00000, 0x0000000086c00000| Untracked 
| 109|0x0000000086d00000, 0x0000000086e00000, 0x0000000086e00000|100%| O|  |TAMS 0x0000000086e00000, 0x0000000086d00000| Untracked 
| 110|0x0000000086e00000, 0x0000000086f00000, 0x0000000086f00000|100%| O|  |TAMS 0x0000000086f00000, 0x0000000086e00000| Untracked 
| 111|0x0000000086f00000, 0x0000000087000000, 0x0000000087000000|100%| O|  |TAMS 0x0000000087000000, 0x0000000086f00000| Untracked 
| 112|0x0000000087000000, 0x0000000087100000, 0x0000000087100000|100%| O|  |TAMS 0x0000000087100000, 0x0000000087000000| Untracked 
| 113|0x0000000087100000, 0x0000000087200000, 0x0000000087200000|100%| O|  |TAMS 0x0000000087200000, 0x0000000087100000| Untracked 
| 114|0x0000000087200000, 0x0000000087300000, 0x0000000087300000|100%| O|  |TAMS 0x0000000087300000, 0x0000000087200000| Complete 
| 115|0x0000000087300000, 0x0000000087400000, 0x0000000087400000|100%| O|  |TAMS 0x0000000087400000, 0x0000000087300000| Complete 
| 116|0x0000000087400000, 0x0000000087500000, 0x0000000087500000|100%| O|  |TAMS 0x0000000087500000, 0x0000000087400000| Untracked 
| 117|0x0000000087500000, 0x0000000087600000, 0x0000000087600000|100%| O|  |TAMS 0x0000000087600000, 0x0000000087500000| Complete 
| 118|0x0000000087600000, 0x0000000087600000, 0x0000000087700000|  0%| F|  |TAMS 0x0000000087600000, 0x0000000087600000| Untracked 
| 119|0x0000000087700000, 0x0000000087700000, 0x0000000087800000|  0%| F|  |TAMS 0x0000000087700000, 0x0000000087700000| Untracked 
| 120|0x0000000087800000, 0x0000000087800000, 0x0000000087900000|  0%| F|  |TAMS 0x0000000087800000, 0x0000000087800000| Untracked 
| 121|0x0000000087900000, 0x0000000087900000, 0x0000000087a00000|  0%| F|  |TAMS 0x0000000087900000, 0x0000000087900000| Untracked 
| 122|0x0000000087a00000, 0x0000000087a00000, 0x0000000087b00000|  0%| F|  |TAMS 0x0000000087a00000, 0x0000000087a00000| Untracked 
| 123|0x0000000087b00000, 0x0000000087b00000, 0x0000000087c00000|  0%| F|  |TAMS 0x0000000087b00000, 0x0000000087b00000| Untracked 
| 124|0x0000000087c00000, 0x0000000087c00000, 0x0000000087d00000|  0%| F|  |TAMS 0x0000000087c00000, 0x0000000087c00000| Untracked 
| 125|0x0000000087d00000, 0x0000000087d00000, 0x0000000087e00000|  0%| F|  |TAMS 0x0000000087d00000, 0x0000000087d00000| Untracked 
| 126|0x0000000087e00000, 0x0000000087e00000, 0x0000000087f00000|  0%| F|  |TAMS 0x0000000087e00000, 0x0000000087e00000| Untracked 
| 127|0x0000000087f00000, 0x0000000087f00000, 0x0000000088000000|  0%| F|  |TAMS 0x0000000087f00000, 0x0000000087f00000| Untracked 
| 128|0x0000000088000000, 0x0000000088000000, 0x0000000088100000|  0%| F|  |TAMS 0x0000000088000000, 0x0000000088000000| Untracked 
| 129|0x0000000088100000, 0x0000000088100000, 0x0000000088200000|  0%| F|  |TAMS 0x0000000088100000, 0x0000000088100000| Untracked 
| 130|0x0000000088200000, 0x0000000088200000, 0x0000000088300000|  0%| F|  |TAMS 0x0000000088200000, 0x0000000088200000| Untracked 
| 131|0x0000000088300000, 0x0000000088300000, 0x0000000088400000|  0%| F|  |TAMS 0x0000000088300000, 0x0000000088300000| Untracked 
| 132|0x0000000088400000, 0x0000000088400000, 0x0000000088500000|  0%| F|  |TAMS 0x0000000088400000, 0x0000000088400000| Untracked 
| 133|0x0000000088500000, 0x0000000088500000, 0x0000000088600000|  0%| F|  |TAMS 0x0000000088500000, 0x0000000088500000| Untracked 
| 134|0x0000000088600000, 0x0000000088600000, 0x0000000088700000|  0%| F|  |TAMS 0x0000000088600000, 0x0000000088600000| Untracked 
| 135|0x0000000088700000, 0x0000000088700000, 0x0000000088800000|  0%| F|  |TAMS 0x0000000088700000, 0x0000000088700000| Untracked 
| 136|0x0000000088800000, 0x0000000088800000, 0x0000000088900000|  0%| F|  |TAMS 0x0000000088800000, 0x0000000088800000| Untracked 
| 137|0x0000000088900000, 0x0000000088900000, 0x0000000088a00000|  0%| F|  |TAMS 0x0000000088900000, 0x0000000088900000| Untracked 
| 138|0x0000000088a00000, 0x0000000088a00000, 0x0000000088b00000|  0%| F|  |TAMS 0x0000000088a00000, 0x0000000088a00000| Untracked 
| 139|0x0000000088b00000, 0x0000000088b00000, 0x0000000088c00000|  0%| F|  |TAMS 0x0000000088b00000, 0x0000000088b00000| Untracked 
| 140|0x0000000088c00000, 0x0000000088c00000, 0x0000000088d00000|  0%| F|  |TAMS 0x0000000088c00000, 0x0000000088c00000| Untracked 
| 141|0x0000000088d00000, 0x0000000088d00000, 0x0000000088e00000|  0%| F|  |TAMS 0x0000000088d00000, 0x0000000088d00000| Untracked 
| 142|0x0000000088e00000, 0x0000000088e00000, 0x0000000088f00000|  0%| F|  |TAMS 0x0000000088e00000, 0x0000000088e00000| Untracked 
| 143|0x0000000088f00000, 0x0000000088f00000, 0x0000000089000000|  0%| F|  |TAMS 0x0000000088f00000, 0x0000000088f00000| Untracked 
| 144|0x0000000089000000, 0x0000000089000000, 0x0000000089100000|  0%| F|  |TAMS 0x0000000089000000, 0x0000000089000000| Untracked 
| 145|0x0000000089100000, 0x0000000089100000, 0x0000000089200000|  0%| F|  |TAMS 0x0000000089100000, 0x0000000089100000| Untracked 
| 146|0x0000000089200000, 0x0000000089200000, 0x0000000089300000|  0%| F|  |TAMS 0x0000000089200000, 0x0000000089200000| Untracked 
| 147|0x0000000089300000, 0x0000000089300000, 0x0000000089400000|  0%| F|  |TAMS 0x0000000089300000, 0x0000000089300000| Untracked 
| 148|0x0000000089400000, 0x0000000089400000, 0x0000000089500000|  0%| F|  |TAMS 0x0000000089400000, 0x0000000089400000| Untracked 
| 149|0x0000000089500000, 0x0000000089500000, 0x0000000089600000|  0%| F|  |TAMS 0x0000000089500000, 0x0000000089500000| Untracked 
| 150|0x0000000089600000, 0x0000000089600000, 0x0000000089700000|  0%| F|  |TAMS 0x0000000089600000, 0x0000000089600000| Untracked 
| 151|0x0000000089700000, 0x0000000089700000, 0x0000000089800000|  0%| F|  |TAMS 0x0000000089700000, 0x0000000089700000| Untracked 
| 152|0x0000000089800000, 0x0000000089800000, 0x0000000089900000|  0%| F|  |TAMS 0x0000000089800000, 0x0000000089800000| Untracked 
| 153|0x0000000089900000, 0x0000000089900000, 0x0000000089a00000|  0%| F|  |TAMS 0x0000000089900000, 0x0000000089900000| Untracked 
| 154|0x0000000089a00000, 0x0000000089a00000, 0x0000000089b00000|  0%| F|  |TAMS 0x0000000089a00000, 0x0000000089a00000| Untracked 
| 155|0x0000000089b00000, 0x0000000089b00000, 0x0000000089c00000|  0%| F|  |TAMS 0x0000000089b00000, 0x0000000089b00000| Untracked 
| 156|0x0000000089c00000, 0x0000000089c00000, 0x0000000089d00000|  0%| F|  |TAMS 0x0000000089c00000, 0x0000000089c00000| Untracked 
| 157|0x0000000089d00000, 0x0000000089d00000, 0x0000000089e00000|  0%| F|  |TAMS 0x0000000089d00000, 0x0000000089d00000| Untracked 
| 158|0x0000000089e00000, 0x0000000089e00000, 0x0000000089f00000|  0%| F|  |TAMS 0x0000000089e00000, 0x0000000089e00000| Untracked 
| 159|0x0000000089f00000, 0x0000000089f00000, 0x000000008a000000|  0%| F|  |TAMS 0x0000000089f00000, 0x0000000089f00000| Untracked 
| 160|0x000000008a000000, 0x000000008a000000, 0x000000008a100000|  0%| F|  |TAMS 0x000000008a000000, 0x000000008a000000| Untracked 
| 161|0x000000008a100000, 0x000000008a100000, 0x000000008a200000|  0%| F|  |TAMS 0x000000008a100000, 0x000000008a100000| Untracked 
| 162|0x000000008a200000, 0x000000008a200000, 0x000000008a300000|  0%| F|  |TAMS 0x000000008a200000, 0x000000008a200000| Untracked 
| 163|0x000000008a300000, 0x000000008a300000, 0x000000008a400000|  0%| F|  |TAMS 0x000000008a300000, 0x000000008a300000| Untracked 
| 164|0x000000008a400000, 0x000000008a400000, 0x000000008a500000|  0%| F|  |TAMS 0x000000008a400000, 0x000000008a400000| Untracked 
| 165|0x000000008a500000, 0x000000008a600000, 0x000000008a600000|100%| S|CS|TAMS 0x000000008a500000, 0x000000008a500000| Complete 
| 166|0x000000008a600000, 0x000000008a700000, 0x000000008a700000|100%| S|CS|TAMS 0x000000008a600000, 0x000000008a600000| Complete 
| 167|0x000000008a700000, 0x000000008a800000, 0x000000008a800000|100%| S|CS|TAMS 0x000000008a700000, 0x000000008a700000| Complete 
| 168|0x000000008a800000, 0x000000008a900000, 0x000000008a900000|100%| S|CS|TAMS 0x000000008a800000, 0x000000008a800000| Complete 
| 169|0x000000008a900000, 0x000000008aa00000, 0x000000008aa00000|100%| S|CS|TAMS 0x000000008a900000, 0x000000008a900000| Complete 
| 170|0x000000008aa00000, 0x000000008ab00000, 0x000000008ab00000|100%| S|CS|TAMS 0x000000008aa00000, 0x000000008aa00000| Complete 
| 171|0x000000008ab00000, 0x000000008ab00000, 0x000000008ac00000|  0%| F|  |TAMS 0x000000008ab00000, 0x000000008ab00000| Untracked 
| 172|0x000000008ac00000, 0x000000008ac00000, 0x000000008ad00000|  0%| F|  |TAMS 0x000000008ac00000, 0x000000008ac00000| Untracked 
| 173|0x000000008ad00000, 0x000000008ad00000, 0x000000008ae00000|  0%| F|  |TAMS 0x000000008ad00000, 0x000000008ad00000| Untracked 
| 174|0x000000008ae00000, 0x000000008ae00000, 0x000000008af00000|  0%| F|  |TAMS 0x000000008ae00000, 0x000000008ae00000| Untracked 
| 175|0x000000008af00000, 0x000000008af00000, 0x000000008b000000|  0%| F|  |TAMS 0x000000008af00000, 0x000000008af00000| Untracked 
| 176|0x000000008b000000, 0x000000008b000000, 0x000000008b100000|  0%| F|  |TAMS 0x000000008b000000, 0x000000008b000000| Untracked 
| 177|0x000000008b100000, 0x000000008b100000, 0x000000008b200000|  0%| F|  |TAMS 0x000000008b100000, 0x000000008b100000| Untracked 
| 178|0x000000008b200000, 0x000000008b200000, 0x000000008b300000|  0%| F|  |TAMS 0x000000008b200000, 0x000000008b200000| Untracked 
| 179|0x000000008b300000, 0x000000008b300000, 0x000000008b400000|  0%| F|  |TAMS 0x000000008b300000, 0x000000008b300000| Untracked 
| 180|0x000000008b400000, 0x000000008b400000, 0x000000008b500000|  0%| F|  |TAMS 0x000000008b400000, 0x000000008b400000| Untracked 
| 181|0x000000008b500000, 0x000000008b500000, 0x000000008b600000|  0%| F|  |TAMS 0x000000008b500000, 0x000000008b500000| Untracked 
| 182|0x000000008b600000, 0x000000008b600000, 0x000000008b700000|  0%| F|  |TAMS 0x000000008b600000, 0x000000008b600000| Untracked 
| 183|0x000000008b700000, 0x000000008b700000, 0x000000008b800000|  0%| F|  |TAMS 0x000000008b700000, 0x000000008b700000| Untracked 
| 184|0x000000008b800000, 0x000000008b800000, 0x000000008b900000|  0%| F|  |TAMS 0x000000008b800000, 0x000000008b800000| Untracked 
| 185|0x000000008b900000, 0x000000008b900000, 0x000000008ba00000|  0%| F|  |TAMS 0x000000008b900000, 0x000000008b900000| Untracked 
| 186|0x000000008ba00000, 0x000000008ba00000, 0x000000008bb00000|  0%| F|  |TAMS 0x000000008ba00000, 0x000000008ba00000| Untracked 
| 187|0x000000008bb00000, 0x000000008bb00000, 0x000000008bc00000|  0%| F|  |TAMS 0x000000008bb00000, 0x000000008bb00000| Untracked 
| 188|0x000000008bc00000, 0x000000008bc00000, 0x000000008bd00000|  0%| F|  |TAMS 0x000000008bc00000, 0x000000008bc00000| Untracked 
| 189|0x000000008bd00000, 0x000000008bd00000, 0x000000008be00000|  0%| F|  |TAMS 0x000000008bd00000, 0x000000008bd00000| Untracked 
| 190|0x000000008be00000, 0x000000008be00000, 0x000000008bf00000|  0%| F|  |TAMS 0x000000008be00000, 0x000000008be00000| Untracked 
| 191|0x000000008bf00000, 0x000000008bf00000, 0x000000008c000000|  0%| F|  |TAMS 0x000000008bf00000, 0x000000008bf00000| Untracked 
| 192|0x000000008c000000, 0x000000008c000000, 0x000000008c100000|  0%| F|  |TAMS 0x000000008c000000, 0x000000008c000000| Untracked 
| 193|0x000000008c100000, 0x000000008c100000, 0x000000008c200000|  0%| F|  |TAMS 0x000000008c100000, 0x000000008c100000| Untracked 
| 194|0x000000008c200000, 0x000000008c200000, 0x000000008c300000|  0%| F|  |TAMS 0x000000008c200000, 0x000000008c200000| Untracked 
| 195|0x000000008c300000, 0x000000008c300000, 0x000000008c400000|  0%| F|  |TAMS 0x000000008c300000, 0x000000008c300000| Untracked 
| 196|0x000000008c400000, 0x000000008c400000, 0x000000008c500000|  0%| F|  |TAMS 0x000000008c400000, 0x000000008c400000| Untracked 
| 197|0x000000008c500000, 0x000000008c500000, 0x000000008c600000|  0%| F|  |TAMS 0x000000008c500000, 0x000000008c500000| Untracked 
| 198|0x000000008c600000, 0x000000008c687440, 0x000000008c700000| 52%| E|  |TAMS 0x000000008c600000, 0x000000008c600000| Complete 
| 199|0x000000008c700000, 0x000000008c800000, 0x000000008c800000|100%| E|CS|TAMS 0x000000008c700000, 0x000000008c700000| Complete 
| 200|0x000000008c800000, 0x000000008c900000, 0x000000008c900000|100%| E|CS|TAMS 0x000000008c800000, 0x000000008c800000| Complete 
| 201|0x000000008c900000, 0x000000008ca00000, 0x000000008ca00000|100%| E|CS|TAMS 0x000000008c900000, 0x000000008c900000| Complete 
| 202|0x000000008ca00000, 0x000000008cb00000, 0x000000008cb00000|100%| E|CS|TAMS 0x000000008ca00000, 0x000000008ca00000| Complete 
| 203|0x000000008cb00000, 0x000000008cc00000, 0x000000008cc00000|100%| E|CS|TAMS 0x000000008cb00000, 0x000000008cb00000| Complete 
| 204|0x000000008cc00000, 0x000000008cd00000, 0x000000008cd00000|100%| E|CS|TAMS 0x000000008cc00000, 0x000000008cc00000| Complete 
| 205|0x000000008cd00000, 0x000000008ce00000, 0x000000008ce00000|100%| E|CS|TAMS 0x000000008cd00000, 0x000000008cd00000| Complete 
| 206|0x000000008ce00000, 0x000000008cf00000, 0x000000008cf00000|100%| E|CS|TAMS 0x000000008ce00000, 0x000000008ce00000| Complete 
| 207|0x000000008cf00000, 0x000000008d000000, 0x000000008d000000|100%| E|CS|TAMS 0x000000008cf00000, 0x000000008cf00000| Complete 
| 208|0x000000008d000000, 0x000000008d100000, 0x000000008d100000|100%| E|CS|TAMS 0x000000008d000000, 0x000000008d000000| Complete 
| 209|0x000000008d100000, 0x000000008d200000, 0x000000008d200000|100%| E|CS|TAMS 0x000000008d100000, 0x000000008d100000| Complete 
| 210|0x000000008d200000, 0x000000008d300000, 0x000000008d300000|100%| E|CS|TAMS 0x000000008d200000, 0x000000008d200000| Complete 
| 211|0x000000008d300000, 0x000000008d400000, 0x000000008d400000|100%| E|  |TAMS 0x000000008d300000, 0x000000008d300000| Complete 
| 212|0x000000008d400000, 0x000000008d500000, 0x000000008d500000|100%| E|CS|TAMS 0x000000008d400000, 0x000000008d400000| Complete 
| 213|0x000000008d500000, 0x000000008d600000, 0x000000008d600000|100%| E|CS|TAMS 0x000000008d500000, 0x000000008d500000| Complete 
| 214|0x000000008d600000, 0x000000008d700000, 0x000000008d700000|100%| E|CS|TAMS 0x000000008d600000, 0x000000008d600000| Complete 
| 215|0x000000008d700000, 0x000000008d800000, 0x000000008d800000|100%| E|CS|TAMS 0x000000008d700000, 0x000000008d700000| Complete 
| 216|0x000000008d800000, 0x000000008d900000, 0x000000008d900000|100%| E|CS|TAMS 0x000000008d800000, 0x000000008d800000| Complete 
| 217|0x000000008d900000, 0x000000008da00000, 0x000000008da00000|100%| E|CS|TAMS 0x000000008d900000, 0x000000008d900000| Complete 
| 218|0x000000008da00000, 0x000000008db00000, 0x000000008db00000|100%| E|CS|TAMS 0x000000008da00000, 0x000000008da00000| Complete 
| 219|0x000000008db00000, 0x000000008dc00000, 0x000000008dc00000|100%| E|CS|TAMS 0x000000008db00000, 0x000000008db00000| Complete 
| 220|0x000000008dc00000, 0x000000008dd00000, 0x000000008dd00000|100%| E|CS|TAMS 0x000000008dc00000, 0x000000008dc00000| Complete 
| 221|0x000000008dd00000, 0x000000008de00000, 0x000000008de00000|100%| E|CS|TAMS 0x000000008dd00000, 0x000000008dd00000| Complete 
| 222|0x000000008de00000, 0x000000008df00000, 0x000000008df00000|100%| E|CS|TAMS 0x000000008de00000, 0x000000008de00000| Complete 
| 223|0x000000008df00000, 0x000000008e000000, 0x000000008e000000|100%| E|CS|TAMS 0x000000008df00000, 0x000000008df00000| Complete 
| 224|0x000000008e000000, 0x000000008e100000, 0x000000008e100000|100%| E|CS|TAMS 0x000000008e000000, 0x000000008e000000| Complete 
| 225|0x000000008e100000, 0x000000008e200000, 0x000000008e200000|100%| E|CS|TAMS 0x000000008e100000, 0x000000008e100000| Complete 
| 226|0x000000008e200000, 0x000000008e300000, 0x000000008e300000|100%| E|CS|TAMS 0x000000008e200000, 0x000000008e200000| Complete 
| 227|0x000000008e300000, 0x000000008e400000, 0x000000008e400000|100%| E|CS|TAMS 0x000000008e300000, 0x000000008e300000| Complete 
| 228|0x000000008e400000, 0x000000008e500000, 0x000000008e500000|100%| E|CS|TAMS 0x000000008e400000, 0x000000008e400000| Complete 
| 229|0x000000008e500000, 0x000000008e600000, 0x000000008e600000|100%| E|CS|TAMS 0x000000008e500000, 0x000000008e500000| Complete 
| 230|0x000000008e600000, 0x000000008e700000, 0x000000008e700000|100%| E|CS|TAMS 0x000000008e600000, 0x000000008e600000| Complete 
| 231|0x000000008e700000, 0x000000008e800000, 0x000000008e800000|100%| E|CS|TAMS 0x000000008e700000, 0x000000008e700000| Complete 
| 232|0x000000008e800000, 0x000000008e900000, 0x000000008e900000|100%| E|CS|TAMS 0x000000008e800000, 0x000000008e800000| Complete 
| 233|0x000000008e900000, 0x000000008ea00000, 0x000000008ea00000|100%| E|CS|TAMS 0x000000008e900000, 0x000000008e900000| Complete 
| 234|0x000000008ea00000, 0x000000008eb00000, 0x000000008eb00000|100%| E|CS|TAMS 0x000000008ea00000, 0x000000008ea00000| Complete 
| 235|0x000000008eb00000, 0x000000008ec00000, 0x000000008ec00000|100%| E|CS|TAMS 0x000000008eb00000, 0x000000008eb00000| Complete 
| 236|0x000000008ec00000, 0x000000008ed00000, 0x000000008ed00000|100%| E|CS|TAMS 0x000000008ec00000, 0x000000008ec00000| Complete 
| 237|0x000000008ed00000, 0x000000008ee00000, 0x000000008ee00000|100%| E|CS|TAMS 0x000000008ed00000, 0x000000008ed00000| Complete 
| 238|0x000000008ee00000, 0x000000008ef00000, 0x000000008ef00000|100%| E|CS|TAMS 0x000000008ee00000, 0x000000008ee00000| Complete 
| 239|0x000000008ef00000, 0x000000008f000000, 0x000000008f000000|100%| E|CS|TAMS 0x000000008ef00000, 0x000000008ef00000| Complete 
| 240|0x000000008f000000, 0x000000008f100000, 0x000000008f100000|100%| E|CS|TAMS 0x000000008f000000, 0x000000008f000000| Complete 
| 241|0x000000008f100000, 0x000000008f200000, 0x000000008f200000|100%| E|CS|TAMS 0x000000008f100000, 0x000000008f100000| Complete 
| 242|0x000000008f200000, 0x000000008f300000, 0x000000008f300000|100%| E|CS|TAMS 0x000000008f200000, 0x000000008f200000| Complete 
| 243|0x000000008f300000, 0x000000008f400000, 0x000000008f400000|100%| E|CS|TAMS 0x000000008f300000, 0x000000008f300000| Complete 
| 244|0x000000008f400000, 0x000000008f500000, 0x000000008f500000|100%| E|CS|TAMS 0x000000008f400000, 0x000000008f400000| Complete 
| 245|0x000000008f500000, 0x000000008f600000, 0x000000008f600000|100%| E|CS|TAMS 0x000000008f500000, 0x000000008f500000| Complete 
| 246|0x000000008f600000, 0x000000008f700000, 0x000000008f700000|100%| E|CS|TAMS 0x000000008f600000, 0x000000008f600000| Complete 
| 247|0x000000008f700000, 0x000000008f800000, 0x000000008f800000|100%| E|CS|TAMS 0x000000008f700000, 0x000000008f700000| Complete 
| 248|0x000000008f800000, 0x000000008f900000, 0x000000008f900000|100%| E|CS|TAMS 0x000000008f800000, 0x000000008f800000| Complete 
| 249|0x000000008f900000, 0x000000008fa00000, 0x000000008fa00000|100%| E|CS|TAMS 0x000000008f900000, 0x000000008f900000| Complete 
| 250|0x000000008fa00000, 0x000000008fb00000, 0x000000008fb00000|100%| E|CS|TAMS 0x000000008fa00000, 0x000000008fa00000| Complete 
| 251|0x000000008fb00000, 0x000000008fc00000, 0x000000008fc00000|100%| E|CS|TAMS 0x000000008fb00000, 0x000000008fb00000| Complete 
| 252|0x000000008fc00000, 0x000000008fd00000, 0x000000008fd00000|100%| E|CS|TAMS 0x000000008fc00000, 0x000000008fc00000| Complete 

Card table byte_map: [0x0000018b952c0000,0x0000018b956c0000] _byte_map_base: 0x0000018b94ec0000

Marking Bits (Prev, Next): (CMBitMap*) 0x0000018b823fdf00, (CMBitMap*) 0x0000018b823fdec8
 Prev Bits: [0x0000018b97ac0000, 0x0000018b99ac0000)
 Next Bits: [0x0000018b95ac0000, 0x0000018b97ac0000)

Polling page: 0x0000018b80280000

Metaspace:

Usage:
  Non-class:    109.44 MB capacity,   107.19 MB ( 98%) used,     1.81 MB (  2%) free+waste,   446.81 KB ( <1%) overhead. 
      Class:     16.89 MB capacity,    15.56 MB ( 92%) used,     1.14 MB (  7%) free+waste,   198.19 KB (  1%) overhead. 
       Both:    126.33 MB capacity,   122.75 MB ( 97%) used,     2.95 MB (  2%) free+waste,   645.00 KB ( <1%) overhead. 

Virtual space:
  Non-class space:      110.00 MB reserved,     109.50 MB (>99%) committed 
      Class space:        1.00 GB reserved,      16.95 MB (  2%) committed 
             Both:        1.11 GB reserved,     126.45 MB ( 11%) committed 

Chunk freelists:
   Non-Class:  0 bytes
       Class:  0 bytes
        Both:  0 bytes

MaxMetaspaceSize: 17179869184.00 GB
CompressedClassSpaceSize: 1.00 GB

CodeHeap 'non-profiled nmethods': size=120064Kb used=15053Kb max_used=15614Kb free=105010Kb
 bounds [0x0000018b8d980000, 0x0000018b8e8c0000, 0x0000018b94ec0000]
CodeHeap 'profiled nmethods': size=120000Kb used=45969Kb max_used=46506Kb free=74030Kb
 bounds [0x0000018b86450000, 0x0000018b89220000, 0x0000018b8d980000]
CodeHeap 'non-nmethods': size=5696Kb used=2376Kb max_used=2414Kb free=3319Kb
 bounds [0x0000018b85ec0000, 0x0000018b86130000, 0x0000018b86450000]
 total_blobs=21107 nmethods=20102 adapters=915
 compilation: enabled
              stopped_count=0, restarted_count=0
 full_count=0

Compilation events (20 events):
Event: 2412.982 Thread 0x0000018b9bfc2800 22383       2       com.android.tools.r8.graph.p0$$Lambda$1683/0x0000000100fca440::apply (28 bytes)
Event: 2412.983 Thread 0x0000018b9bfc2800 nmethod 22383 0x0000018b86fdcd90 code [0x0000018b86fdcf40, 0x0000018b86fdd0a8]
Event: 2412.983 Thread 0x0000018b9bfc2800 22384       2       com.android.tools.r8.internal.Fa1::a (27 bytes)
Event: 2412.983 Thread 0x0000018b9bfc2800 nmethod 22384 0x0000018b87054e90 code [0x0000018b87055060, 0x0000018b87055238]
Event: 2412.986 Thread 0x0000018b9bfc2800 22385       2       com.android.tools.r8.internal.zH0::a (15 bytes)
Event: 2412.987 Thread 0x0000018b9bfc2800 nmethod 22385 0x0000018b87075610 code [0x0000018b870757e0, 0x0000018b87075b18]
Event: 2412.987 Thread 0x0000018b9bfc2800 22386       2       com.android.tools.r8.internal.zH0$$Lambda$1684/0x0000000100fc9840::get$Lambda (10 bytes)
Event: 2412.987 Thread 0x0000018b9bfc2800 nmethod 22386 0x0000018b87066a10 code [0x0000018b87066bc0, 0x0000018b87066db8]
Event: 2412.987 Thread 0x0000018b9bfc2800 22387       2       com.android.tools.r8.internal.zH0$$Lambda$1684/0x0000000100fc9840::<init> (15 bytes)
Event: 2412.987 Thread 0x0000018b9bfc2800 nmethod 22387 0x0000018b87090010 code [0x0000018b870901c0, 0x0000018b87090358]
Event: 2412.987 Thread 0x0000018b9bfc2800 22388       2       com.android.tools.r8.internal.zH0$$Lambda$1684/0x0000000100fc9840::apply (16 bytes)
Event: 2412.987 Thread 0x0000018b9bfc2800 nmethod 22388 0x0000018b8708fb10 code [0x0000018b8708fce0, 0x0000018b8708fec8]
Event: 2412.987 Thread 0x0000018b9bfc2800 22389       2       com.android.tools.r8.internal.zH0::a (17 bytes)
Event: 2412.988 Thread 0x0000018b9bfc2800 nmethod 22389 0x0000018b8708f710 code [0x0000018b8708f8c0, 0x0000018b8708fa48]
Event: 2412.988 Thread 0x0000018b9bfc2800 22390       2       com.android.tools.r8.internal.eX0::b (4 bytes)
Event: 2412.988 Thread 0x0000018b9bfc2800 nmethod 22390 0x0000018b864f8190 code [0x0000018b864f8340, 0x0000018b864f8418]
Event: 2412.997 Thread 0x0000018b9bfc2800 22391       2       java.util.stream.SortedOps$AbstractRefSortingSink::cancellationRequested (7 bytes)
Event: 2412.997 Thread 0x0000018b9bfc2800 nmethod 22391 0x0000018b87075290 code [0x0000018b87075440, 0x0000018b87075538]
Event: 2412.997 Thread 0x0000018b9bfc2800 22392       2       com.android.tools.r8.code.q3::<init> (7 bytes)
Event: 2412.998 Thread 0x0000018b9bfc2800 nmethod 22392 0x0000018b8708f390 code [0x0000018b8708f540, 0x0000018b8708f648]

GC Heap History (20 events):
Event: 2393.695 GC heap before
{Heap before GC invocations=67 (full 0):
 garbage-first heap   total 259072K, used 193018K [0x0000000080000000, 0x0000000100000000)
  region size 1024K, 82 young (83968K), 2 survivors (2048K)
 Metaspace       used 105217K, capacity 107763K, committed 107980K, reserved 1142784K
  class space    used 13298K, capacity 14256K, committed 14284K, reserved 1048576K
}
Event: 2393.702 GC heap after
{Heap after GC invocations=68 (full 0):
 garbage-first heap   total 259072K, used 111603K [0x0000000080000000, 0x0000000100000000)
  region size 1024K, 2 young (2048K), 2 survivors (2048K)
 Metaspace       used 105217K, capacity 107763K, committed 107980K, reserved 1142784K
  class space    used 13298K, capacity 14256K, committed 14284K, reserved 1048576K
}
Event: 2393.955 GC heap before
{Heap before GC invocations=68 (full 0):
 garbage-first heap   total 259072K, used 120819K [0x0000000080000000, 0x0000000100000000)
  region size 1024K, 12 young (12288K), 2 survivors (2048K)
 Metaspace       used 107714K, capacity 110381K, committed 110668K, reserved 1144832K
  class space    used 13624K, capacity 14577K, committed 14668K, reserved 1048576K
}
Event: 2393.965 GC heap after
{Heap after GC invocations=69 (full 0):
 garbage-first heap   total 259072K, used 105154K [0x0000000080000000, 0x0000000100000000)
  region size 1024K, 2 young (2048K), 2 survivors (2048K)
 Metaspace       used 107714K, capacity 110381K, committed 110668K, reserved 1144832K
  class space    used 13624K, capacity 14577K, committed 14668K, reserved 1048576K
}
Event: 2394.153 GC heap before
{Heap before GC invocations=69 (full 0):
 garbage-first heap   total 259072K, used 108226K [0x0000000080000000, 0x0000000100000000)
  region size 1024K, 6 young (6144K), 2 survivors (2048K)
 Metaspace       used 108688K, capacity 111381K, committed 111436K, reserved 1146880K
  class space    used 13699K, capacity 14656K, committed 14668K, reserved 1048576K
}
Event: 2394.162 GC heap after
{Heap after GC invocations=70 (full 0):
 garbage-first heap   total 259072K, used 105317K [0x0000000080000000, 0x0000000100000000)
  region size 1024K, 2 young (2048K), 2 survivors (2048K)
 Metaspace       used 108688K, capacity 111381K, committed 111436K, reserved 1146880K
  class space    used 13699K, capacity 14656K, committed 14668K, reserved 1048576K
}
Event: 2398.877 GC heap before
{Heap before GC invocations=71 (full 0):
 garbage-first heap   total 259072K, used 186213K [0x0000000080000000, 0x0000000100000000)
  region size 1024K, 80 young (81920K), 2 survivors (2048K)
 Metaspace       used 111623K, capacity 114510K, committed 114636K, reserved 1148928K
  class space    used 13982K, capacity 15013K, committed 15052K, reserved 1048576K
}
Event: 2398.893 GC heap after
{Heap after GC invocations=72 (full 0):
 garbage-first heap   total 259072K, used 111455K [0x0000000080000000, 0x0000000100000000)
  region size 1024K, 6 young (6144K), 6 survivors (6144K)
 Metaspace       used 111623K, capacity 114510K, committed 114636K, reserved 1148928K
  class space    used 13982K, capacity 15013K, committed 15052K, reserved 1048576K
}
Event: 2399.261 GC heap before
{Heap before GC invocations=72 (full 0):
 garbage-first heap   total 259072K, used 116575K [0x0000000080000000, 0x0000000100000000)
  region size 1024K, 12 young (12288K), 6 survivors (6144K)
 Metaspace       used 111623K, capacity 114510K, committed 114636K, reserved 1148928K
  class space    used 13982K, capacity 15013K, committed 15052K, reserved 1048576K
}
Event: 2399.272 GC heap after
{Heap after GC invocations=73 (full 0):
 garbage-first heap   total 259072K, used 108241K [0x0000000080000000, 0x0000000100000000)
  region size 1024K, 1 young (1024K), 1 survivors (1024K)
 Metaspace       used 111623K, capacity 114510K, committed 114636K, reserved 1148928K
  class space    used 13982K, capacity 15013K, committed 15052K, reserved 1048576K
}
Event: 2402.140 GC heap before
{Heap before GC invocations=73 (full 0):
 garbage-first heap   total 259072K, used 189137K [0x0000000080000000, 0x0000000100000000)
  region size 1024K, 81 young (82944K), 1 survivors (1024K)
 Metaspace       used 111626K, capacity 114510K, committed 114636K, reserved 1148928K
  class space    used 13982K, capacity 15013K, committed 15052K, reserved 1048576K
}
Event: 2402.148 GC heap after
{Heap after GC invocations=74 (full 0):
 garbage-first heap   total 259072K, used 110145K [0x0000000080000000, 0x0000000100000000)
  region size 1024K, 3 young (3072K), 3 survivors (3072K)
 Metaspace       used 111626K, capacity 114510K, committed 114636K, reserved 1148928K
  class space    used 13982K, capacity 15013K, committed 15052K, reserved 1048576K
}
Event: 2405.204 GC heap before
{Heap before GC invocations=75 (full 0):
 garbage-first heap   total 259072K, used 195137K [0x0000000080000000, 0x0000000100000000)
  region size 1024K, 87 young (89088K), 3 survivors (3072K)
 Metaspace       used 111877K, capacity 114817K, committed 114892K, reserved 1148928K
  class space    used 14022K, capacity 15049K, committed 15052K, reserved 1048576K
}
Event: 2405.219 GC heap after
{Heap after GC invocations=76 (full 0):
 garbage-first heap   total 259072K, used 113903K [0x0000000080000000, 0x0000000100000000)
  region size 1024K, 7 young (7168K), 7 survivors (7168K)
 Metaspace       used 111877K, capacity 114817K, committed 114892K, reserved 1148928K
  class space    used 14022K, capacity 15049K, committed 15052K, reserved 1048576K
}
Event: 2406.069 GC heap before
{Heap before GC invocations=76 (full 0):
 garbage-first heap   total 259072K, used 144623K [0x0000000080000000, 0x0000000100000000)
  region size 1024K, 38 young (38912K), 7 survivors (7168K)
 Metaspace       used 112393K, capacity 115319K, committed 115532K, reserved 1148928K
  class space    used 14092K, capacity 15130K, committed 15180K, reserved 1048576K
}
Event: 2406.082 GC heap after
{Heap after GC invocations=77 (full 0):
 garbage-first heap   total 259072K, used 113719K [0x0000000080000000, 0x0000000100000000)
  region size 1024K, 6 young (6144K), 6 survivors (6144K)
 Metaspace       used 112393K, capacity 115319K, committed 115532K, reserved 1148928K
  class space    used 14092K, capacity 15130K, committed 15180K, reserved 1048576K
}
Event: 2408.804 GC heap before
{Heap before GC invocations=78 (full 0):
 garbage-first heap   total 259072K, used 209975K [0x0000000080000000, 0x0000000100000000)
  region size 1024K, 99 young (101376K), 6 survivors (6144K)
 Metaspace       used 122409K, capacity 125798K, committed 125900K, reserved 1159168K
  class space    used 15595K, capacity 16802K, committed 16844K, reserved 1048576K
}
Event: 2408.837 GC heap after
{Heap after GC invocations=79 (full 0):
 garbage-first heap   total 259072K, used 123610K [0x0000000080000000, 0x0000000100000000)
  region size 1024K, 13 young (13312K), 13 survivors (13312K)
 Metaspace       used 122409K, capacity 125798K, committed 125900K, reserved 1159168K
  class space    used 15595K, capacity 16802K, committed 16844K, reserved 1048576K
}
Event: 2411.202 GC heap before
{Heap before GC invocations=79 (full 0):
 garbage-first heap   total 259072K, used 206554K [0x0000000080000000, 0x0000000100000000)
  region size 1024K, 95 young (97280K), 13 survivors (13312K)
 Metaspace       used 125443K, capacity 129129K, committed 129228K, reserved 1161216K
  class space    used 15927K, capacity 17293K, committed 17356K, reserved 1048576K
}
Event: 2411.423 GC heap after
{Heap after GC invocations=80 (full 0):
 garbage-first heap   total 259072K, used 127074K [0x0000000080000000, 0x0000000100000000)
  region size 1024K, 6 young (6144K), 6 survivors (6144K)
 Metaspace       used 125443K, capacity 129129K, committed 129228K, reserved 1161216K
  class space    used 15927K, capacity 17293K, committed 17356K, reserved 1048576K
}

Deoptimization events (20 events):
Event: 2411.024 Thread 0x0000018ba6c03800 DEOPT PACKING pc=0x0000018b8e8b8e94 sp=0x0000000a83cfd680
Event: 2411.024 Thread 0x0000018ba6c03800 DEOPT UNPACKING pc=0x0000018b85ee65af sp=0x0000000a83cfd608 mode 2
Event: 2411.024 Thread 0x0000018ba6c03800 Uncommon trap: trap_request=0xffffffbe fr.pc=0x0000018b8e8b8e94 relative=0x00000000000007b4
Event: 2411.024 Thread 0x0000018ba6c03800 Uncommon trap: reason=profile_predicate action=maybe_recompile pc=0x0000018b8e8b8e94 method=java.util.regex.Pattern$SliceU.match(Ljava/util/regex/Matcher;ILjava/lang/CharSequence;)Z @ 18 c2
Event: 2411.025 Thread 0x0000018ba6c03800 DEOPT PACKING pc=0x0000018b8e8b8e94 sp=0x0000000a83cfd650
Event: 2411.025 Thread 0x0000018ba6c03800 DEOPT UNPACKING pc=0x0000018b85ee65af sp=0x0000000a83cfd5d8 mode 2
Event: 2411.035 Thread 0x0000018ba6c08800 Uncommon trap: trap_request=0xffffffde fr.pc=0x0000018b8e8ba908 relative=0x00000000000000c8
Event: 2411.035 Thread 0x0000018ba6c08800 Uncommon trap: reason=class_check action=maybe_recompile pc=0x0000018b8e8ba908 method=java.util.regex.Pattern$Begin.match(Ljava/util/regex/Matcher;ILjava/lang/CharSequence;)Z @ 30 c2
Event: 2411.035 Thread 0x0000018ba6c08800 DEOPT PACKING pc=0x0000018b8e8ba908 sp=0x0000000a849fe2b0
Event: 2411.035 Thread 0x0000018ba6c08800 DEOPT UNPACKING pc=0x0000018b85ee65af sp=0x0000000a849fe230 mode 2
Event: 2411.138 Thread 0x0000018ba6c08800 Uncommon trap: trap_request=0xffffff4d fr.pc=0x0000018b8e84b8c0 relative=0x0000000000000c00
Event: 2411.138 Thread 0x0000018ba6c08800 Uncommon trap: reason=unstable_if action=reinterpret pc=0x0000018b8e84b8c0 method=com.android.tools.r8.internal.lT0.b(I[Ljava/lang/Object;)Lcom/android/tools/r8/internal/lT0; @ 185 c2
Event: 2411.138 Thread 0x0000018ba6c08800 DEOPT PACKING pc=0x0000018b8e84b8c0 sp=0x0000000a849fdb00
Event: 2411.138 Thread 0x0000018ba6c08800 DEOPT UNPACKING pc=0x0000018b85ee65af sp=0x0000000a849fdac0 mode 2
Event: 2411.915 Thread 0x0000018ba6c08800 DEOPT PACKING pc=0x0000018b86e1dd83 sp=0x0000000a849fca80
Event: 2411.915 Thread 0x0000018ba6c08800 DEOPT UNPACKING pc=0x0000018b85ee6d5e sp=0x0000000a849fbfb0 mode 0
Event: 2411.973 Thread 0x0000018ba6c08800 DEOPT PACKING pc=0x0000018b86e1dd83 sp=0x0000000a849fcb10
Event: 2411.973 Thread 0x0000018ba6c08800 DEOPT UNPACKING pc=0x0000018b85ee6d5e sp=0x0000000a849fc040 mode 0
Event: 2411.979 Thread 0x0000018ba6c08800 DEOPT PACKING pc=0x0000018b86e1dd83 sp=0x0000000a849fcb40
Event: 2411.979 Thread 0x0000018ba6c08800 DEOPT UNPACKING pc=0x0000018b85ee6d5e sp=0x0000000a849fc070 mode 0

Classes redefined (0 events):
No events

Internal exceptions (20 events):
Event: 2410.236 Thread 0x0000018ba6c07800 Exception <a 'sun/nio/fs/WindowsException'{0x000000008db0e7b8}> (0x000000008db0e7b8) thrown at [./src/hotspot/share/prims/jni.cpp, line 615]
Event: 2410.475 Thread 0x0000018ba53aa800 Exception <a 'sun/nio/fs/WindowsException'{0x000000008d88c080}> (0x000000008d88c080) thrown at [./src/hotspot/share/prims/jni.cpp, line 615]
Event: 2410.476 Thread 0x0000018ba53aa800 Exception <a 'sun/nio/fs/WindowsException'{0x000000008d88caf8}> (0x000000008d88caf8) thrown at [./src/hotspot/share/prims/jni.cpp, line 615]
Event: 2410.476 Thread 0x0000018ba53aa800 Exception <a 'sun/nio/fs/WindowsException'{0x000000008d88cc90}> (0x000000008d88cc90) thrown at [./src/hotspot/share/prims/jni.cpp, line 615]
Event: 2410.476 Thread 0x0000018ba53aa800 Exception <a 'sun/nio/fs/WindowsException'{0x000000008d88df20}> (0x000000008d88df20) thrown at [./src/hotspot/share/prims/jni.cpp, line 615]
Event: 2410.478 Thread 0x0000018ba6c03800 Exception <a 'java/lang/NoSuchMethodError'{0x000000008da648c0}: 'java.lang.Object java.lang.invoke.DirectMethodHandle$Holder.invokeVirtual(java.lang.Object, java.lang.Object, int)'> (0x000000008da648c0) thrown at [./src/hotspot/share/interpreter/linkResolver.cpp, line 773]
Event: 2410.726 Thread 0x0000018ba6c03800 Implicit null exception at 0x0000018b8e84ed6a to 0x0000018b8e84edbc
Event: 2410.726 Thread 0x0000018ba6c03800 Implicit null exception at 0x0000018b8e7b8550 to 0x0000018b8e7b8564
Event: 2410.744 Thread 0x0000018ba6c07800 Exception <a 'sun/nio/fs/WindowsException'{0x000000008d08c148}> (0x000000008d08c148) thrown at [./src/hotspot/share/prims/jni.cpp, line 615]
Event: 2411.006 Thread 0x0000018ba53aa800 Exception <a 'sun/nio/fs/WindowsException'{0x000000008c88c8f8}> (0x000000008c88c8f8) thrown at [./src/hotspot/share/prims/jni.cpp, line 615]
Event: 2411.010 Thread 0x0000018ba53aa800 Exception <a 'sun/nio/fs/WindowsException'{0x000000008c894538}> (0x000000008c894538) thrown at [./src/hotspot/share/prims/jni.cpp, line 615]
Event: 2411.048 Thread 0x0000018ba6c07800 Exception <a 'sun/nio/fs/WindowsException'{0x000000008d096c48}> (0x000000008d096c48) thrown at [./src/hotspot/share/prims/jni.cpp, line 615]
Event: 2411.053 Thread 0x0000018ba6c07800 Exception <a 'sun/nio/fs/WindowsException'{0x000000008d0a1670}> (0x000000008d0a1670) thrown at [./src/hotspot/share/prims/jni.cpp, line 615]
Event: 2411.159 Thread 0x0000018ba53aa800 Exception <a 'sun/nio/fs/WindowsException'{0x000000008b1a7450}> (0x000000008b1a7450) thrown at [./src/hotspot/share/prims/jni.cpp, line 615]
Event: 2411.435 Thread 0x0000018ba6c07800 Exception <a 'sun/nio/fs/WindowsException'{0x000000008fc47c70}> (0x000000008fc47c70) thrown at [./src/hotspot/share/prims/jni.cpp, line 615]
Event: 2411.557 Thread 0x0000018ba6c07800 Exception <a 'sun/nio/fs/WindowsException'{0x000000008fc51208}> (0x000000008fc51208) thrown at [./src/hotspot/share/prims/jni.cpp, line 615]
Event: 2411.861 Thread 0x0000018ba53aa800 Exception <a 'sun/nio/fs/WindowsException'{0x000000008fcec0a0}> (0x000000008fcec0a0) thrown at [./src/hotspot/share/prims/jni.cpp, line 615]
Event: 2412.494 Thread 0x0000018ba53aa800 Exception <a 'sun/nio/fs/WindowsException'{0x000000008fcf6cf8}> (0x000000008fcf6cf8) thrown at [./src/hotspot/share/prims/jni.cpp, line 615]
Event: 2412.494 Thread 0x0000018ba6c07800 Exception <a 'sun/nio/fs/WindowsException'{0x000000008fc581a8}> (0x000000008fc581a8) thrown at [./src/hotspot/share/prims/jni.cpp, line 615]
Event: 2412.956 Thread 0x0000018ba53aa800 Exception <a 'sun/nio/fs/WindowsException'{0x000000008ccd9c20}> (0x000000008ccd9c20) thrown at [./src/hotspot/share/prims/jni.cpp, line 615]

Events (20 events):
Event: 2411.669 loading class com/android/tools/r8/internal/jO0
Event: 2411.669 loading class com/android/tools/r8/internal/jO0 done
Event: 2411.864 Executing VM operation: CGC_Operation
Event: 2411.902 Executing VM operation: CGC_Operation done
Event: 2412.015 loading class com/android/tools/build/apkzlib/zip/ZFile
Event: 2412.015 loading class com/android/tools/build/apkzlib/zip/ZFile done
Event: 2412.016 loading class com/android/tools/build/apkzlib/utils/CachedFileContents
Event: 2412.016 loading class com/android/tools/build/apkzlib/utils/CachedFileContents done
Event: 2412.018 loading class com/android/tools/build/apkzlib/zip/ZFileExtension
Event: 2412.018 loading class com/android/tools/build/apkzlib/zip/ZFileExtension done
Event: 2412.018 loading class com/android/tools/build/apkzlib/utils/IOExceptionFunction
Event: 2412.018 loading class com/android/tools/build/apkzlib/utils/IOExceptionFunction done
Event: 2412.113 Executing VM operation: CGC_Operation
Event: 2412.114 Executing VM operation: CGC_Operation done
Event: 2412.584 loading class com/android/tools/r8/internal/qW0
Event: 2412.584 loading class com/android/tools/r8/internal/qW0 done
Event: 2412.585 loading class com/android/tools/r8/internal/F
Event: 2412.585 loading class com/android/tools/r8/internal/F done
Event: 2412.585 Executing VM operation: Deoptimize
Event: 2412.589 Executing VM operation: Deoptimize done


Dynamic libraries:
0x00007ff6ad950000 - 0x00007ff6ad95a000 	C:\Program Files\Android\Android Studio\jre\bin\java.exe
0x00007ffcdf090000 - 0x00007ffcdf285000 	C:\Windows\SYSTEM32\ntdll.dll
0x00007ffcdebd0000 - 0x00007ffcdec8d000 	C:\Windows\System32\KERNEL32.DLL
0x00007ffcdc7a0000 - 0x00007ffcdca6d000 	C:\Windows\System32\KERNELBASE.dll
0x00007ffcdcf30000 - 0x00007ffcdd030000 	C:\Windows\System32\ucrtbase.dll
0x00007ffccbc70000 - 0x00007ffccbc89000 	C:\Program Files\Android\Android Studio\jre\bin\jli.dll
0x00007ffcb49d0000 - 0x00007ffcb49e7000 	C:\Program Files\Android\Android Studio\jre\bin\VCRUNTIME140.dll
0x00007ffcdd400000 - 0x00007ffcdd5a0000 	C:\Windows\System32\USER32.dll
0x00007ffcdcdd0000 - 0x00007ffcdcdf2000 	C:\Windows\System32\win32u.dll
0x00007ffcdd5f0000 - 0x00007ffcdd61a000 	C:\Windows\System32\GDI32.dll
0x00007ffcdcc70000 - 0x00007ffcdcd7b000 	C:\Windows\System32\gdi32full.dll
0x00007ffcdcbd0000 - 0x00007ffcdcc6d000 	C:\Windows\System32\msvcp_win.dll
0x00007ffccca40000 - 0x00007ffccccda000 	C:\Windows\WinSxS\amd64_microsoft.windows.common-controls_6595b64144ccf1df_6.0.19041.1110_none_60b5254171f9507e\COMCTL32.dll
0x00007ffcdefb0000 - 0x00007ffcdf04e000 	C:\Windows\System32\msvcrt.dll
0x00007ffcdd5c0000 - 0x00007ffcdd5f0000 	C:\Windows\System32\IMM32.DLL
0x00007ffca3df0000 - 0x00007ffca3e8d000 	C:\Program Files\Android\Android Studio\jre\bin\msvcp140.dll
0x00007ffc799a0000 - 0x00007ffc7a475000 	C:\Program Files\Android\Android Studio\jre\bin\server\jvm.dll
0x00007ffcde950000 - 0x00007ffcde9fe000 	C:\Windows\System32\ADVAPI32.dll
0x00007ffcdd6d0000 - 0x00007ffcdd76c000 	C:\Windows\System32\sechost.dll
0x00007ffcdd1f0000 - 0x00007ffcdd315000 	C:\Windows\System32\RPCRT4.dll
0x00007ffcdd390000 - 0x00007ffcdd398000 	C:\Windows\System32\PSAPI.DLL
0x00007ffcc2f50000 - 0x00007ffcc2f59000 	C:\Windows\SYSTEM32\WSOCK32.dll
0x00007ffcdd320000 - 0x00007ffcdd38b000 	C:\Windows\System32\WS2_32.dll
0x00007ffcd0780000 - 0x00007ffcd07a7000 	C:\Windows\SYSTEM32\WINMM.dll
0x00007ffcd3a00000 - 0x00007ffcd3a0a000 	C:\Windows\SYSTEM32\VERSION.dll
0x00007ffcda030000 - 0x00007ffcda042000 	C:\Windows\SYSTEM32\kernel.appcore.dll
0x00007ffcd7bc0000 - 0x00007ffcd7bd1000 	C:\Program Files\Android\Android Studio\jre\bin\verify.dll
0x00007ffcdc1c0000 - 0x00007ffcdc3a4000 	C:\Windows\SYSTEM32\DBGHELP.DLL
0x00007ffcdbea0000 - 0x00007ffcdbecc000 	C:\Windows\SYSTEM32\dbgcore.DLL
0x00007ffcdce00000 - 0x00007ffcdce82000 	C:\Windows\System32\bcryptPrimitives.dll
0x00007ffcd7190000 - 0x00007ffcd71b9000 	C:\Program Files\Android\Android Studio\jre\bin\java.dll
0x00007ffcd9870000 - 0x00007ffcd987b000 	C:\Program Files\Android\Android Studio\jre\bin\jimage.dll
0x00007ffcd7ba0000 - 0x00007ffcd7bb8000 	C:\Program Files\Android\Android Studio\jre\bin\zip.dll
0x00007ffcde1a0000 - 0x00007ffcde8e4000 	C:\Windows\System32\SHELL32.dll
0x00007ffcda230000 - 0x00007ffcda9c4000 	C:\Windows\SYSTEM32\windows.storage.dll
0x00007ffcdd9c0000 - 0x00007ffcddd14000 	C:\Windows\System32\combase.dll
0x00007ffcdba50000 - 0x00007ffcdba7c000 	C:\Windows\SYSTEM32\Wldp.dll
0x00007ffcdd620000 - 0x00007ffcdd6cd000 	C:\Windows\System32\SHCORE.dll
0x00007ffcdd190000 - 0x00007ffcdd1e5000 	C:\Windows\System32\shlwapi.dll
0x00007ffcdc6e0000 - 0x00007ffcdc6ff000 	C:\Windows\SYSTEM32\profapi.dll
0x00007ffcd7170000 - 0x00007ffcd718a000 	C:\Program Files\Android\Android Studio\jre\bin\net.dll
0x00007ffcd6970000 - 0x00007ffcd6a7a000 	C:\Windows\SYSTEM32\WINHTTP.dll
0x00007ffcdb9a0000 - 0x00007ffcdba0a000 	C:\Windows\system32\mswsock.dll
0x00007ffcd5340000 - 0x00007ffcd5354000 	C:\Program Files\Android\Android Studio\jre\bin\nio.dll
0x00007ffcb0230000 - 0x00007ffcb0257000 	C:\Users\Usuario\.gradle\native\e1d6ef7f7dcc3fd88c89a11ec53ec762bb8ba0a96d01ffa2cd45eb1d1d8dd5c5\windows-amd64\native-platform.dll
0x00007ffc8bd50000 - 0x00007ffc8be94000 	C:\Users\Usuario\.gradle\native\5664cfc778a61ccfe75a443a1ab52a65af34e5dc3c78e0209fed803814484fcb\windows-amd64\native-platform-file-events.dll
0x00007ffcd7c00000 - 0x00007ffcd7c0a000 	C:\Program Files\Android\Android Studio\jre\bin\management.dll
0x00007ffcd7800000 - 0x00007ffcd780d000 	C:\Program Files\Android\Android Studio\jre\bin\management_ext.dll
0x00007ffcdc530000 - 0x00007ffcdc548000 	C:\Windows\SYSTEM32\CRYPTSP.dll
0x00007ffcdb1d0000 - 0x00007ffcdb204000 	C:\Windows\system32\rsaenh.dll
0x00007ffcdce90000 - 0x00007ffcdceb7000 	C:\Windows\System32\bcrypt.dll
0x00007ffcdc660000 - 0x00007ffcdc68e000 	C:\Windows\SYSTEM32\USERENV.dll
0x00007ffcdb890000 - 0x00007ffcdb89c000 	C:\Windows\SYSTEM32\CRYPTBASE.dll
0x00007ffcdb520000 - 0x00007ffcdb55b000 	C:\Windows\SYSTEM32\IPHLPAPI.DLL
0x00007ffcdea00000 - 0x00007ffcdea08000 	C:\Windows\System32\NSI.dll
0x00007ffccfa00000 - 0x00007ffccfa17000 	C:\Windows\SYSTEM32\dhcpcsvc6.DLL
0x00007ffccf9e0000 - 0x00007ffccf9fd000 	C:\Windows\SYSTEM32\dhcpcsvc.DLL
0x00007ffcdb560000 - 0x00007ffcdb62b000 	C:\Windows\SYSTEM32\DNSAPI.dll
0x00007ffca6e10000 - 0x00007ffca6e2e000 	C:\Users\Usuario\AppData\Local\Temp\native-platform11141840770447372251dir\native-platform.dll
0x00007ffcc73a0000 - 0x00007ffcc73a8000 	C:\Program Files\Android\Android Studio\jre\bin\rmi.dll

dbghelp: loaded successfully - version: 4.0.5 - missing functions: none
symbol engine: initialized successfully - sym options: 0x614 - pdb path: .;C:\Program Files\Android\Android Studio\jre\bin;C:\Windows\SYSTEM32;C:\Windows\WinSxS\amd64_microsoft.windows.common-controls_6595b64144ccf1df_6.0.19041.1110_none_60b5254171f9507e;C:\Program Files\Android\Android Studio\jre\bin\server;C:\Users\Usuario\.gradle\native\e1d6ef7f7dcc3fd88c89a11ec53ec762bb8ba0a96d01ffa2cd45eb1d1d8dd5c5\windows-amd64;C:\Users\Usuario\.gradle\native\5664cfc778a61ccfe75a443a1ab52a65af34e5dc3c78e0209fed803814484fcb\windows-amd64;C:\Users\Usuario\AppData\Local\Temp\native-platform11141840770447372251dir

VM Arguments:
jvm_args: --add-opens=java.base/java.util=ALL-UNNAMED --add-opens=java.base/java.lang=ALL-UNNAMED --add-opens=java.base/java.lang.invoke=ALL-UNNAMED --add-opens=java.base/java.util=ALL-UNNAMED --add-opens=java.prefs/java.util.prefs=ALL-UNNAMED --add-opens=java.prefs/java.util.prefs=ALL-UNNAMED --add-opens=java.base/java.nio.charset=ALL-UNNAMED --add-opens=java.base/java.net=ALL-UNNAMED --add-opens=java.base/java.util.concurrent.atomic=ALL-UNNAMED -Xmx2048m -Dfile.encoding=UTF-8 -Duser.country=US -Duser.language=en -Duser.variant 
java_command: org.gradle.launcher.daemon.bootstrap.GradleDaemon 7.2
java_class_path (initial): C:\Users\Usuario\.gradle\wrapper\dists\gradle-7.2-bin\2dnblmf4td7x66yl1d74lt32g\gradle-7.2\lib\gradle-launcher-7.2.jar
Launcher Type: SUN_STANDARD

[Global flags]
     intx CICompilerCount                          = 3                                         {product} {ergonomic}
     uint ConcGCThreads                            = 1                                         {product} {ergonomic}
     uint G1ConcRefinementThreads                  = 4                                         {product} {ergonomic}
   size_t G1HeapRegionSize                         = 1048576                                   {product} {ergonomic}
    uintx GCDrainStackTargetSize                   = 64                                        {product} {ergonomic}
   size_t InitialHeapSize                          = 134217728                                 {product} {ergonomic}
   size_t MarkStackSize                            = 4194304                                   {product} {ergonomic}
   size_t MaxHeapSize                              = 2147483648                                {product} {command line}
   size_t MaxNewSize                               = 1287651328                                {product} {ergonomic}
   size_t MinHeapDeltaBytes                        = 1048576                                   {product} {ergonomic}
    uintx NonNMethodCodeHeapSize                   = 5830732                                {pd product} {ergonomic}
    uintx NonProfiledCodeHeapSize                  = 122913754                              {pd product} {ergonomic}
    uintx ProfiledCodeHeapSize                     = 122913754                              {pd product} {ergonomic}
    uintx ReservedCodeCacheSize                    = 251658240                              {pd product} {ergonomic}
     bool SegmentedCodeCache                       = true                                      {product} {ergonomic}
     bool UseCompressedClassPointers               = true                                 {lp64_product} {ergonomic}
     bool UseCompressedOops                        = true                                 {lp64_product} {ergonomic}
     bool UseG1GC                                  = true                                      {product} {ergonomic}
     bool UseLargePagesIndividualAllocation        = false                                  {pd product} {ergonomic}

Logging:
Log output configuration:
 #0: stdout all=warning uptime,level,tags
 #1: stderr all=off uptime,level,tags

Environment Variables:
JAVA_HOME=C:\Program Files\Java\jre1.8.0_301
PATH=C:\Program Files\Common Files\Oracle\Java\javapath;C:\app\Fran\product\18.0.0\dbhomeXE\bin;E:\app\client\Fran\product\12.2.0\client_1;E:\app\client\Fran\product\12.2.0\client_1\bin;C:\Program Files (x86)\Common Files\Oracle\Java\javapath;C:\Windows\system32;C:\Windows;C:\Windows\System32\Wbem;C:\Windows\System32\WindowsPowerShell\v1.0\;C:\Windows\System32\OpenSSH\;"c:\windows\system32;c:\windows\system32\wbem";C:\Program Files\Microsoft VS Code\bin;C:\Users\Usuario;C:\xampp\php;C:\Program Files\nodejs\;C:\Program Files\Git\cmd;C:\Program Files\Microsoft SQL Server\Client SDK\ODBC\170\Tools\Binn\;C:\Program Files (x86)\Microsoft SQL Server\150\Tools\Binn\;C:\Program Files\Microsoft SQL Server\150\Tools\Binn\;C:\Program Files\Microsoft SQL Server\150\DTS\Binn\;C:\Program Files (x86)\Microsoft SQL Server\150\DTS\Binn\;C:\Program Files\Azure Data Studio\bin;C:\Program Files\dotnet\;C:\Users\Usuario\AppData\Local\Programs\Python\Python39\Scripts\;C:\Users\Usuario\AppData\Local\Programs\Python\Python39\;C:\Users\Usuario\AppData\Local\Programs\Python\Python310\Scripts\;C:\Users\Usuario\AppData\Local\Programs\Python\Python310\;C:\Program Files\MySQL\MySQL Shell 8.0\bin\;C:\Users\Usuario\AppData\Local\Microsoft\WindowsApps;C:\Users\Usuario\AppData\Roaming\npm;C:\Users\Usuario\AppData\Local\GitHubDesktop\bin;C:\Program Files\Azure Data Studio\bin;C:\Users\Usuario\.dotnet\tools
USERNAME=Fran
OS=Windows_NT
PROCESSOR_IDENTIFIER=Intel64 Family 6 Model 42 Stepping 7, GenuineIntel



---------------  S Y S T E M  ---------------

OS: Windows 10 , 64 bit Build 19041 (10.0.19041.1706)
OS uptime: 7 days 0:51 hours
Hyper-V role detected

CPU:total 4 (initial active 4) (2 cores per cpu, 2 threads per core) family 6 model 42 stepping 7 microcode 0x2f, cmov, cx8, fxsr, mmx, sse, sse2, sse3, ssse3, sse4.1, sse4.2, popcnt, avx, clmul, ht, tsc, tscinvbit

Memory: 4k page, system-wide physical 8082M (336M free)
TotalPageFile size 16494M (AvailPageFile size 3831M)
current process WorkingSet (physical memory assigned to process): 569M, peak: 569M
current process commit charge ("private bytes"): 656M, peak: 656M

vm_info: OpenJDK 64-Bit Server VM (11.0.11+9-b60-7590822) for windows-amd64 JRE (11.0.11+9-b60-7590822), built on Jul 29 2021 21:43:44 by "builder" with MS VC++ 14.0 (VS2015)

END.
