#
# A fatal error has been detected by the Java Runtime Environment:
#
#  EXCEPTION_ACCESS_VIOLATION (0xc0000005) at pc=0x00007ffc79cf2381, pid=9240, tid=17820
#
# JRE version: OpenJDK Runtime Environment (11.0.11+9) (build 11.0.11+9-b60-7590822)
# Java VM: OpenJDK 64-Bit Server VM (11.0.11+9-b60-7590822, mixed mode, tiered, compressed oops, g1 gc, windows-amd64)
# Problematic frame:
# V  [jvm.dll+0x352381]
#
# No core dump will be written. Minidumps are not enabled by default on client versions of Windows
#
# If you would like to submit a bug report, please visit:
#   https://bugreport.java.com/bugreport/crash.jsp
#

---------------  S U M M A R Y ------------

Command Line: --add-opens=java.base/java.util=ALL-UNNAMED --add-opens=java.base/java.lang=ALL-UNNAMED --add-opens=java.base/java.lang.invoke=ALL-UNNAMED --add-opens=java.base/java.util=ALL-UNNAMED --add-opens=java.prefs/java.util.prefs=ALL-UNNAMED --add-opens=java.prefs/java.util.prefs=ALL-UNNAMED --add-opens=java.base/java.nio.charset=ALL-UNNAMED --add-opens=java.base/java.net=ALL-UNNAMED --add-opens=java.base/java.util.concurrent.atomic=ALL-UNNAMED -Xmx2048m -Dfile.encoding=UTF-8 -Duser.country=US -Duser.language=en -Duser.variant org.gradle.launcher.daemon.bootstrap.GradleDaemon 7.2

Host: Intel(R) Core(TM) i3-2100 CPU @ 3.10GHz, 4 cores, 7G,  Windows 10 , 64 bit Build 19041 (10.0.19041.1706)
Time: Thu May 26 19:01:20 2022 Central America Standard Time elapsed time: 25.682450 seconds (0d 0h 0m 25s)

---------------  T H R E A D  ---------------

Current thread (0x000001f6da7f7000):  JavaThread "C2 CompilerThread0" daemon [_thread_in_native, id=17820, stack(0x0000008f7e900000,0x0000008f7ea00000)]


Current CompileTask:
C2:  25682 7737       4       java.lang.Class::annotationData (44 bytes)

Stack: [0x0000008f7e900000,0x0000008f7ea00000],  sp=0x0000008f7e9fc1e0,  free space=1008k
Native frames: (J=compiled Java code, j=interpreted, Vv=VM code, C=native code)
V  [jvm.dll+0x352381]
V  [jvm.dll+0x198999]
V  [jvm.dll+0x1fc2ee]
V  [jvm.dll+0x1fb3d4]
V  [jvm.dll+0x183d6c]
V  [jvm.dll+0x209a57]
V  [jvm.dll+0x2082a1]
V  [jvm.dll+0x6ef58f]
V  [jvm.dll+0x6e80b5]
V  [jvm.dll+0x5f1036]
C  [ucrtbase.dll+0x21bb2]
C  [KERNEL32.DLL+0x17034]
C  [ntdll.dll+0x52651]


siginfo: EXCEPTION_ACCESS_VIOLATION (0xc0000005), reading address 0x000001f69fbe9080


Register to memory mapping:

RIP=0x00007ffc79cf2381 jvm.dll
RAX=0x000001f69fbe8f28 is an unknown value
RBX=0x000001f6e63d3210 points into unknown readable memory: 0x0000000000000000 | 00 00 00 00 00 00 00 00
RCX=0x000000000000002b is an unknown value
RDX=0x0000000000000004 is an unknown value
RSP=0x0000008f7e9fc1e0 is pointing into the stack for thread: 0x000001f6da7f7000
RBP=0x0000008f7e9fc320 is pointing into the stack for thread: 0x000001f6da7f7000
RSI=0x0000000000002b10 is an unknown value
RDI=0x0000000000002b10 is an unknown value
R8 =0x00000000000002b4 is an unknown value
R9 =0x0000008f7e9fc200 is pointing into the stack for thread: 0x000001f6da7f7000
R10=0x00007ffc799a0000 jvm.dll
R11=0x0000008f7e9fc110 is pointing into the stack for thread: 0x000001f6da7f7000
R12=0x00007ffc799a0000 jvm.dll
R13=0x0000000000000008 is an unknown value
R14=0x0000000000000010 is an unknown value
R15=0x00007ffc7a39cf18 jvm.dll


Registers:
RAX=0x000001f69fbe8f28, RBX=0x000001f6e63d3210, RCX=0x000000000000002b, RDX=0x0000000000000004
RSP=0x0000008f7e9fc1e0, RBP=0x0000008f7e9fc320, RSI=0x0000000000002b10, RDI=0x0000000000002b10
R8 =0x00000000000002b4, R9 =0x0000008f7e9fc200, R10=0x00007ffc799a0000, R11=0x0000008f7e9fc110
R12=0x00007ffc799a0000, R13=0x0000000000000008, R14=0x0000000000000010, R15=0x00007ffc7a39cf18
RIP=0x00007ffc79cf2381, EFLAGS=0x0000000000010206

Top of Stack: (sp=0x0000008f7e9fc1e0)
0x0000008f7e9fc1e0:   000001f6e64b4210 0000008f7e9fc320
0x0000008f7e9fc1f0:   0000000000002b10 00007ffc7a1d0cb0
0x0000008f7e9fc200:   000002b900000000 000001f600000006
0x0000008f7e9fc210:   000001f6dc2c8ec0 0000000000000003
0x0000008f7e9fc220:   000001f6def2ecb8 000001f600000035
0x0000008f7e9fc230:   000001f6e6566a50 0000008f7e9fc7a8
0x0000008f7e9fc240:   000001f6e12b24b0 0000000000000000
0x0000008f7e9fc250:   0000008f7e9fc360 00007ffc79b38999
0x0000008f7e9fc260:   0000008f7e9fc6c0 0000008f7e9fc7a8
0x0000008f7e9fc270:   00000000000003d8 000001f6e12b24c0
0x0000008f7e9fc280:   000000000000c800 0000000000000000
0x0000008f7e9fc290:   0000008f00000006 000001f6e12b24b0
0x0000008f7e9fc2a0:   000001f6db464190 000001f6db466e40
0x0000008f7e9fc2b0:   000001f6db46c178 0000000000e6c050
0x0000008f7e9fc2c0:   0000000000000000 0000000000000000
0x0000008f7e9fc2d0:   000000000000c840 0000000000000000 

Instructions: (pc=0x00007ffc79cf2381)
0x00007ffc79cf2281:   8d 3c 9b 8b d3 48 c1 e7 05 48 8b ce 48 03 7e 20
0x00007ffc79cf2291:   e8 5a 19 00 00 ff c3 89 47 34 3b 5e 28 72 e0 48
0x00007ffc79cf22a1:   8b 7c 24 30 48 8b 5c 24 38 48 83 c4 20 5e c3 48
0x00007ffc79cf22b1:   8b c4 55 57 48 83 ec 68 33 ff 48 8b e9 39 79 28
0x00007ffc79cf22c1:   0f 86 3e 01 00 00 48 89 58 08 48 89 70 10 4c 89
0x00007ffc79cf22d1:   60 18 4c 8d 25 26 dd ca ff 4c 89 70 20 4c 89 78
0x00007ffc79cf22e1:   e8 4c 8d 3d 2f ac 6a 00 0f 1f 80 00 00 00 00 48
0x00007ffc79cf22f1:   8d 14 bf 8b f7 48 c1 e2 05 48 8d 4c 24 20 48 03
0x00007ffc79cf2301:   55 10 e8 e8 6a 00 00 44 8b f7 41 83 e6 1f 90 8b
0x00007ffc79cf2311:   44 24 20 85 c0 74 3e 44 8b 44 24 24 a8 1f 75 0b
0x00007ffc79cf2321:   c1 e8 05 41 83 c0 05 a8 1f 74 f5 8b d0 83 e2 1f
0x00007ffc79cf2331:   42 0f b6 8c 22 80 0e 83 00 d3 e8 89 44 24 20 42
0x00007ffc79cf2341:   8d 04 01 89 44 24 24 42 0f b6 84 22 60 0e 83 00
0x00007ffc79cf2351:   41 03 c0 eb 0a 48 8d 4c 24 20 e8 e0 6a 00 00 85
0x00007ffc79cf2361:   c0 74 66 8b c0 48 8d 1c 80 48 c1 e3 05 48 03 5d
0x00007ffc79cf2371:   10 85 ff 74 9a 48 8b 43 08 48 8b ce 48 c1 e9 08
0x00007ffc79cf2381:   4c 8b 0c c8 4d 3b cf 75 0d 8b d7 48 8b cb e8 ac
0x00007ffc79cf2391:   6c 00 00 4c 8b c8 41 8b ce 41 b8 01 00 00 00 41
0x00007ffc79cf23a1:   d3 e0 48 8b ce 48 c1 e9 05 83 e1 07 41 8b 14 89
0x00007ffc79cf23b1:   8b c2 41 0b c0 41 89 04 89 41 85 d0 0f 85 4d ff
0x00007ffc79cf23c1:   ff ff ff 03 e9 46 ff ff ff ff c7 3b 7d 28 0f 82
0x00007ffc79cf23d1:   1b ff ff ff 4c 8b 7c 24 60 4c 8b b4 24 98 00 00
0x00007ffc79cf23e1:   00 4c 8b a4 24 90 00 00 00 48 8b b4 24 88 00 00
0x00007ffc79cf23f1:   00 48 8b 9c 24 80 00 00 00 c6 45 18 01 48 83 c4
0x00007ffc79cf2401:   68 5f 5d c3 c6 41 18 01 48 83 c4 68 5f 5d c3 48
0x00007ffc79cf2411:   89 5c 24 10 48 89 6c 24 18 56 41 54 41 55 41 56
0x00007ffc79cf2421:   41 57 48 83 ec 60 8b ea 4c 8b f9 41 8b c0 48 8d
0x00007ffc79cf2431:   34 ad 00 00 00 00 48 03 f5 48 8d 14 80 48 c1 e2
0x00007ffc79cf2441:   05 48 03 51 10 48 c1 e6 05 48 03 71 10 48 8d 4c
0x00007ffc79cf2451:   24 20 e8 98 69 00 00 44 8b e5 48 89 bc 24 90 00
0x00007ffc79cf2461:   00 00 41 83 e4 1f 4c 8d 2d aa aa 6a 00 4c 8d 0d
0x00007ffc79cf2471:   8b db ca ff 8b 44 24 20 85 c0 74 48 44 8b 44 24 


Stack slot to memory mapping:
stack at sp + 0 slots: 0x000001f6e64b4210 points into unknown readable memory: 0x0000000000000010 | 10 00 00 00 00 00 00 00
stack at sp + 1 slots: 0x0000008f7e9fc320 is pointing into the stack for thread: 0x000001f6da7f7000
stack at sp + 2 slots: 0x0000000000002b10 is an unknown value
stack at sp + 3 slots: 0x00007ffc7a1d0cb0 jvm.dll
stack at sp + 4 slots: 0x000002b900000000 is an unknown value
stack at sp + 5 slots: 0x000001f600000006 is an unknown value
stack at sp + 6 slots: 0x000001f6dc2c8ec0 points into unknown readable memory: 0x0000000000000000 | 00 00 00 00 00 00 00 00
stack at sp + 7 slots: 0x0000000000000003 is an unknown value


---------------  P R O C E S S  ---------------

Threads class SMR info:
_java_thread_list=0x000001f6e23c3060, length=79, elements={
0x000001f6c0bee800, 0x000001f6da7d2000, 0x000001f6da7dc000, 0x000001f6da7ed000,
0x000001f6da7ee800, 0x000001f6da7f0000, 0x000001f6da7f7000, 0x000001f6da7fa800,
0x000001f6da7fd000, 0x000001f6db2af000, 0x000001f6dd04d800, 0x000001f6db2d0800,
0x000001f6dc3a9000, 0x000001f6dc8c9800, 0x000001f6dd03c800, 0x000001f6dcb1c800,
0x000001f6dc2aa800, 0x000001f6dd5af000, 0x000001f6dcc8f800, 0x000001f6dcc2d800,
0x000001f6dcc2b800, 0x000001f6dcc2a000, 0x000001f6dcc27800, 0x000001f6dcc29000,
0x000001f6dcc2b000, 0x000001f6dcc2c800, 0x000001f6dcc2e000, 0x000001f6dcc28800,
0x000001f6dda20000, 0x000001f6dda1b000, 0x000001f6dda1e800, 0x000001f6dda1c000,
0x000001f6dda1d000, 0x000001f6dda1a800, 0x000001f6dda23800, 0x000001f6dda24000,
0x000001f6dda22800, 0x000001f6dda26000, 0x000001f6dda21000, 0x000001f6dda25000,
0x000001f6dda21800, 0x000001f6dda28800, 0x000001f6dda26800, 0x000001f6dda27800,
0x000001f6dda29000, 0x000001f6dee6f800, 0x000001f6dee70800, 0x000001f6dee73000,
0x000001f6dee6d800, 0x000001f6dee71800, 0x000001f6dee72000, 0x000001f6dee74000,
0x000001f6dee6e000, 0x000001f6dee74800, 0x000001f6dee6f000, 0x000001f6dee7b000,
0x000001f6dee75800, 0x000001f6dee78000, 0x000001f6dee78800, 0x000001f6dee7c000,
0x000001f6dee76800, 0x000001f6dee79800, 0x000001f6dee77000, 0x000001f6dee7a800,
0x000001f6dc597000, 0x000001f6dc592000, 0x000001f6dc593000, 0x000001f6dc591000,
0x000001f6dc597800, 0x000001f6dc598800, 0x000001f6dc599800, 0x000001f6dc593800,
0x000001f6dc596000, 0x000001f6dc595000, 0x000001f6dc59a000, 0x000001f6dc594800,
0x000001f6dc59b000, 0x000001f6dc59b800, 0x000001f6e1dc1800
}

Java Threads: ( => current thread )
  0x000001f6c0bee800 JavaThread "main" [_thread_blocked, id=8600, stack(0x0000008f7dd00000,0x0000008f7de00000)]
  0x000001f6da7d2000 JavaThread "Reference Handler" daemon [_thread_blocked, id=10996, stack(0x0000008f7e400000,0x0000008f7e500000)]
  0x000001f6da7dc000 JavaThread "Finalizer" daemon [_thread_blocked, id=12196, stack(0x0000008f7e500000,0x0000008f7e600000)]
  0x000001f6da7ed000 JavaThread "Signal Dispatcher" daemon [_thread_blocked, id=5316, stack(0x0000008f7e600000,0x0000008f7e700000)]
  0x000001f6da7ee800 JavaThread "Attach Listener" daemon [_thread_blocked, id=2136, stack(0x0000008f7e700000,0x0000008f7e800000)]
  0x000001f6da7f0000 JavaThread "Service Thread" daemon [_thread_blocked, id=19204, stack(0x0000008f7e800000,0x0000008f7e900000)]
=>0x000001f6da7f7000 JavaThread "C2 CompilerThread0" daemon [_thread_in_native, id=17820, stack(0x0000008f7e900000,0x0000008f7ea00000)]
  0x000001f6da7fa800 JavaThread "C1 CompilerThread0" daemon [_thread_blocked, id=17312, stack(0x0000008f7ea00000,0x0000008f7eb00000)]
  0x000001f6da7fd000 JavaThread "Sweeper thread" daemon [_thread_blocked, id=2788, stack(0x0000008f7eb00000,0x0000008f7ec00000)]
  0x000001f6db2af000 JavaThread "Common-Cleaner" daemon [_thread_blocked, id=16652, stack(0x0000008f7ec00000,0x0000008f7ed00000)]
  0x000001f6dd04d800 JavaThread "Daemon health stats" [_thread_blocked, id=14900, stack(0x0000008f7f100000,0x0000008f7f200000)]
  0x000001f6db2d0800 JavaThread "Incoming local TCP Connector on port 55837" [_thread_in_native, id=12460, stack(0x0000008f7ee00000,0x0000008f7ef00000)]
  0x000001f6dc3a9000 JavaThread "Daemon periodic checks" [_thread_blocked, id=17700, stack(0x0000008f7f200000,0x0000008f7f300000)]
  0x000001f6dc8c9800 JavaThread "Daemon" [_thread_blocked, id=11332, stack(0x0000008f7f300000,0x0000008f7f400000)]
  0x000001f6dd03c800 JavaThread "Handler for socket connection from /127.0.0.1:55837 to /127.0.0.1:55838" [_thread_in_native, id=3348, stack(0x0000008f7f400000,0x0000008f7f500000)]
  0x000001f6dcb1c800 JavaThread "Cancel handler" [_thread_blocked, id=8328, stack(0x0000008f7f500000,0x0000008f7f600000)]
  0x000001f6dc2aa800 JavaThread "Daemon worker" [_thread_in_vm, id=18156, stack(0x0000008f7f600000,0x0000008f7f700000)]
  0x000001f6dd5af000 JavaThread "Asynchronous log dispatcher for DefaultDaemonConnection: socket connection from /127.0.0.1:55837 to /127.0.0.1:55838" [_thread_blocked, id=3148, stack(0x0000008f7f700000,0x0000008f7f800000)]
  0x000001f6dcc8f800 JavaThread "Stdin handler" [_thread_blocked, id=14096, stack(0x0000008f7f800000,0x0000008f7f900000)]
  0x000001f6dcc2d800 JavaThread "Daemon client event forwarder" [_thread_blocked, id=1168, stack(0x0000008f7f900000,0x0000008f7fa00000)]
  0x000001f6dcc2b800 JavaThread "Cache worker for journal cache (C:\Users\Usuario\.gradle\caches\journal-1)" [_thread_blocked, id=17876, stack(0x0000008f7fb00000,0x0000008f7fc00000)]
  0x000001f6dcc2a000 JavaThread "File lock request listener" [_thread_in_native, id=16872, stack(0x0000008f7fc00000,0x0000008f7fd00000)]
  0x000001f6dcc27800 JavaThread "Cache worker for file hash cache (C:\Users\Usuario\.gradle\caches\7.2\fileHashes)" [_thread_blocked, id=12872, stack(0x0000008f7fd00000,0x0000008f7fe00000)]
  0x000001f6dcc29000 JavaThread "Cache worker for file hash cache (C:\Users\Usuario\AndroidStudioProjects\ProyectoLugares\.gradle\7.2\fileHashes)" [_thread_blocked, id=16964, stack(0x0000008f7ff00000,0x0000008f80000000)]
  0x000001f6dcc2b000 JavaThread "File watcher server" daemon [_thread_in_native, id=15032, stack(0x0000008f00000000,0x0000008f00100000)]
  0x000001f6dcc2c800 JavaThread "File watcher consumer" daemon [_thread_blocked, id=16896, stack(0x0000008f00100000,0x0000008f00200000)]
  0x000001f6dcc2e000 JavaThread "Cache worker for checksums cache (C:\Users\Usuario\AndroidStudioProjects\ProyectoLugares\.gradle\checksums)" [_thread_blocked, id=9520, stack(0x0000008f00200000,0x0000008f00300000)]
  0x000001f6dcc28800 JavaThread "Cache worker for cache directory md-supplier (C:\Users\Usuario\.gradle\caches\7.2\md-supplier)" [_thread_blocked, id=15416, stack(0x0000008f00300000,0x0000008f00400000)]
  0x000001f6dda20000 JavaThread "Cache worker for cache directory md-rule (C:\Users\Usuario\.gradle\caches\7.2\md-rule)" [_thread_blocked, id=10816, stack(0x0000008f00400000,0x0000008f00500000)]
  0x000001f6dda1b000 JavaThread "Cache worker for execution history cache (C:\Users\Usuario\.gradle\caches\7.2\executionHistory)" [_thread_blocked, id=17924, stack(0x0000008f00500000,0x0000008f00600000)]
  0x000001f6dda1e800 JavaThread "jar transforms" [_thread_blocked, id=7672, stack(0x0000008f00700000,0x0000008f00800000)]
  0x000001f6dda1c000 JavaThread "Cache worker for file content cache (C:\Users\Usuario\.gradle\caches\7.2\fileContent)" [_thread_blocked, id=12784, stack(0x0000008f00800000,0x0000008f00900000)]
  0x000001f6dda1d000 JavaThread "jar transforms Thread 2" [_thread_blocked, id=8216, stack(0x0000008f00900000,0x0000008f00a00000)]
  0x000001f6dda1a800 JavaThread "Cache worker for dependencies-accessors (C:\Users\Usuario\AndroidStudioProjects\ProyectoLugares\.gradle\7.2\dependencies-accessors)" [_thread_blocked, id=8372, stack(0x0000008f00a00000,0x0000008f00b00000)]
  0x000001f6dda23800 JavaThread "jar transforms Thread 3" [_thread_blocked, id=14308, stack(0x0000008f00b00000,0x0000008f00c00000)]
  0x000001f6dda24000 JavaThread "Cache worker for Build Output Cleanup Cache (C:\Users\Usuario\AndroidStudioProjects\ProyectoLugares\.gradle\buildOutputCleanup)" [_thread_blocked, id=9544, stack(0x0000008f00600000,0x0000008f00700000)]
  0x000001f6dda22800 JavaThread "Unconstrained build operations" [_thread_blocked, id=17112, stack(0x0000008f00d00000,0x0000008f00e00000)]
  0x000001f6dda26000 JavaThread "Unconstrained build operations Thread 2" [_thread_blocked, id=18856, stack(0x0000008f00e00000,0x0000008f00f00000)]
  0x000001f6dda21000 JavaThread "Unconstrained build operations Thread 3" [_thread_blocked, id=20412, stack(0x0000008f00f00000,0x0000008f01000000)]
  0x000001f6dda25000 JavaThread "Unconstrained build operations Thread 4" [_thread_blocked, id=21268, stack(0x0000008f01000000,0x0000008f01100000)]
  0x000001f6dda21800 JavaThread "Unconstrained build operations Thread 5" [_thread_blocked, id=21272, stack(0x0000008f01100000,0x0000008f01200000)]
  0x000001f6dda28800 JavaThread "Unconstrained build operations Thread 6" [_thread_blocked, id=13860, stack(0x0000008f01200000,0x0000008f01300000)]
  0x000001f6dda26800 JavaThread "Unconstrained build operations Thread 7" [_thread_blocked, id=9804, stack(0x0000008f01300000,0x0000008f01400000)]
  0x000001f6dda27800 JavaThread "Unconstrained build operations Thread 8" [_thread_blocked, id=19412, stack(0x0000008f01400000,0x0000008f01500000)]
  0x000001f6dda29000 JavaThread "Unconstrained build operations Thread 9" [_thread_blocked, id=8056, stack(0x0000008f01500000,0x0000008f01600000)]
  0x000001f6dee6f800 JavaThread "Unconstrained build operations Thread 10" [_thread_blocked, id=10708, stack(0x0000008f01600000,0x0000008f01700000)]
  0x000001f6dee70800 JavaThread "Unconstrained build operations Thread 11" [_thread_blocked, id=12588, stack(0x0000008f01700000,0x0000008f01800000)]
  0x000001f6dee73000 JavaThread "Unconstrained build operations Thread 12" [_thread_blocked, id=6856, stack(0x0000008f01800000,0x0000008f01900000)]
  0x000001f6dee6d800 JavaThread "Unconstrained build operations Thread 13" [_thread_blocked, id=6232, stack(0x0000008f01900000,0x0000008f01a00000)]
  0x000001f6dee71800 JavaThread "Unconstrained build operations Thread 14" [_thread_blocked, id=14188, stack(0x0000008f01a00000,0x0000008f01b00000)]
  0x000001f6dee72000 JavaThread "Unconstrained build operations Thread 15" [_thread_blocked, id=15228, stack(0x0000008f01b00000,0x0000008f01c00000)]
  0x000001f6dee74000 JavaThread "Unconstrained build operations Thread 16" [_thread_blocked, id=20912, stack(0x0000008f01c00000,0x0000008f01d00000)]
  0x000001f6dee6e000 JavaThread "Unconstrained build operations Thread 17" [_thread_blocked, id=264, stack(0x0000008f01d00000,0x0000008f01e00000)]
  0x000001f6dee74800 JavaThread "Unconstrained build operations Thread 18" [_thread_blocked, id=19036, stack(0x0000008f01e00000,0x0000008f01f00000)]
  0x000001f6dee6f000 JavaThread "Unconstrained build operations Thread 19" [_thread_blocked, id=11812, stack(0x0000008f01f00000,0x0000008f02000000)]
  0x000001f6dee7b000 JavaThread "Unconstrained build operations Thread 20" [_thread_blocked, id=3816, stack(0x0000008f02000000,0x0000008f02100000)]
  0x000001f6dee75800 JavaThread "Unconstrained build operations Thread 21" [_thread_blocked, id=12036, stack(0x0000008f02100000,0x0000008f02200000)]
  0x000001f6dee78000 JavaThread "Unconstrained build operations Thread 22" [_thread_blocked, id=14896, stack(0x0000008f02200000,0x0000008f02300000)]
  0x000001f6dee78800 JavaThread "Unconstrained build operations Thread 23" [_thread_blocked, id=11928, stack(0x0000008f02300000,0x0000008f02400000)]
  0x000001f6dee7c000 JavaThread "Unconstrained build operations Thread 24" [_thread_blocked, id=18616, stack(0x0000008f02400000,0x0000008f02500000)]
  0x000001f6dee76800 JavaThread "Unconstrained build operations Thread 25" [_thread_blocked, id=4428, stack(0x0000008f02500000,0x0000008f02600000)]
  0x000001f6dee79800 JavaThread "Unconstrained build operations Thread 26" [_thread_blocked, id=8424, stack(0x0000008f02600000,0x0000008f02700000)]
  0x000001f6dee77000 JavaThread "Unconstrained build operations Thread 27" [_thread_blocked, id=18000, stack(0x0000008f02700000,0x0000008f02800000)]
  0x000001f6dee7a800 JavaThread "Unconstrained build operations Thread 28" [_thread_blocked, id=20792, stack(0x0000008f02800000,0x0000008f02900000)]
  0x000001f6dc597000 JavaThread "Unconstrained build operations Thread 29" [_thread_blocked, id=12464, stack(0x0000008f02900000,0x0000008f02a00000)]
  0x000001f6dc592000 JavaThread "Unconstrained build operations Thread 30" [_thread_blocked, id=16392, stack(0x0000008f02a00000,0x0000008f02b00000)]
  0x000001f6dc593000 JavaThread "Unconstrained build operations Thread 31" [_thread_blocked, id=5240, stack(0x0000008f02b00000,0x0000008f02c00000)]
  0x000001f6dc591000 JavaThread "Unconstrained build operations Thread 32" [_thread_blocked, id=11132, stack(0x0000008f02c00000,0x0000008f02d00000)]
  0x000001f6dc597800 JavaThread "Unconstrained build operations Thread 33" [_thread_blocked, id=20964, stack(0x0000008f02d00000,0x0000008f02e00000)]
  0x000001f6dc598800 JavaThread "Unconstrained build operations Thread 34" [_thread_blocked, id=21316, stack(0x0000008f02e00000,0x0000008f02f00000)]
  0x000001f6dc599800 JavaThread "Unconstrained build operations Thread 35" [_thread_blocked, id=11588, stack(0x0000008f02f00000,0x0000008f03000000)]
  0x000001f6dc593800 JavaThread "Unconstrained build operations Thread 36" [_thread_blocked, id=32, stack(0x0000008f03000000,0x0000008f03100000)]
  0x000001f6dc596000 JavaThread "Unconstrained build operations Thread 37" [_thread_blocked, id=18208, stack(0x0000008f03100000,0x0000008f03200000)]
  0x000001f6dc595000 JavaThread "Unconstrained build operations Thread 38" [_thread_blocked, id=17096, stack(0x0000008f03200000,0x0000008f03300000)]
  0x000001f6dc59a000 JavaThread "Unconstrained build operations Thread 39" [_thread_blocked, id=17240, stack(0x0000008f03300000,0x0000008f03400000)]
  0x000001f6dc594800 JavaThread "Unconstrained build operations Thread 40" [_thread_blocked, id=8760, stack(0x0000008f03400000,0x0000008f03500000)]
  0x000001f6dc59b000 JavaThread "jar transforms Thread 4" [_thread_blocked, id=12092, stack(0x0000008f03500000,0x0000008f03600000)]
  0x000001f6dc59b800 JavaThread "Memory manager" [_thread_blocked, id=11820, stack(0x0000008f03600000,0x0000008f03700000)]
  0x000001f6e1dc1800 JavaThread "C2 CompilerThread1" daemon [_thread_in_native, id=14436, stack(0x0000008f00c00000,0x0000008f00d00000)]

Other Threads:
  0x000001f6da7cc800 VMThread "VM Thread" [stack: 0x0000008f7e300000,0x0000008f7e400000] [id=260]
  0x000001f6db2b8800 WatcherThread [stack: 0x0000008f7ed00000,0x0000008f7ee00000] [id=1160]
  0x000001f6c0c04800 GCTaskThread "GC Thread#0" [stack: 0x0000008f7de00000,0x0000008f7df00000] [id=16476]
  0x000001f6db7c0000 GCTaskThread "GC Thread#1" [stack: 0x0000008f7ef00000,0x0000008f7f000000] [id=4836]
  0x000001f6dbbd3000 GCTaskThread "GC Thread#2" [stack: 0x0000008f7f000000,0x0000008f7f100000] [id=16576]
  0x000001f6dca0b800 GCTaskThread "GC Thread#3" [stack: 0x0000008f7fa00000,0x0000008f7fb00000] [id=21396]
  0x000001f6c0c37800 ConcurrentGCThread "G1 Main Marker" [stack: 0x0000008f7df00000,0x0000008f7e000000] [id=8916]
  0x000001f6c0c39000 ConcurrentGCThread "G1 Conc#0" [stack: 0x0000008f7e000000,0x0000008f7e100000] [id=21360]
  0x000001f6c0cc7800 ConcurrentGCThread "G1 Refine#0" [stack: 0x0000008f7e100000,0x0000008f7e200000] [id=12232]
  0x000001f6c0cc8800 ConcurrentGCThread "G1 Young RemSet Sampling" [stack: 0x0000008f7e200000,0x0000008f7e300000] [id=16008]

Threads with active compile tasks:
C2 CompilerThread0  25794 7737       4       java.lang.Class::annotationData (44 bytes)
C2 CompilerThread1  25794 7772       4       java.lang.Class::getAnnotation (22 bytes)

VM state:not at safepoint (normal execution)

VM Mutex/Monitor currently owned by a thread: None

Heap address: 0x0000000080000000, size: 2048 MB, Compressed Oops mode: 32-bit
Narrow klass base: 0x0000000000000000, Narrow klass shift: 3
Compressed class space size: 1073741824 Address: 0x0000000100000000

Heap:
 garbage-first heap   total 189440K, used 138544K [0x0000000080000000, 0x0000000100000000)
  region size 1024K, 81 young (82944K), 10 survivors (10240K)
 Metaspace       used 78910K, capacity 80699K, committed 80972K, reserved 1120256K
  class space    used 10293K, capacity 10968K, committed 11084K, reserved 1048576K
Heap Regions: E=young(eden), S=young(survivor), O=old, HS=humongous(starts), HC=humongous(continues), CS=collection set, F=free, A=archive, TAMS=top-at-mark-start (previous, next)
|   0|0x0000000080000000, 0x0000000080100000, 0x0000000080100000|100%| O|  |TAMS 0x0000000080100000, 0x0000000080000000| Untracked 
|   1|0x0000000080100000, 0x0000000080200000, 0x0000000080200000|100%| O|  |TAMS 0x0000000080200000, 0x0000000080100000| Untracked 
|   2|0x0000000080200000, 0x0000000080300000, 0x0000000080300000|100%| O|  |TAMS 0x0000000080300000, 0x0000000080200000| Untracked 
|   3|0x0000000080300000, 0x0000000080400000, 0x0000000080400000|100%|HS|  |TAMS 0x0000000080400000, 0x0000000080300000| Complete 
|   4|0x0000000080400000, 0x0000000080500000, 0x0000000080500000|100%|HC|  |TAMS 0x0000000080500000, 0x0000000080400000| Complete 
|   5|0x0000000080500000, 0x0000000080600000, 0x0000000080600000|100%|HC|  |TAMS 0x0000000080600000, 0x0000000080500000| Complete 
|   6|0x0000000080600000, 0x0000000080700000, 0x0000000080700000|100%| O|  |TAMS 0x0000000080700000, 0x0000000080600000| Untracked 
|   7|0x0000000080700000, 0x0000000080800000, 0x0000000080800000|100%| O|  |TAMS 0x0000000080800000, 0x0000000080700000| Untracked 
|   8|0x0000000080800000, 0x0000000080900000, 0x0000000080900000|100%| O|  |TAMS 0x0000000080900000, 0x0000000080800000| Untracked 
|   9|0x0000000080900000, 0x0000000080a00000, 0x0000000080a00000|100%| O|  |TAMS 0x0000000080a00000, 0x0000000080900000| Untracked 
|  10|0x0000000080a00000, 0x0000000080b00000, 0x0000000080b00000|100%| O|  |TAMS 0x0000000080b00000, 0x0000000080a00000| Untracked 
|  11|0x0000000080b00000, 0x0000000080c00000, 0x0000000080c00000|100%| O|  |TAMS 0x0000000080c00000, 0x0000000080b00000| Untracked 
|  12|0x0000000080c00000, 0x0000000080d00000, 0x0000000080d00000|100%| O|  |TAMS 0x0000000080d00000, 0x0000000080c00000| Untracked 
|  13|0x0000000080d00000, 0x0000000080e00000, 0x0000000080e00000|100%| O|  |TAMS 0x0000000080e00000, 0x0000000080d00000| Untracked 
|  14|0x0000000080e00000, 0x0000000080f00000, 0x0000000080f00000|100%| O|  |TAMS 0x0000000080f00000, 0x0000000080e00000| Untracked 
|  15|0x0000000080f00000, 0x0000000081000000, 0x0000000081000000|100%| O|  |TAMS 0x0000000081000000, 0x0000000080f00000| Untracked 
|  16|0x0000000081000000, 0x0000000081100000, 0x0000000081100000|100%|HS|  |TAMS 0x0000000081100000, 0x0000000081000000| Complete 
|  17|0x0000000081100000, 0x0000000081200000, 0x0000000081200000|100%| O|  |TAMS 0x0000000081200000, 0x0000000081100000| Untracked 
|  18|0x0000000081200000, 0x0000000081300000, 0x0000000081300000|100%| O|  |TAMS 0x0000000081300000, 0x0000000081200000| Untracked 
|  19|0x0000000081300000, 0x0000000081400000, 0x0000000081400000|100%| O|  |TAMS 0x0000000081400000, 0x0000000081300000| Untracked 
|  20|0x0000000081400000, 0x0000000081500000, 0x0000000081500000|100%| O|  |TAMS 0x0000000081500000, 0x0000000081400000| Untracked 
|  21|0x0000000081500000, 0x0000000081600000, 0x0000000081600000|100%| O|  |TAMS 0x0000000081600000, 0x0000000081500000| Untracked 
|  22|0x0000000081600000, 0x0000000081700000, 0x0000000081700000|100%| O|  |TAMS 0x0000000081700000, 0x0000000081600000| Untracked 
|  23|0x0000000081700000, 0x0000000081800000, 0x0000000081800000|100%| O|  |TAMS 0x0000000081800000, 0x0000000081700000| Untracked 
|  24|0x0000000081800000, 0x0000000081900000, 0x0000000081900000|100%|HS|  |TAMS 0x0000000081900000, 0x0000000081800000| Complete 
|  25|0x0000000081900000, 0x0000000081a00000, 0x0000000081a00000|100%|HS|  |TAMS 0x0000000081a00000, 0x0000000081900000| Complete 
|  26|0x0000000081a00000, 0x0000000081b00000, 0x0000000081b00000|100%|HS|  |TAMS 0x0000000081b00000, 0x0000000081a00000| Complete 
|  27|0x0000000081b00000, 0x0000000081c00000, 0x0000000081c00000|100%|HS|  |TAMS 0x0000000081c00000, 0x0000000081b00000| Complete 
|  28|0x0000000081c00000, 0x0000000081d00000, 0x0000000081d00000|100%|HC|  |TAMS 0x0000000081d00000, 0x0000000081c00000| Complete 
|  29|0x0000000081d00000, 0x0000000081e00000, 0x0000000081e00000|100%|HC|  |TAMS 0x0000000081e00000, 0x0000000081d00000| Complete 
|  30|0x0000000081e00000, 0x0000000081f00000, 0x0000000081f00000|100%|HS|  |TAMS 0x0000000081f00000, 0x0000000081e00000| Complete 
|  31|0x0000000081f00000, 0x0000000082000000, 0x0000000082000000|100%|HC|  |TAMS 0x0000000082000000, 0x0000000081f00000| Complete 
|  32|0x0000000082000000, 0x0000000082100000, 0x0000000082100000|100%| O|  |TAMS 0x0000000082100000, 0x0000000082000000| Untracked 
|  33|0x0000000082100000, 0x0000000082200000, 0x0000000082200000|100%| O|  |TAMS 0x0000000082200000, 0x0000000082100000| Untracked 
|  34|0x0000000082200000, 0x0000000082300000, 0x0000000082300000|100%| O|  |TAMS 0x0000000082300000, 0x0000000082200000| Untracked 
|  35|0x0000000082300000, 0x0000000082400000, 0x0000000082400000|100%| O|  |TAMS 0x0000000082400000, 0x0000000082300000| Untracked 
|  36|0x0000000082400000, 0x0000000082500000, 0x0000000082500000|100%| O|  |TAMS 0x0000000082500000, 0x0000000082400000| Untracked 
|  37|0x0000000082500000, 0x0000000082600000, 0x0000000082600000|100%| O|  |TAMS 0x0000000082600000, 0x0000000082500000| Untracked 
|  38|0x0000000082600000, 0x0000000082700000, 0x0000000082700000|100%| O|  |TAMS 0x0000000082700000, 0x0000000082600000| Untracked 
|  39|0x0000000082700000, 0x0000000082800000, 0x0000000082800000|100%| O|  |TAMS 0x0000000082800000, 0x0000000082700000| Untracked 
|  40|0x0000000082800000, 0x0000000082900000, 0x0000000082900000|100%| O|  |TAMS 0x0000000082900000, 0x0000000082800000| Untracked 
|  41|0x0000000082900000, 0x0000000082a00000, 0x0000000082a00000|100%| O|  |TAMS 0x0000000082a00000, 0x0000000082900000| Untracked 
|  42|0x0000000082a00000, 0x0000000082b00000, 0x0000000082b00000|100%| O|  |TAMS 0x0000000082b00000, 0x0000000082a00000| Untracked 
|  43|0x0000000082b00000, 0x0000000082c00000, 0x0000000082c00000|100%| O|  |TAMS 0x0000000082c00000, 0x0000000082b00000| Untracked 
|  44|0x0000000082c00000, 0x0000000082d00000, 0x0000000082d00000|100%| O|  |TAMS 0x0000000082d00000, 0x0000000082c00000| Untracked 
|  45|0x0000000082d00000, 0x0000000082e00000, 0x0000000082e00000|100%| O|  |TAMS 0x0000000082e00000, 0x0000000082d00000| Untracked 
|  46|0x0000000082e00000, 0x0000000082f00000, 0x0000000082f00000|100%| O|  |TAMS 0x0000000082f00000, 0x0000000082e00000| Untracked 
|  47|0x0000000082f00000, 0x0000000083000000, 0x0000000083000000|100%| O|  |TAMS 0x0000000083000000, 0x0000000082f00000| Untracked 
|  48|0x0000000083000000, 0x0000000083100000, 0x0000000083100000|100%| O|  |TAMS 0x0000000083100000, 0x0000000083000000| Untracked 
|  49|0x0000000083100000, 0x0000000083200000, 0x0000000083200000|100%| O|  |TAMS 0x000000008317ac00, 0x0000000083100000| Untracked 
|  50|0x0000000083200000, 0x0000000083300000, 0x0000000083300000|100%| O|  |TAMS 0x0000000083200000, 0x0000000083200000| Untracked 
|  51|0x0000000083300000, 0x0000000083400000, 0x0000000083400000|100%| O|  |TAMS 0x0000000083300000, 0x0000000083300000| Untracked 
|  52|0x0000000083400000, 0x0000000083500000, 0x0000000083500000|100%| O|  |TAMS 0x0000000083400000, 0x0000000083400000| Untracked 
|  53|0x0000000083500000, 0x0000000083600000, 0x0000000083600000|100%| O|  |TAMS 0x0000000083500000, 0x0000000083500000| Untracked 
|  54|0x0000000083600000, 0x0000000083700000, 0x0000000083700000|100%| O|  |TAMS 0x0000000083600000, 0x0000000083600000| Untracked 
|  55|0x0000000083700000, 0x00000000837ccc00, 0x0000000083800000| 79%| O|  |TAMS 0x0000000083700000, 0x0000000083700000| Untracked 
|  56|0x0000000083800000, 0x0000000083800000, 0x0000000083900000|  0%| F|  |TAMS 0x0000000083800000, 0x0000000083800000| Untracked 
|  57|0x0000000083900000, 0x0000000083900000, 0x0000000083a00000|  0%| F|  |TAMS 0x0000000083900000, 0x0000000083900000| Untracked 
|  58|0x0000000083a00000, 0x0000000083a00000, 0x0000000083b00000|  0%| F|  |TAMS 0x0000000083a00000, 0x0000000083a00000| Untracked 
|  59|0x0000000083b00000, 0x0000000083b00000, 0x0000000083c00000|  0%| F|  |TAMS 0x0000000083b00000, 0x0000000083b00000| Untracked 
|  60|0x0000000083c00000, 0x0000000083c00000, 0x0000000083d00000|  0%| F|  |TAMS 0x0000000083c00000, 0x0000000083c00000| Untracked 
|  61|0x0000000083d00000, 0x0000000083d00000, 0x0000000083e00000|  0%| F|  |TAMS 0x0000000083d00000, 0x0000000083d00000| Untracked 
|  62|0x0000000083e00000, 0x0000000083e00000, 0x0000000083f00000|  0%| F|  |TAMS 0x0000000083e00000, 0x0000000083e00000| Untracked 
|  63|0x0000000083f00000, 0x0000000083f00000, 0x0000000084000000|  0%| F|  |TAMS 0x0000000083f00000, 0x0000000083f00000| Untracked 
|  64|0x0000000084000000, 0x0000000084000000, 0x0000000084100000|  0%| F|  |TAMS 0x0000000084000000, 0x0000000084000000| Untracked 
|  65|0x0000000084100000, 0x0000000084100000, 0x0000000084200000|  0%| F|  |TAMS 0x0000000084100000, 0x0000000084100000| Untracked 
|  66|0x0000000084200000, 0x0000000084200000, 0x0000000084300000|  0%| F|  |TAMS 0x0000000084200000, 0x0000000084200000| Untracked 
|  67|0x0000000084300000, 0x0000000084300000, 0x0000000084400000|  0%| F|  |TAMS 0x0000000084300000, 0x0000000084300000| Untracked 
|  68|0x0000000084400000, 0x0000000084400000, 0x0000000084500000|  0%| F|  |TAMS 0x0000000084400000, 0x0000000084400000| Untracked 
|  69|0x0000000084500000, 0x0000000084500000, 0x0000000084600000|  0%| F|  |TAMS 0x0000000084500000, 0x0000000084500000| Untracked 
|  70|0x0000000084600000, 0x0000000084600000, 0x0000000084700000|  0%| F|  |TAMS 0x0000000084600000, 0x0000000084600000| Untracked 
|  71|0x0000000084700000, 0x0000000084700000, 0x0000000084800000|  0%| F|  |TAMS 0x0000000084700000, 0x0000000084700000| Untracked 
|  72|0x0000000084800000, 0x0000000084800000, 0x0000000084900000|  0%| F|  |TAMS 0x0000000084800000, 0x0000000084800000| Untracked 
|  73|0x0000000084900000, 0x0000000084900000, 0x0000000084a00000|  0%| F|  |TAMS 0x0000000084900000, 0x0000000084900000| Untracked 
|  74|0x0000000084a00000, 0x0000000084a00000, 0x0000000084b00000|  0%| F|  |TAMS 0x0000000084a00000, 0x0000000084a00000| Untracked 
|  75|0x0000000084b00000, 0x0000000084b00000, 0x0000000084c00000|  0%| F|  |TAMS 0x0000000084b00000, 0x0000000084b00000| Untracked 
|  76|0x0000000084c00000, 0x0000000084c00000, 0x0000000084d00000|  0%| F|  |TAMS 0x0000000084c00000, 0x0000000084c00000| Untracked 
|  77|0x0000000084d00000, 0x0000000084d00000, 0x0000000084e00000|  0%| F|  |TAMS 0x0000000084d00000, 0x0000000084d00000| Untracked 
|  78|0x0000000084e00000, 0x0000000084e00000, 0x0000000084f00000|  0%| F|  |TAMS 0x0000000084e00000, 0x0000000084e00000| Untracked 
|  79|0x0000000084f00000, 0x0000000084f00000, 0x0000000085000000|  0%| F|  |TAMS 0x0000000084f00000, 0x0000000084f00000| Untracked 
|  80|0x0000000085000000, 0x0000000085000000, 0x0000000085100000|  0%| F|  |TAMS 0x0000000085000000, 0x0000000085000000| Untracked 
|  81|0x0000000085100000, 0x0000000085100000, 0x0000000085200000|  0%| F|  |TAMS 0x0000000085100000, 0x0000000085100000| Untracked 
|  82|0x0000000085200000, 0x0000000085200000, 0x0000000085300000|  0%| F|  |TAMS 0x0000000085200000, 0x0000000085200000| Untracked 
|  83|0x0000000085300000, 0x0000000085300000, 0x0000000085400000|  0%| F|  |TAMS 0x0000000085300000, 0x0000000085300000| Untracked 
|  84|0x0000000085400000, 0x0000000085400000, 0x0000000085500000|  0%| F|  |TAMS 0x0000000085400000, 0x0000000085400000| Untracked 
|  85|0x0000000085500000, 0x0000000085500000, 0x0000000085600000|  0%| F|  |TAMS 0x0000000085500000, 0x0000000085500000| Untracked 
|  86|0x0000000085600000, 0x0000000085600000, 0x0000000085700000|  0%| F|  |TAMS 0x0000000085600000, 0x0000000085600000| Untracked 
|  87|0x0000000085700000, 0x0000000085700000, 0x0000000085800000|  0%| F|  |TAMS 0x0000000085700000, 0x0000000085700000| Untracked 
|  88|0x0000000085800000, 0x0000000085800000, 0x0000000085900000|  0%| F|  |TAMS 0x0000000085800000, 0x0000000085800000| Untracked 
|  89|0x0000000085900000, 0x0000000085900000, 0x0000000085a00000|  0%| F|  |TAMS 0x0000000085900000, 0x0000000085900000| Untracked 
|  90|0x0000000085a00000, 0x0000000085a00000, 0x0000000085b00000|  0%| F|  |TAMS 0x0000000085a00000, 0x0000000085a00000| Untracked 
|  91|0x0000000085b00000, 0x0000000085b00000, 0x0000000085c00000|  0%| F|  |TAMS 0x0000000085b00000, 0x0000000085b00000| Untracked 
|  92|0x0000000085c00000, 0x0000000085c00000, 0x0000000085d00000|  0%| F|  |TAMS 0x0000000085c00000, 0x0000000085c00000| Untracked 
|  93|0x0000000085d00000, 0x0000000085d00000, 0x0000000085e00000|  0%| F|  |TAMS 0x0000000085d00000, 0x0000000085d00000| Untracked 
|  94|0x0000000085e00000, 0x0000000085e00000, 0x0000000085f00000|  0%| F|  |TAMS 0x0000000085e00000, 0x0000000085e00000| Untracked 
|  95|0x0000000085f00000, 0x0000000085f00000, 0x0000000086000000|  0%| F|  |TAMS 0x0000000085f00000, 0x0000000085f00000| Untracked 
|  96|0x0000000086000000, 0x0000000086000000, 0x0000000086100000|  0%| F|  |TAMS 0x0000000086000000, 0x0000000086000000| Untracked 
|  97|0x0000000086100000, 0x0000000086100000, 0x0000000086200000|  0%| F|  |TAMS 0x0000000086100000, 0x0000000086100000| Untracked 
|  98|0x0000000086200000, 0x0000000086200000, 0x0000000086300000|  0%| F|  |TAMS 0x0000000086200000, 0x0000000086200000| Untracked 
|  99|0x0000000086300000, 0x000000008637f4c0, 0x0000000086400000| 49%| S|CS|TAMS 0x0000000086300000, 0x0000000086300000| Complete 
| 100|0x0000000086400000, 0x0000000086500000, 0x0000000086500000|100%| S|CS|TAMS 0x0000000086400000, 0x0000000086400000| Complete 
| 101|0x0000000086500000, 0x0000000086600000, 0x0000000086600000|100%| S|CS|TAMS 0x0000000086500000, 0x0000000086500000| Complete 
| 102|0x0000000086600000, 0x0000000086700000, 0x0000000086700000|100%| S|CS|TAMS 0x0000000086600000, 0x0000000086600000| Complete 
| 103|0x0000000086700000, 0x0000000086800000, 0x0000000086800000|100%| S|CS|TAMS 0x0000000086700000, 0x0000000086700000| Complete 
| 104|0x0000000086800000, 0x0000000086900000, 0x0000000086900000|100%| S|CS|TAMS 0x0000000086800000, 0x0000000086800000| Complete 
| 105|0x0000000086900000, 0x0000000086a00000, 0x0000000086a00000|100%| S|CS|TAMS 0x0000000086900000, 0x0000000086900000| Complete 
| 106|0x0000000086a00000, 0x0000000086b00000, 0x0000000086b00000|100%| S|CS|TAMS 0x0000000086a00000, 0x0000000086a00000| Complete 
| 107|0x0000000086b00000, 0x0000000086c00000, 0x0000000086c00000|100%| S|CS|TAMS 0x0000000086b00000, 0x0000000086b00000| Complete 
| 108|0x0000000086c00000, 0x0000000086d00000, 0x0000000086d00000|100%| S|CS|TAMS 0x0000000086c00000, 0x0000000086c00000| Complete 
| 109|0x0000000086d00000, 0x0000000086d00000, 0x0000000086e00000|  0%| F|  |TAMS 0x0000000086d00000, 0x0000000086d00000| Untracked 
| 110|0x0000000086e00000, 0x0000000086e00000, 0x0000000086f00000|  0%| F|  |TAMS 0x0000000086e00000, 0x0000000086e00000| Untracked 
| 111|0x0000000086f00000, 0x0000000086f00000, 0x0000000087000000|  0%| F|  |TAMS 0x0000000086f00000, 0x0000000086f00000| Untracked 
| 112|0x0000000087000000, 0x0000000087000000, 0x0000000087100000|  0%| F|  |TAMS 0x0000000087000000, 0x0000000087000000| Untracked 
| 113|0x0000000087100000, 0x0000000087100000, 0x0000000087200000|  0%| F|  |TAMS 0x0000000087100000, 0x0000000087100000| Untracked 
| 114|0x0000000087200000, 0x0000000087280800, 0x0000000087300000| 50%| E|  |TAMS 0x0000000087200000, 0x0000000087200000| Complete 
| 115|0x0000000087300000, 0x0000000087400000, 0x0000000087400000|100%| E|CS|TAMS 0x0000000087300000, 0x0000000087300000| Complete 
| 116|0x0000000087400000, 0x0000000087500000, 0x0000000087500000|100%| E|CS|TAMS 0x0000000087400000, 0x0000000087400000| Complete 
| 117|0x0000000087500000, 0x0000000087600000, 0x0000000087600000|100%| E|CS|TAMS 0x0000000087500000, 0x0000000087500000| Complete 
| 118|0x0000000087600000, 0x0000000087700000, 0x0000000087700000|100%| E|CS|TAMS 0x0000000087600000, 0x0000000087600000| Complete 
| 119|0x0000000087700000, 0x0000000087800000, 0x0000000087800000|100%| E|CS|TAMS 0x0000000087700000, 0x0000000087700000| Complete 
| 120|0x0000000087800000, 0x0000000087900000, 0x0000000087900000|100%| E|CS|TAMS 0x0000000087800000, 0x0000000087800000| Complete 
| 121|0x0000000087900000, 0x0000000087a00000, 0x0000000087a00000|100%| E|CS|TAMS 0x0000000087900000, 0x0000000087900000| Complete 
| 122|0x0000000087a00000, 0x0000000087b00000, 0x0000000087b00000|100%| E|CS|TAMS 0x0000000087a00000, 0x0000000087a00000| Complete 
| 123|0x0000000087b00000, 0x0000000087c00000, 0x0000000087c00000|100%| E|CS|TAMS 0x0000000087b00000, 0x0000000087b00000| Complete 
| 124|0x0000000087c00000, 0x0000000087d00000, 0x0000000087d00000|100%| E|CS|TAMS 0x0000000087c00000, 0x0000000087c00000| Complete 
| 125|0x0000000087d00000, 0x0000000087e00000, 0x0000000087e00000|100%| E|CS|TAMS 0x0000000087d00000, 0x0000000087d00000| Complete 
| 126|0x0000000087e00000, 0x0000000087f00000, 0x0000000087f00000|100%| E|CS|TAMS 0x0000000087e00000, 0x0000000087e00000| Complete 
| 127|0x0000000087f00000, 0x0000000088000000, 0x0000000088000000|100%| E|CS|TAMS 0x0000000087f00000, 0x0000000087f00000| Complete 
| 128|0x0000000088000000, 0x0000000088100000, 0x0000000088100000|100%| E|CS|TAMS 0x0000000088000000, 0x0000000088000000| Complete 
| 129|0x0000000088100000, 0x0000000088200000, 0x0000000088200000|100%| E|CS|TAMS 0x0000000088100000, 0x0000000088100000| Complete 
| 130|0x0000000088200000, 0x0000000088300000, 0x0000000088300000|100%| E|CS|TAMS 0x0000000088200000, 0x0000000088200000| Complete 
| 131|0x0000000088300000, 0x0000000088400000, 0x0000000088400000|100%| E|CS|TAMS 0x0000000088300000, 0x0000000088300000| Complete 
| 132|0x0000000088400000, 0x0000000088500000, 0x0000000088500000|100%| E|CS|TAMS 0x0000000088400000, 0x0000000088400000| Complete 
| 133|0x0000000088500000, 0x0000000088600000, 0x0000000088600000|100%| E|CS|TAMS 0x0000000088500000, 0x0000000088500000| Complete 
| 134|0x0000000088600000, 0x0000000088700000, 0x0000000088700000|100%| E|CS|TAMS 0x0000000088600000, 0x0000000088600000| Complete 
| 135|0x0000000088700000, 0x0000000088800000, 0x0000000088800000|100%| E|CS|TAMS 0x0000000088700000, 0x0000000088700000| Complete 
| 136|0x0000000088800000, 0x0000000088900000, 0x0000000088900000|100%| E|CS|TAMS 0x0000000088800000, 0x0000000088800000| Complete 
| 137|0x0000000088900000, 0x0000000088a00000, 0x0000000088a00000|100%| E|CS|TAMS 0x0000000088900000, 0x0000000088900000| Complete 
| 138|0x0000000088a00000, 0x0000000088b00000, 0x0000000088b00000|100%| E|CS|TAMS 0x0000000088a00000, 0x0000000088a00000| Complete 
| 139|0x0000000088b00000, 0x0000000088c00000, 0x0000000088c00000|100%| E|CS|TAMS 0x0000000088b00000, 0x0000000088b00000| Complete 
| 140|0x0000000088c00000, 0x0000000088d00000, 0x0000000088d00000|100%| E|CS|TAMS 0x0000000088c00000, 0x0000000088c00000| Complete 
| 141|0x0000000088d00000, 0x0000000088e00000, 0x0000000088e00000|100%| E|CS|TAMS 0x0000000088d00000, 0x0000000088d00000| Complete 
| 142|0x0000000088e00000, 0x0000000088f00000, 0x0000000088f00000|100%| E|CS|TAMS 0x0000000088e00000, 0x0000000088e00000| Complete 
| 143|0x0000000088f00000, 0x0000000089000000, 0x0000000089000000|100%| E|CS|TAMS 0x0000000088f00000, 0x0000000088f00000| Complete 
| 144|0x0000000089000000, 0x0000000089100000, 0x0000000089100000|100%| E|CS|TAMS 0x0000000089000000, 0x0000000089000000| Complete 
| 145|0x0000000089100000, 0x0000000089200000, 0x0000000089200000|100%| E|CS|TAMS 0x0000000089100000, 0x0000000089100000| Complete 
| 146|0x0000000089200000, 0x0000000089300000, 0x0000000089300000|100%| E|CS|TAMS 0x0000000089200000, 0x0000000089200000| Complete 
| 147|0x0000000089300000, 0x0000000089400000, 0x0000000089400000|100%| E|CS|TAMS 0x0000000089300000, 0x0000000089300000| Complete 
| 148|0x0000000089400000, 0x0000000089500000, 0x0000000089500000|100%| E|CS|TAMS 0x0000000089400000, 0x0000000089400000| Complete 
| 149|0x0000000089500000, 0x0000000089600000, 0x0000000089600000|100%| E|CS|TAMS 0x0000000089500000, 0x0000000089500000| Complete 
| 150|0x0000000089600000, 0x0000000089700000, 0x0000000089700000|100%| E|CS|TAMS 0x0000000089600000, 0x0000000089600000| Complete 
| 151|0x0000000089700000, 0x0000000089800000, 0x0000000089800000|100%| E|CS|TAMS 0x0000000089700000, 0x0000000089700000| Complete 
| 152|0x0000000089800000, 0x0000000089900000, 0x0000000089900000|100%| E|CS|TAMS 0x0000000089800000, 0x0000000089800000| Complete 
| 153|0x0000000089900000, 0x0000000089a00000, 0x0000000089a00000|100%| E|CS|TAMS 0x0000000089900000, 0x0000000089900000| Complete 
| 154|0x0000000089a00000, 0x0000000089b00000, 0x0000000089b00000|100%| E|CS|TAMS 0x0000000089a00000, 0x0000000089a00000| Complete 
| 155|0x0000000089b00000, 0x0000000089c00000, 0x0000000089c00000|100%| E|CS|TAMS 0x0000000089b00000, 0x0000000089b00000| Complete 
| 156|0x0000000089c00000, 0x0000000089d00000, 0x0000000089d00000|100%| E|CS|TAMS 0x0000000089c00000, 0x0000000089c00000| Complete 
| 157|0x0000000089d00000, 0x0000000089e00000, 0x0000000089e00000|100%| E|CS|TAMS 0x0000000089d00000, 0x0000000089d00000| Complete 
| 158|0x0000000089e00000, 0x0000000089f00000, 0x0000000089f00000|100%| E|CS|TAMS 0x0000000089e00000, 0x0000000089e00000| Complete 
| 159|0x0000000089f00000, 0x000000008a000000, 0x000000008a000000|100%| E|CS|TAMS 0x0000000089f00000, 0x0000000089f00000| Complete 
| 160|0x000000008a000000, 0x000000008a100000, 0x000000008a100000|100%| E|CS|TAMS 0x000000008a000000, 0x000000008a000000| Complete 
| 161|0x000000008a100000, 0x000000008a200000, 0x000000008a200000|100%| E|CS|TAMS 0x000000008a100000, 0x000000008a100000| Complete 
| 162|0x000000008a200000, 0x000000008a300000, 0x000000008a300000|100%| E|CS|TAMS 0x000000008a200000, 0x000000008a200000| Complete 
| 163|0x000000008a300000, 0x000000008a400000, 0x000000008a400000|100%| E|CS|TAMS 0x000000008a300000, 0x000000008a300000| Complete 
| 164|0x000000008a400000, 0x000000008a500000, 0x000000008a500000|100%| E|CS|TAMS 0x000000008a400000, 0x000000008a400000| Complete 
| 165|0x000000008a500000, 0x000000008a600000, 0x000000008a600000|100%| E|CS|TAMS 0x000000008a500000, 0x000000008a500000| Complete 
| 166|0x000000008a600000, 0x000000008a700000, 0x000000008a700000|100%| E|CS|TAMS 0x000000008a600000, 0x000000008a600000| Complete 
| 167|0x000000008a700000, 0x000000008a800000, 0x000000008a800000|100%| E|CS|TAMS 0x000000008a700000, 0x000000008a700000| Complete 
| 168|0x000000008a800000, 0x000000008a900000, 0x000000008a900000|100%| E|CS|TAMS 0x000000008a800000, 0x000000008a800000| Complete 
| 169|0x000000008a900000, 0x000000008aa00000, 0x000000008aa00000|100%| E|CS|TAMS 0x000000008a900000, 0x000000008a900000| Complete 
| 170|0x000000008aa00000, 0x000000008ab00000, 0x000000008ab00000|100%| E|CS|TAMS 0x000000008aa00000, 0x000000008aa00000| Complete 
| 171|0x000000008ab00000, 0x000000008ac00000, 0x000000008ac00000|100%| E|CS|TAMS 0x000000008ab00000, 0x000000008ab00000| Complete 
| 172|0x000000008ac00000, 0x000000008ad00000, 0x000000008ad00000|100%| E|CS|TAMS 0x000000008ac00000, 0x000000008ac00000| Complete 
| 173|0x000000008ad00000, 0x000000008ae00000, 0x000000008ae00000|100%| E|CS|TAMS 0x000000008ad00000, 0x000000008ad00000| Complete 
| 174|0x000000008ae00000, 0x000000008af00000, 0x000000008af00000|100%| E|CS|TAMS 0x000000008ae00000, 0x000000008ae00000| Complete 
| 175|0x000000008af00000, 0x000000008b000000, 0x000000008b000000|100%| E|CS|TAMS 0x000000008af00000, 0x000000008af00000| Complete 
| 176|0x000000008b000000, 0x000000008b100000, 0x000000008b100000|100%| E|CS|TAMS 0x000000008b000000, 0x000000008b000000| Complete 
| 177|0x000000008b100000, 0x000000008b200000, 0x000000008b200000|100%| E|CS|TAMS 0x000000008b100000, 0x000000008b100000| Complete 
| 178|0x000000008b200000, 0x000000008b300000, 0x000000008b300000|100%| E|CS|TAMS 0x000000008b200000, 0x000000008b200000| Complete 
| 179|0x000000008b300000, 0x000000008b400000, 0x000000008b400000|100%| E|CS|TAMS 0x000000008b300000, 0x000000008b300000| Complete 
| 180|0x000000008b400000, 0x000000008b500000, 0x000000008b500000|100%| E|CS|TAMS 0x000000008b400000, 0x000000008b400000| Complete 
| 181|0x000000008b500000, 0x000000008b600000, 0x000000008b600000|100%| E|CS|TAMS 0x000000008b500000, 0x000000008b500000| Complete 
| 182|0x000000008b600000, 0x000000008b700000, 0x000000008b700000|100%| E|CS|TAMS 0x000000008b600000, 0x000000008b600000| Complete 
| 183|0x000000008b700000, 0x000000008b800000, 0x000000008b800000|100%| E|CS|TAMS 0x000000008b700000, 0x000000008b700000| Complete 
| 184|0x000000008b800000, 0x000000008b900000, 0x000000008b900000|100%| E|CS|TAMS 0x000000008b800000, 0x000000008b800000| Complete 

Card table byte_map: [0x000001f6d3af0000,0x000001f6d3ef0000] _byte_map_base: 0x000001f6d36f0000

Marking Bits (Prev, Next): (CMBitMap*) 0x000001f6c0c2ecb0, (CMBitMap*) 0x000001f6c0c2ec78
 Prev Bits: [0x000001f6d62f0000, 0x000001f6d82f0000)
 Next Bits: [0x000001f6d42f0000, 0x000001f6d62f0000)

Polling page: 0x000001f6beb80000

Metaspace:

Usage:
  Non-class:     68.28 MB capacity,    67.17 MB ( 98%) used,   939.42 KB (  1%) free+waste,   196.63 KB ( <1%) overhead. 
      Class:     10.74 MB capacity,    10.07 MB ( 94%) used,   592.05 KB (  5%) free+waste,    91.75 KB ( <1%) overhead. 
       Both:     79.03 MB capacity,    77.25 MB ( 98%) used,     1.50 MB (  2%) free+waste,   288.38 KB ( <1%) overhead. 

Virtual space:
  Non-class space:       70.00 MB reserved,      68.50 MB ( 98%) committed 
      Class space:        1.00 GB reserved,      10.82 MB (  1%) committed 
             Both:        1.07 GB reserved,      79.32 MB (  7%) committed 

Chunk freelists:
   Non-Class:  29.00 KB
       Class:  8.00 KB
        Both:  37.00 KB

MaxMetaspaceSize: 17179869184.00 GB
CompressedClassSpaceSize: 1.00 GB

CodeHeap 'non-profiled nmethods': size=120064Kb used=4986Kb max_used=4986Kb free=115077Kb
 bounds [0x000001f6cc1b0000, 0x000001f6cc690000, 0x000001f6d36f0000]
CodeHeap 'profiled nmethods': size=120000Kb used=17192Kb max_used=17192Kb free=102807Kb
 bounds [0x000001f6c4c80000, 0x000001f6c5d50000, 0x000001f6cc1b0000]
CodeHeap 'non-nmethods': size=5696Kb used=2272Kb max_used=2317Kb free=3424Kb
 bounds [0x000001f6c46f0000, 0x000001f6c4960000, 0x000001f6c4c80000]
 total_blobs=8751 nmethods=7883 adapters=779
 compilation: enabled
              stopped_count=0, restarted_count=0
 full_count=0

Compilation events (20 events):
Event: 25.574 Thread 0x000001f6da7fa800 7889       3       com.sun.xml.bind.v2.model.impl.ElementPropertyInfoImpl::getTypes (469 bytes)
Event: 25.582 Thread 0x000001f6da7fa800 nmethod 7889 0x000001f6c5d2f690 code [0x000001f6c5d2fe40, 0x000001f6c5d34dc8]
Event: 25.582 Thread 0x000001f6da7fa800 7888       3       com.sun.xml.bind.v2.model.impl.RuntimeElementPropertyInfoImpl::getTypes (5 bytes)
Event: 25.583 Thread 0x000001f6da7fa800 nmethod 7888 0x000001f6c5d36690 code [0x000001f6c5d36840, 0x000001f6c5d36968]
Event: 25.583 Thread 0x000001f6da7fa800 7890       3       com.sun.xml.bind.v2.model.impl.ModelBuilder::getTypeInfo (116 bytes)
Event: 25.584 Thread 0x000001f6da7fa800 nmethod 7890 0x000001f6c5d36a10 code [0x000001f6c5d36cc0, 0x000001f6c5d37d18]
Event: 25.584 Thread 0x000001f6da7fa800 7891       3       com.sun.xml.bind.v2.model.impl.RuntimeTypeInfoSetImpl::getTypeInfo (9 bytes)
Event: 25.584 Thread 0x000001f6da7fa800 nmethod 7891 0x000001f6c5d38190 code [0x000001f6c5d38360, 0x000001f6c5d386e8]
Event: 25.584 Thread 0x000001f6da7fa800 7892       3       com.sun.xml.bind.v2.model.impl.RuntimeTypeInfoSetImpl::getTypeInfo (9 bytes)
Event: 25.584 Thread 0x000001f6da7fa800 nmethod 7892 0x000001f6c5d38810 code [0x000001f6c5d389e0, 0x000001f6c5d38c08]
Event: 25.584 Thread 0x000001f6da7fa800 7887       3       com.sun.xml.bind.v2.model.impl.ElementPropertyInfoImpl::kind (4 bytes)
Event: 25.584 Thread 0x000001f6da7fa800 nmethod 7887 0x000001f6c5d38d10 code [0x000001f6c5d38ec0, 0x000001f6c5d38fd8]
Event: 25.659 Thread 0x000001f6da7fa800 7893       1       com.sun.xml.bind.v2.model.impl.ElementPropertyInfoImpl::isValueList (5 bytes)
Event: 25.659 Thread 0x000001f6da7fa800 nmethod 7893 0x000001f6cc68c090 code [0x000001f6cc68c240, 0x000001f6cc68c2f8]
Event: 25.660 Thread 0x000001f6da7fa800 7894       1       com.sun.xml.bind.v2.model.impl.ElementPropertyInfoImpl::ref (5 bytes)
Event: 25.660 Thread 0x000001f6da7fa800 nmethod 7894 0x000001f6cc68c390 code [0x000001f6cc68c540, 0x000001f6cc68c5f8]
Event: 25.662 Thread 0x000001f6da7fa800 7895       3       com.sun.xml.bind.v2.model.impl.ElementPropertyInfoImpl$1::size (13 bytes)
Event: 25.662 Thread 0x000001f6da7fa800 nmethod 7895 0x000001f6c5d39090 code [0x000001f6c5d39260, 0x000001f6c5d394d8]
Event: 25.670 Thread 0x000001f6da7fa800 7896   !   3       java.util.logging.LogManager::ensureLogManagerInitialized (144 bytes)
Event: 25.671 Thread 0x000001f6da7fa800 nmethod 7896 0x000001f6c5d39610 code [0x000001f6c5d398c0, 0x000001f6c5d3a598]

GC Heap History (20 events):
Event: 5.012 GC heap before
{Heap before GC invocations=4 (full 0):
 garbage-first heap   total 131072K, used 42940K [0x0000000080000000, 0x0000000100000000)
  region size 1024K, 33 young (33792K), 6 survivors (6144K)
 Metaspace       used 20654K, capacity 21079K, committed 21248K, reserved 1067008K
  class space    used 2538K, capacity 2693K, committed 2816K, reserved 1048576K
}
Event: 5.022 GC heap after
{Heap after GC invocations=5 (full 0):
 garbage-first heap   total 131072K, used 17516K [0x0000000080000000, 0x0000000100000000)
  region size 1024K, 2 young (2048K), 2 survivors (2048K)
 Metaspace       used 20654K, capacity 21079K, committed 21248K, reserved 1067008K
  class space    used 2538K, capacity 2693K, committed 2816K, reserved 1048576K
}
Event: 6.398 GC heap before
{Heap before GC invocations=6 (full 0):
 garbage-first heap   total 131072K, used 66668K [0x0000000080000000, 0x0000000100000000)
  region size 1024K, 50 young (51200K), 2 survivors (2048K)
 Metaspace       used 25735K, capacity 26331K, committed 26368K, reserved 1073152K
  class space    used 3358K, capacity 3578K, committed 3584K, reserved 1048576K
}
Event: 6.404 GC heap after
{Heap after GC invocations=7 (full 0):
 garbage-first heap   total 131072K, used 19272K [0x0000000080000000, 0x0000000100000000)
  region size 1024K, 3 young (3072K), 3 survivors (3072K)
 Metaspace       used 25735K, capacity 26331K, committed 26368K, reserved 1073152K
  class space    used 3358K, capacity 3578K, committed 3584K, reserved 1048576K
}
Event: 8.391 GC heap before
{Heap before GC invocations=7 (full 0):
 garbage-first heap   total 131072K, used 81736K [0x0000000080000000, 0x0000000100000000)
  region size 1024K, 65 young (66560K), 3 survivors (3072K)
 Metaspace       used 35009K, capacity 35790K, committed 35840K, reserved 1081344K
  class space    used 4553K, capacity 4863K, committed 4864K, reserved 1048576K
}
Event: 8.408 GC heap after
{Heap after GC invocations=8 (full 0):
 garbage-first heap   total 131072K, used 22893K [0x0000000080000000, 0x0000000100000000)
  region size 1024K, 7 young (7168K), 7 survivors (7168K)
 Metaspace       used 35009K, capacity 35790K, committed 35840K, reserved 1081344K
  class space    used 4553K, capacity 4863K, committed 4864K, reserved 1048576K
}
Event: 10.718 GC heap before
{Heap before GC invocations=9 (full 0):
 garbage-first heap   total 131072K, used 89453K [0x0000000080000000, 0x0000000100000000)
  region size 1024K, 70 young (71680K), 7 survivors (7168K)
 Metaspace       used 39864K, capacity 40795K, committed 41036K, reserved 1085440K
  class space    used 5096K, capacity 5438K, committed 5452K, reserved 1048576K
}
Event: 10.745 GC heap after
{Heap after GC invocations=10 (full 0):
 garbage-first heap   total 157696K, used 28078K [0x0000000080000000, 0x0000000100000000)
  region size 1024K, 9 young (9216K), 9 survivors (9216K)
 Metaspace       used 39864K, capacity 40795K, committed 41036K, reserved 1085440K
  class space    used 5096K, capacity 5438K, committed 5452K, reserved 1048576K
}
Event: 12.673 GC heap before
{Heap before GC invocations=10 (full 0):
 garbage-first heap   total 157696K, used 104878K [0x0000000080000000, 0x0000000100000000)
  region size 1024K, 84 young (86016K), 9 survivors (9216K)
 Metaspace       used 46311K, capacity 47364K, committed 47564K, reserved 1091584K
  class space    used 5958K, capacity 6340K, committed 6348K, reserved 1048576K
}
Event: 12.691 GC heap after
{Heap after GC invocations=11 (full 0):
 garbage-first heap   total 157696K, used 30471K [0x0000000080000000, 0x0000000100000000)
  region size 1024K, 8 young (8192K), 8 survivors (8192K)
 Metaspace       used 46311K, capacity 47364K, committed 47564K, reserved 1091584K
  class space    used 5958K, capacity 6340K, committed 6348K, reserved 1048576K
}
Event: 15.364 GC heap before
{Heap before GC invocations=11 (full 0):
 garbage-first heap   total 157696K, used 124679K [0x0000000080000000, 0x0000000100000000)
  region size 1024K, 92 young (94208K), 8 survivors (8192K)
 Metaspace       used 51652K, capacity 52927K, committed 53196K, reserved 1095680K
  class space    used 6574K, capacity 7045K, committed 7116K, reserved 1048576K
}
Event: 15.387 GC heap after
{Heap after GC invocations=12 (full 0):
 garbage-first heap   total 157696K, used 50332K [0x0000000080000000, 0x0000000100000000)
  region size 1024K, 12 young (12288K), 12 survivors (12288K)
 Metaspace       used 51652K, capacity 52927K, committed 53196K, reserved 1095680K
  class space    used 6574K, capacity 7045K, committed 7116K, reserved 1048576K
}
Event: 16.956 GC heap before
{Heap before GC invocations=12 (full 0):
 garbage-first heap   total 157696K, used 95388K [0x0000000080000000, 0x0000000100000000)
  region size 1024K, 57 young (58368K), 12 survivors (12288K)
 Metaspace       used 58608K, capacity 60080K, committed 60236K, reserved 1101824K
  class space    used 7447K, capacity 7975K, committed 8012K, reserved 1048576K
}
Event: 16.988 GC heap after
{Heap after GC invocations=13 (full 0):
 garbage-first heap   total 157696K, used 53169K [0x0000000080000000, 0x0000000100000000)
  region size 1024K, 3 young (3072K), 3 survivors (3072K)
 Metaspace       used 58608K, capacity 60080K, committed 60236K, reserved 1101824K
  class space    used 7447K, capacity 7975K, committed 8012K, reserved 1048576K
}
Event: 18.955 GC heap before
{Heap before GC invocations=14 (full 0):
 garbage-first heap   total 157696K, used 110513K [0x0000000080000000, 0x0000000100000000)
  region size 1024K, 59 young (60416K), 3 survivors (3072K)
 Metaspace       used 64044K, capacity 65576K, committed 65868K, reserved 1105920K
  class space    used 8112K, capacity 8687K, committed 8780K, reserved 1048576K
}
Event: 18.970 GC heap after
{Heap after GC invocations=15 (full 0):
 garbage-first heap   total 189440K, used 58199K [0x0000000080000000, 0x0000000100000000)
  region size 1024K, 8 young (8192K), 8 survivors (8192K)
 Metaspace       used 64044K, capacity 65576K, committed 65868K, reserved 1105920K
  class space    used 8112K, capacity 8687K, committed 8780K, reserved 1048576K
}
Event: 20.943 GC heap before
{Heap before GC invocations=15 (full 0):
 garbage-first heap   total 189440K, used 128855K [0x0000000080000000, 0x0000000100000000)
  region size 1024K, 77 young (78848K), 8 survivors (8192K)
 Metaspace       used 67223K, capacity 68844K, committed 69068K, reserved 1110016K
  class space    used 8537K, capacity 9152K, committed 9164K, reserved 1048576K
}
Event: 20.962 GC heap after
{Heap after GC invocations=16 (full 0):
 garbage-first heap   total 189440K, used 62563K [0x0000000080000000, 0x0000000100000000)
  region size 1024K, 6 young (6144K), 6 survivors (6144K)
 Metaspace       used 67223K, capacity 68844K, committed 69068K, reserved 1110016K
  class space    used 8537K, capacity 9152K, committed 9164K, reserved 1048576K
}
Event: 23.150 GC heap before
{Heap before GC invocations=16 (full 0):
 garbage-first heap   total 189440K, used 134243K [0x0000000080000000, 0x0000000100000000)
  region size 1024K, 76 young (77824K), 6 survivors (6144K)
 Metaspace       used 73110K, capacity 74768K, committed 74956K, reserved 1114112K
  class space    used 9446K, capacity 10056K, committed 10188K, reserved 1048576K
}
Event: 23.172 GC heap after
{Heap after GC invocations=17 (full 0):
 garbage-first heap   total 189440K, used 66864K [0x0000000080000000, 0x0000000100000000)
  region size 1024K, 10 young (10240K), 10 survivors (10240K)
 Metaspace       used 73110K, capacity 74768K, committed 74956K, reserved 1114112K
  class space    used 9446K, capacity 10056K, committed 10188K, reserved 1048576K
}

Deoptimization events (20 events):
Event: 24.190 Thread 0x000001f6dc2aa800 Uncommon trap: trap_request=0xffffff4d fr.pc=0x000001f6cc5451b4 relative=0x0000000000002854
Event: 24.190 Thread 0x000001f6dc2aa800 Uncommon trap: reason=unstable_if action=reinterpret pc=0x000001f6cc5451b4 method=java.util.HashMap.getNode(ILjava/lang/Object;)Ljava/util/HashMap$Node; @ 84 c2
Event: 24.190 Thread 0x000001f6dc2aa800 DEOPT PACKING pc=0x000001f6cc5451b4 sp=0x0000008f7f6f9310
Event: 24.190 Thread 0x000001f6dc2aa800 DEOPT UNPACKING pc=0x000001f6c47165af sp=0x0000008f7f6f9208 mode 2
Event: 24.190 Thread 0x000001f6dc2aa800 Uncommon trap: trap_request=0xffffff4d fr.pc=0x000001f6cc56a304 relative=0x00000000000002c4
Event: 24.190 Thread 0x000001f6dc2aa800 Uncommon trap: reason=unstable_if action=reinterpret pc=0x000001f6cc56a304 method=java.util.HashMap.getNode(ILjava/lang/Object;)Ljava/util/HashMap$Node; @ 84 c2
Event: 24.190 Thread 0x000001f6dc2aa800 DEOPT PACKING pc=0x000001f6cc56a304 sp=0x0000008f7f6f92d0
Event: 24.190 Thread 0x000001f6dc2aa800 DEOPT UNPACKING pc=0x000001f6c47165af sp=0x0000008f7f6f91f0 mode 2
Event: 24.190 Thread 0x000001f6dc2aa800 Uncommon trap: trap_request=0xffffff4d fr.pc=0x000001f6cc43a8e8 relative=0x00000000000001a8
Event: 24.190 Thread 0x000001f6dc2aa800 Uncommon trap: reason=unstable_if action=reinterpret pc=0x000001f6cc43a8e8 method=java.util.HashMap.getNode(ILjava/lang/Object;)Ljava/util/HashMap$Node; @ 84 c2
Event: 24.190 Thread 0x000001f6dc2aa800 DEOPT PACKING pc=0x000001f6cc43a8e8 sp=0x0000008f7f6f9270
Event: 24.190 Thread 0x000001f6dc2aa800 DEOPT UNPACKING pc=0x000001f6c47165af sp=0x0000008f7f6f91f8 mode 2
Event: 24.674 Thread 0x000001f6dc2aa800 Uncommon trap: trap_request=0xffffff4d fr.pc=0x000001f6cc46a1a8 relative=0x0000000000000c68
Event: 24.674 Thread 0x000001f6dc2aa800 Uncommon trap: reason=unstable_if action=reinterpret pc=0x000001f6cc46a1a8 method=sun.nio.fs.WindowsPathParser.normalize(Ljava/lang/StringBuilder;Ljava/lang/String;I)Ljava/lang/String; @ 172 c2
Event: 24.674 Thread 0x000001f6dc2aa800 DEOPT PACKING pc=0x000001f6cc46a1a8 sp=0x0000008f7f6f9450
Event: 24.674 Thread 0x000001f6dc2aa800 DEOPT UNPACKING pc=0x000001f6c47165af sp=0x0000008f7f6f9420 mode 2
Event: 24.730 Thread 0x000001f6dc2aa800 Uncommon trap: trap_request=0xffffff4d fr.pc=0x000001f6cc2d0e98 relative=0x0000000000000798
Event: 24.730 Thread 0x000001f6dc2aa800 Uncommon trap: reason=unstable_if action=reinterpret pc=0x000001f6cc2d0e98 method=java.util.jar.JarFile.getVersionedEntry(Ljava/lang/String;Ljava/util/jar/JarEntry;)Ljava/util/jar/JarEntry; @ 67 c2
Event: 24.731 Thread 0x000001f6dc2aa800 DEOPT PACKING pc=0x000001f6cc2d0e98 sp=0x0000008f7f6f76c0
Event: 24.731 Thread 0x000001f6dc2aa800 DEOPT UNPACKING pc=0x000001f6c47165af sp=0x0000008f7f6f76a8 mode 2

Classes redefined (0 events):
No events

Internal exceptions (20 events):
Event: 23.359 Thread 0x000001f6dc2aa800 Exception <a 'java/lang/ClassNotFoundException'{0x000000008ae59288}: org/gradle/api/internal/file/collections/DefaultConfigurableFileCollectionCustomizer> (0x000000008ae59288) thrown at [./src/hotspot/share/classfile/systemDictionary.cpp, line 231]
Event: 23.395 Thread 0x000001f6dc2aa800 Exception <a 'java/lang/ClassNotFoundException'{0x000000008aeec460}: org/gradle/api/internal/tasks/DefaultTaskContainer$TaskCreatingProvider_DecoratedBeanInfo> (0x000000008aeec460) thrown at [./src/hotspot/share/classfile/systemDictionary.cpp, line 231]
Event: 23.396 Thread 0x000001f6dc2aa800 Exception <a 'java/lang/ClassNotFoundException'{0x000000008ad088b0}: org/gradle/api/internal/tasks/DefaultTaskContainer$TaskCreatingProviderBeanInfo> (0x000000008ad088b0) thrown at [./src/hotspot/share/classfile/systemDictionary.cpp, line 231]
Event: 23.397 Thread 0x000001f6dc2aa800 Exception <a 'java/lang/ClassNotFoundException'{0x000000008ad27eb8}: org/gradle/api/internal/DefaultNamedDomainObjectCollection$AbstractDomainObjectCreatingProviderBeanInfo> (0x000000008ad27eb8) thrown at [./src/hotspot/share/classfile/systemDictionary.cpp, line 231]
Event: 23.398 Thread 0x000001f6dc2aa800 Exception <a 'java/lang/ClassNotFoundException'{0x000000008ad47298}: org/gradle/api/internal/DefaultNamedDomainObjectCollection$AbstractNamedDomainObjectProviderBeanInfo> (0x000000008ad47298) thrown at [./src/hotspot/share/classfile/systemDictionary.cpp, line 231]
Event: 23.400 Thread 0x000001f6dc2aa800 Exception <a 'java/lang/ClassNotFoundException'{0x000000008ad66808}: org/gradle/api/internal/DefaultNamedDomainObjectCollection$AbstractNamedDomainObjectProviderCustomizer> (0x000000008ad66808) thrown at [./src/hotspot/share/classfile/systemDictionary.cpp, line 231]
Event: 23.402 Thread 0x000001f6dc2aa800 Exception <a 'java/lang/ClassNotFoundException'{0x000000008ad982c0}: org/gradle/api/internal/DefaultNamedDomainObjectCollection$AbstractDomainObjectCreatingProviderCustomizer> (0x000000008ad982c0) thrown at [./src/hotspot/share/classfile/systemDictionary.cpp, line 231]
Event: 23.405 Thread 0x000001f6dc2aa800 Exception <a 'java/lang/ClassNotFoundException'{0x000000008adbeb68}: org/gradle/api/internal/tasks/DefaultTaskContainer$TaskCreatingProviderCustomizer> (0x000000008adbeb68) thrown at [./src/hotspot/share/classfile/systemDictionary.cpp, line 231]
Event: 23.410 Thread 0x000001f6dc2aa800 Exception <a 'java/lang/ClassNotFoundException'{0x000000008ade4350}: org/gradle/api/internal/tasks/DefaultTaskContainer$TaskCreatingProvider_DecoratedCustomizer> (0x000000008ade4350) thrown at [./src/hotspot/share/classfile/systemDictionary.cpp, line 231]
Event: 23.663 Thread 0x000001f6dc2aa800 Exception <a 'java/lang/ClassNotFoundException'{0x000000008a619310}: com/google/android/gms/dependencies/DependencyAnalyzerBeanInfo> (0x000000008a619310) thrown at [./src/hotspot/share/classfile/systemDictionary.cpp, line 231]
Event: 23.664 Thread 0x000001f6dc2aa800 Exception <a 'java/lang/ClassNotFoundException'{0x000000008a634458}: com/google/android/gms/dependencies/DependencyAnalyzerCustomizer> (0x000000008a634458) thrown at [./src/hotspot/share/classfile/systemDictionary.cpp, line 231]
Event: 23.681 Thread 0x000001f6dc2aa800 Exception <a 'java/lang/ClassNotFoundException'{0x000000008a6c77e0}: com/google/android/gms/dependencies/DependencyInspectorBeanInfo> (0x000000008a6c77e0) thrown at [./src/hotspot/share/classfile/systemDictionary.cpp, line 231]
Event: 23.682 Thread 0x000001f6dc2aa800 Exception <a 'java/lang/ClassNotFoundException'{0x000000008a6e29a8}: com/google/android/gms/dependencies/DependencyInspectorCustomizer> (0x000000008a6e29a8) thrown at [./src/hotspot/share/classfile/systemDictionary.cpp, line 231]
Event: 23.694 Thread 0x000001f6dc2aa800 Exception <a 'java/lang/ClassNotFoundException'{0x000000008a54fa48}: org/gradle/invocation/DefaultGradle_DecoratedBeanInfo> (0x000000008a54fa48) thrown at [./src/hotspot/share/classfile/systemDictionary.cpp, line 231]
Event: 23.694 Thread 0x000001f6dc2aa800 Exception <a 'java/lang/ClassNotFoundException'{0x000000008a565820}: org/gradle/invocation/DefaultGradleBeanInfo> (0x000000008a565820) thrown at [./src/hotspot/share/classfile/systemDictionary.cpp, line 231]
Event: 23.695 Thread 0x000001f6dc2aa800 Exception <a 'java/lang/ClassNotFoundException'{0x000000008a57b640}: org/gradle/invocation/DefaultGradleCustomizer> (0x000000008a57b640) thrown at [./src/hotspot/share/classfile/systemDictionary.cpp, line 231]
Event: 23.700 Thread 0x000001f6dc2aa800 Exception <a 'java/lang/ClassNotFoundException'{0x000000008a5c2fb8}: org/gradle/invocation/DefaultGradle_DecoratedCustomizer> (0x000000008a5c2fb8) thrown at [./src/hotspot/share/classfile/systemDictionary.cpp, line 231]
Event: 24.560 Thread 0x000001f6dc2aa800 Exception <a 'sun/nio/fs/WindowsException'{0x0000000088ff04b0}> (0x0000000088ff04b0) thrown at [./src/hotspot/share/prims/jni.cpp, line 615]
Event: 24.561 Thread 0x000001f6dc2aa800 Exception <a 'sun/nio/fs/WindowsException'{0x0000000088ff0890}> (0x0000000088ff0890) thrown at [./src/hotspot/share/prims/jni.cpp, line 615]
Event: 24.882 Thread 0x000001f6dc2aa800 Exception <a 'java/lang/NullPointerException'{0x0000000088468a48}> (0x0000000088468a48) thrown at [./src/hotspot/share/interpreter/linkResolver.cpp, line 1440]

Events (20 events):
Event: 25.664 loading class com/sun/xml/bind/v2/runtime/reflect/DefaultTransducedAccessor
Event: 25.664 loading class com/sun/xml/bind/v2/runtime/reflect/DefaultTransducedAccessor done
Event: 25.664 loading class com/sun/xml/bind/v2/runtime/reflect/TransducedAccessor$IDREFTransducedAccessorImpl
Event: 25.664 loading class com/sun/xml/bind/v2/runtime/reflect/TransducedAccessor$IDREFTransducedAccessorImpl done
Event: 25.665 loading class com/sun/xml/bind/v2/runtime/reflect/TransducedAccessor$CompositeContextDependentTransducedAccessorImpl
Event: 25.665 loading class com/sun/xml/bind/v2/runtime/reflect/TransducedAccessor$CompositeContextDependentTransducedAccessorImpl done
Event: 25.666 loading class com/sun/xml/bind/v2/runtime/reflect/TransducedAccessor$CompositeTransducedAccessorImpl
Event: 25.666 loading class com/sun/xml/bind/v2/runtime/reflect/TransducedAccessor$CompositeTransducedAccessorImpl done
Event: 25.668 loading class com/sun/xml/bind/v2/runtime/property/Utils
Event: 25.668 loading class com/sun/xml/bind/v2/runtime/property/Utils done
Event: 25.670 loading class com/sun/xml/bind/v2/runtime/property/Utils$1
Event: 25.670 loading class com/sun/xml/bind/v2/runtime/property/Utils$1 done
Event: 25.671 loading class com/sun/xml/bind/v2/runtime/reflect/Lister
Event: 25.671 loading class com/sun/xml/bind/v2/runtime/reflect/Lister done
Event: 25.672 loading class com/sun/xml/bind/v2/runtime/reflect/Lister$1
Event: 25.672 loading class com/sun/xml/bind/v2/runtime/reflect/Lister$1 done
Event: 25.673 loading class com/sun/xml/bind/v2/runtime/reflect/ListIterator
Event: 25.673 loading class com/sun/xml/bind/v2/runtime/reflect/ListIterator done
Event: 25.674 loading class com/sun/xml/bind/v2/runtime/reflect/Lister$CollectionLister
Event: 25.674 loading class com/sun/xml/bind/v2/runtime/reflect/Lister$CollectionLister done


Dynamic libraries:
0x00007ff6ad950000 - 0x00007ff6ad95a000 	C:\Program Files\Android\Android Studio\jre\bin\java.exe
0x00007ffcdf090000 - 0x00007ffcdf285000 	C:\Windows\SYSTEM32\ntdll.dll
0x00007ffcdebd0000 - 0x00007ffcdec8d000 	C:\Windows\System32\KERNEL32.DLL
0x00007ffcdc7a0000 - 0x00007ffcdca6d000 	C:\Windows\System32\KERNELBASE.dll
0x00007ffcdcf30000 - 0x00007ffcdd030000 	C:\Windows\System32\ucrtbase.dll
0x00007ffccbc70000 - 0x00007ffccbc89000 	C:\Program Files\Android\Android Studio\jre\bin\jli.dll
0x00007ffcdd400000 - 0x00007ffcdd5a0000 	C:\Windows\System32\USER32.dll
0x00007ffcdcdd0000 - 0x00007ffcdcdf2000 	C:\Windows\System32\win32u.dll
0x00007ffcdd5f0000 - 0x00007ffcdd61a000 	C:\Windows\System32\GDI32.dll
0x00007ffcdcc70000 - 0x00007ffcdcd7b000 	C:\Windows\System32\gdi32full.dll
0x00007ffcdcbd0000 - 0x00007ffcdcc6d000 	C:\Windows\System32\msvcp_win.dll
0x00007ffcb49d0000 - 0x00007ffcb49e7000 	C:\Program Files\Android\Android Studio\jre\bin\VCRUNTIME140.dll
0x00007ffccca40000 - 0x00007ffccccda000 	C:\Windows\WinSxS\amd64_microsoft.windows.common-controls_6595b64144ccf1df_6.0.19041.1110_none_60b5254171f9507e\COMCTL32.dll
0x00007ffcdefb0000 - 0x00007ffcdf04e000 	C:\Windows\System32\msvcrt.dll
0x00007ffcdd5c0000 - 0x00007ffcdd5f0000 	C:\Windows\System32\IMM32.DLL
0x00007ffca3df0000 - 0x00007ffca3e8d000 	C:\Program Files\Android\Android Studio\jre\bin\msvcp140.dll
0x00007ffc799a0000 - 0x00007ffc7a475000 	C:\Program Files\Android\Android Studio\jre\bin\server\jvm.dll
0x00007ffcde950000 - 0x00007ffcde9fe000 	C:\Windows\System32\ADVAPI32.dll
0x00007ffcdd6d0000 - 0x00007ffcdd76c000 	C:\Windows\System32\sechost.dll
0x00007ffcdd1f0000 - 0x00007ffcdd315000 	C:\Windows\System32\RPCRT4.dll
0x00007ffcdd390000 - 0x00007ffcdd398000 	C:\Windows\System32\PSAPI.DLL
0x00007ffcc2f50000 - 0x00007ffcc2f59000 	C:\Windows\SYSTEM32\WSOCK32.dll
0x00007ffcdd320000 - 0x00007ffcdd38b000 	C:\Windows\System32\WS2_32.dll
0x00007ffcd0780000 - 0x00007ffcd07a7000 	C:\Windows\SYSTEM32\WINMM.dll
0x00007ffcd3a00000 - 0x00007ffcd3a0a000 	C:\Windows\SYSTEM32\VERSION.dll
0x00007ffcda030000 - 0x00007ffcda042000 	C:\Windows\SYSTEM32\kernel.appcore.dll
0x00007ffcd7bc0000 - 0x00007ffcd7bd1000 	C:\Program Files\Android\Android Studio\jre\bin\verify.dll
0x00007ffcdc1c0000 - 0x00007ffcdc3a4000 	C:\Windows\SYSTEM32\DBGHELP.DLL
0x00007ffcdbea0000 - 0x00007ffcdbecc000 	C:\Windows\SYSTEM32\dbgcore.DLL
0x00007ffcdce00000 - 0x00007ffcdce82000 	C:\Windows\System32\bcryptPrimitives.dll
0x00007ffcd7190000 - 0x00007ffcd71b9000 	C:\Program Files\Android\Android Studio\jre\bin\java.dll
0x00007ffcd9870000 - 0x00007ffcd987b000 	C:\Program Files\Android\Android Studio\jre\bin\jimage.dll
0x00007ffcd7ba0000 - 0x00007ffcd7bb8000 	C:\Program Files\Android\Android Studio\jre\bin\zip.dll
0x00007ffcde1a0000 - 0x00007ffcde8e4000 	C:\Windows\System32\SHELL32.dll
0x00007ffcda230000 - 0x00007ffcda9c4000 	C:\Windows\SYSTEM32\windows.storage.dll
0x00007ffcdd9c0000 - 0x00007ffcddd14000 	C:\Windows\System32\combase.dll
0x00007ffcdba50000 - 0x00007ffcdba7c000 	C:\Windows\SYSTEM32\Wldp.dll
0x00007ffcdd620000 - 0x00007ffcdd6cd000 	C:\Windows\System32\SHCORE.dll
0x00007ffcdd190000 - 0x00007ffcdd1e5000 	C:\Windows\System32\shlwapi.dll
0x00007ffcdc6e0000 - 0x00007ffcdc6ff000 	C:\Windows\SYSTEM32\profapi.dll
0x00007ffcd7170000 - 0x00007ffcd718a000 	C:\Program Files\Android\Android Studio\jre\bin\net.dll
0x00007ffcd6970000 - 0x00007ffcd6a7a000 	C:\Windows\SYSTEM32\WINHTTP.dll
0x00007ffcdb9a0000 - 0x00007ffcdba0a000 	C:\Windows\system32\mswsock.dll
0x00007ffcd5340000 - 0x00007ffcd5354000 	C:\Program Files\Android\Android Studio\jre\bin\nio.dll
0x00007ffcb0230000 - 0x00007ffcb0257000 	C:\Users\Usuario\.gradle\native\e1d6ef7f7dcc3fd88c89a11ec53ec762bb8ba0a96d01ffa2cd45eb1d1d8dd5c5\windows-amd64\native-platform.dll
0x00007ffc8bd50000 - 0x00007ffc8be94000 	C:\Users\Usuario\.gradle\native\5664cfc778a61ccfe75a443a1ab52a65af34e5dc3c78e0209fed803814484fcb\windows-amd64\native-platform-file-events.dll
0x00007ffcd7c00000 - 0x00007ffcd7c0a000 	C:\Program Files\Android\Android Studio\jre\bin\management.dll
0x00007ffcd7800000 - 0x00007ffcd780d000 	C:\Program Files\Android\Android Studio\jre\bin\management_ext.dll
0x00007ffcdc530000 - 0x00007ffcdc548000 	C:\Windows\SYSTEM32\CRYPTSP.dll
0x00007ffcdb1d0000 - 0x00007ffcdb204000 	C:\Windows\system32\rsaenh.dll
0x00007ffcdce90000 - 0x00007ffcdceb7000 	C:\Windows\System32\bcrypt.dll
0x00007ffcdc660000 - 0x00007ffcdc68e000 	C:\Windows\SYSTEM32\USERENV.dll
0x00007ffcdb890000 - 0x00007ffcdb89c000 	C:\Windows\SYSTEM32\CRYPTBASE.dll
0x00007ffcdb520000 - 0x00007ffcdb55b000 	C:\Windows\SYSTEM32\IPHLPAPI.DLL
0x00007ffcdea00000 - 0x00007ffcdea08000 	C:\Windows\System32\NSI.dll
0x00007ffccfa00000 - 0x00007ffccfa17000 	C:\Windows\SYSTEM32\dhcpcsvc6.DLL
0x00007ffccf9e0000 - 0x00007ffccf9fd000 	C:\Windows\SYSTEM32\dhcpcsvc.DLL
0x00007ffcdb560000 - 0x00007ffcdb62b000 	C:\Windows\SYSTEM32\DNSAPI.dll

dbghelp: loaded successfully - version: 4.0.5 - missing functions: none
symbol engine: initialized successfully - sym options: 0x614 - pdb path: .;C:\Program Files\Android\Android Studio\jre\bin;C:\Windows\SYSTEM32;C:\Windows\WinSxS\amd64_microsoft.windows.common-controls_6595b64144ccf1df_6.0.19041.1110_none_60b5254171f9507e;C:\Program Files\Android\Android Studio\jre\bin\server;C:\Users\Usuario\.gradle\native\e1d6ef7f7dcc3fd88c89a11ec53ec762bb8ba0a96d01ffa2cd45eb1d1d8dd5c5\windows-amd64;C:\Users\Usuario\.gradle\native\5664cfc778a61ccfe75a443a1ab52a65af34e5dc3c78e0209fed803814484fcb\windows-amd64

VM Arguments:
jvm_args: --add-opens=java.base/java.util=ALL-UNNAMED --add-opens=java.base/java.lang=ALL-UNNAMED --add-opens=java.base/java.lang.invoke=ALL-UNNAMED --add-opens=java.base/java.util=ALL-UNNAMED --add-opens=java.prefs/java.util.prefs=ALL-UNNAMED --add-opens=java.prefs/java.util.prefs=ALL-UNNAMED --add-opens=java.base/java.nio.charset=ALL-UNNAMED --add-opens=java.base/java.net=ALL-UNNAMED --add-opens=java.base/java.util.concurrent.atomic=ALL-UNNAMED -Xmx2048m -Dfile.encoding=UTF-8 -Duser.country=US -Duser.language=en -Duser.variant 
java_command: org.gradle.launcher.daemon.bootstrap.GradleDaemon 7.2
java_class_path (initial): C:\Users\Usuario\.gradle\wrapper\dists\gradle-7.2-bin\2dnblmf4td7x66yl1d74lt32g\gradle-7.2\lib\gradle-launcher-7.2.jar
Launcher Type: SUN_STANDARD

[Global flags]
     intx CICompilerCount                          = 3                                         {product} {ergonomic}
     uint ConcGCThreads                            = 1                                         {product} {ergonomic}
     uint G1ConcRefinementThreads                  = 4                                         {product} {ergonomic}
   size_t G1HeapRegionSize                         = 1048576                                   {product} {ergonomic}
    uintx GCDrainStackTargetSize                   = 64                                        {product} {ergonomic}
   size_t InitialHeapSize                          = 134217728                                 {product} {ergonomic}
   size_t MarkStackSize                            = 4194304                                   {product} {ergonomic}
   size_t MaxHeapSize                              = 2147483648                                {product} {command line}
   size_t MaxNewSize                               = 1287651328                                {product} {ergonomic}
   size_t MinHeapDeltaBytes                        = 1048576                                   {product} {ergonomic}
    uintx NonNMethodCodeHeapSize                   = 5830732                                {pd product} {ergonomic}
    uintx NonProfiledCodeHeapSize                  = 122913754                              {pd product} {ergonomic}
    uintx ProfiledCodeHeapSize                     = 122913754                              {pd product} {ergonomic}
    uintx ReservedCodeCacheSize                    = 251658240                              {pd product} {ergonomic}
     bool SegmentedCodeCache                       = true                                      {product} {ergonomic}
     bool UseCompressedClassPointers               = true                                 {lp64_product} {ergonomic}
     bool UseCompressedOops                        = true                                 {lp64_product} {ergonomic}
     bool UseG1GC                                  = true                                      {product} {ergonomic}
     bool UseLargePagesIndividualAllocation        = false                                  {pd product} {ergonomic}

Logging:
Log output configuration:
 #0: stdout all=warning uptime,level,tags
 #1: stderr all=off uptime,level,tags

Environment Variables:
JAVA_HOME=C:\Program Files\Java\jre1.8.0_301
PATH=C:\Program Files\Common Files\Oracle\Java\javapath;C:\app\Fran\product\18.0.0\dbhomeXE\bin;E:\app\client\Fran\product\12.2.0\client_1;E:\app\client\Fran\product\12.2.0\client_1\bin;C:\Program Files (x86)\Common Files\Oracle\Java\javapath;C:\Windows\system32;C:\Windows;C:\Windows\System32\Wbem;C:\Windows\System32\WindowsPowerShell\v1.0\;C:\Windows\System32\OpenSSH\;"c:\windows\system32;c:\windows\system32\wbem";C:\Program Files\Microsoft VS Code\bin;C:\Users\Usuario;C:\xampp\php;C:\Program Files\nodejs\;C:\Program Files\Git\cmd;C:\Program Files\Microsoft SQL Server\Client SDK\ODBC\170\Tools\Binn\;C:\Program Files (x86)\Microsoft SQL Server\150\Tools\Binn\;C:\Program Files\Microsoft SQL Server\150\Tools\Binn\;C:\Program Files\Microsoft SQL Server\150\DTS\Binn\;C:\Program Files (x86)\Microsoft SQL Server\150\DTS\Binn\;C:\Program Files\Azure Data Studio\bin;C:\Program Files\dotnet\;C:\Users\Usuario\AppData\Local\Programs\Python\Python39\Scripts\;C:\Users\Usuario\AppData\Local\Programs\Python\Python39\;C:\Users\Usuario\AppData\Local\Programs\Python\Python310\Scripts\;C:\Users\Usuario\AppData\Local\Programs\Python\Python310\;C:\Program Files\MySQL\MySQL Shell 8.0\bin\;C:\Users\Usuario\AppData\Local\Microsoft\WindowsApps;C:\Users\Usuario\AppData\Roaming\npm;C:\Users\Usuario\AppData\Local\GitHubDesktop\bin;C:\Program Files\Azure Data Studio\bin;C:\Users\Usuario\.dotnet\tools
USERNAME=Fran
OS=Windows_NT
PROCESSOR_IDENTIFIER=Intel64 Family 6 Model 42 Stepping 7, GenuineIntel



---------------  S Y S T E M  ---------------

OS: Windows 10 , 64 bit Build 19041 (10.0.19041.1706)
OS uptime: 7 days 0:53 hours
Hyper-V role detected

CPU:total 4 (initial active 4) (2 cores per cpu, 2 threads per core) family 6 model 42 stepping 7 microcode 0x2f, cmov, cx8, fxsr, mmx, sse, sse2, sse3, ssse3, sse4.1, sse4.2, popcnt, avx, clmul, ht, tsc, tscinvbit

Memory: 4k page, system-wide physical 8082M (433M free)
TotalPageFile size 16494M (AvailPageFile size 4070M)
current process WorkingSet (physical memory assigned to process): 431M, peak: 431M
current process commit charge ("private bytes"): 460M, peak: 460M

vm_info: OpenJDK 64-Bit Server VM (11.0.11+9-b60-7590822) for windows-amd64 JRE (11.0.11+9-b60-7590822), built on Jul 29 2021 21:43:44 by "builder" with MS VC++ 14.0 (VS2015)

END.
